<?xml version="1.0" encoding="UTF-8"?>
<testsuite name="com.naver.service.FileServiceTest" tests="1" skipped="0" failures="0" errors="0" timestamp="2024-03-29T11:01:50" hostname="LAPTOP-6393BRM7" time="10.64">
  <properties/>
  <testcase name="readWebtoonCsv()" classname="com.naver.service.FileServiceTest" time="10.64"/>
  <system-out><![CDATA[20:01:43.435 [Test worker] INFO org.springframework.test.context.support.AnnotationConfigContextLoaderUtils -- Could not detect default configuration classes for test class [com.naver.service.FileServiceTest]: FileServiceTest does not declare any static, non-private, non-final, nested classes annotated with @Configuration.
20:01:43.602 [Test worker] INFO org.springframework.boot.test.context.SpringBootTestContextBootstrapper -- Found @SpringBootConfiguration com.naver.WebtoonApplication for test class com.naver.service.FileServiceTest

  .   ____          _            __ _ _
 /\\ / ___'_ __ _ _(_)_ __  __ _ \ \ \ \
( ( )\___ | '_ | '_| | '_ \/ _` | \ \ \ \
 \\/  ___)| |_)| | | | | || (_| |  ) ) ) )
  '  |____| .__|_| |_|_| |_\__, | / / / /
 =========|_|==============|___/=/_/_/_/
 :: Spring Boot ::                (v3.2.4)

2024-03-29T20:01:44.303+09:00  INFO 26924 --- [    Test worker] com.naver.service.FileServiceTest        : Starting FileServiceTest using Java 17.0.6 with PID 26924 (started by 김현재 in C:\ssafy_coding\webtoon)
2024-03-29T20:01:44.305+09:00  INFO 26924 --- [    Test worker] com.naver.service.FileServiceTest        : No active profile set, falling back to 1 default profile: "default"
2024-03-29T20:01:45.299+09:00  INFO 26924 --- [    Test worker] .s.d.r.c.RepositoryConfigurationDelegate : Bootstrapping Spring Data JPA repositories in DEFAULT mode.
2024-03-29T20:01:45.409+09:00  INFO 26924 --- [    Test worker] .s.d.r.c.RepositoryConfigurationDelegate : Finished Spring Data repository scanning in 96 ms. Found 5 JPA repository interfaces.
2024-03-29T20:01:46.145+09:00  INFO 26924 --- [    Test worker] o.hibernate.jpa.internal.util.LogHelper  : HHH000204: Processing PersistenceUnitInfo [name: default]
2024-03-29T20:01:46.232+09:00  INFO 26924 --- [    Test worker] org.hibernate.Version                    : HHH000412: Hibernate ORM core version 6.4.4.Final
2024-03-29T20:01:46.288+09:00  INFO 26924 --- [    Test worker] o.h.c.internal.RegionFactoryInitiator    : HHH000026: Second-level cache disabled
2024-03-29T20:01:46.660+09:00  INFO 26924 --- [    Test worker] o.s.o.j.p.SpringPersistenceUnitInfo      : No LoadTimeWeaver setup: ignoring JPA class transformer
2024-03-29T20:01:46.718+09:00  INFO 26924 --- [    Test worker] com.zaxxer.hikari.HikariDataSource       : HikariPool-1 - Starting...
2024-03-29T20:01:47.087+09:00  INFO 26924 --- [    Test worker] com.zaxxer.hikari.pool.HikariPool        : HikariPool-1 - Added connection com.mysql.cj.jdbc.ConnectionImpl@1c0e4262
2024-03-29T20:01:47.089+09:00  INFO 26924 --- [    Test worker] com.zaxxer.hikari.HikariDataSource       : HikariPool-1 - Start completed.
2024-03-29T20:01:47.151+09:00  WARN 26924 --- [    Test worker] org.hibernate.orm.deprecation            : HHH90000025: MySQLDialect does not need to be specified explicitly using 'hibernate.dialect' (remove the property setting and it will be selected by default)
2024-03-29T20:01:48.319+09:00  INFO 26924 --- [    Test worker] o.h.m.i.EntityInstantiatorPojoStandard   : HHH000182: No default (no-argument) constructor for class: com.naver.entity.HashTag (class must be instantiated by Interceptor)
2024-03-29T20:01:48.572+09:00  INFO 26924 --- [    Test worker] o.h.e.t.j.p.i.JtaPlatformInitiator       : HHH000489: No JTA platform available (set 'hibernate.transaction.jta.platform' to enable JTA platform integration)
2024-03-29T20:01:48.757+09:00  INFO 26924 --- [    Test worker] j.LocalContainerEntityManagerFactoryBean : Initialized JPA EntityManagerFactory for persistence unit 'default'
2024-03-29T20:01:49.243+09:00  INFO 26924 --- [    Test worker] o.s.d.j.r.query.QueryEnhancerFactory     : Hibernate is in classpath; If applicable, HQL parser will be used.
2024-03-29T20:01:49.958+09:00  WARN 26924 --- [    Test worker] JpaBaseConfiguration$JpaWebConfiguration : spring.jpa.open-in-view is enabled by default. Therefore, database queries may be performed during view rendering. Explicitly configure spring.jpa.open-in-view to disable this warning
2024-03-29T20:01:50.511+09:00  INFO 26924 --- [    Test worker] com.naver.service.FileServiceTest        : Started FileServiceTest in 6.617 seconds (process running for 8.267)
day
2024-03-29T20:01:51.318+09:00 DEBUG 26924 --- [    Test worker] org.hibernate.SQL                        : select pd1_0.publishing_day_id,pd1_0.created_at,pd1_0.day,pd1_0.updated_at from publishing_day pd1_0 where pd1_0.day=?
Hibernate: select pd1_0.publishing_day_id,pd1_0.created_at,pd1_0.day,pd1_0.updated_at from publishing_day pd1_0 where pd1_0.day=?
null
2024-03-29T20:01:51.355+09:00 DEBUG 26924 --- [    Test worker] org.hibernate.SQL                        : insert into webtoon (created_at,description,no_youth,publication_status,thumbnail,title,updated_at) values (?,?,?,?,?,?,?)
Hibernate: insert into webtoon (created_at,description,no_youth,publication_status,thumbnail,title,updated_at) values (?,?,?,?,?,?,?)
2024-03-29T20:01:51.394+09:00 DEBUG 26924 --- [    Test worker] org.hibernate.SQL                        : insert into webtoon_publishing_day (created_at,publishing_day_id,updated_at,webtoon_id) values (?,?,?,?)
Hibernate: insert into webtoon_publishing_day (created_at,publishing_day_id,updated_at,webtoon_id) values (?,?,?,?)
FRIDAY
2024-03-29T20:01:51.405+09:00 DEBUG 26924 --- [    Test worker] org.hibernate.SQL                        : select pd1_0.publishing_day_id,pd1_0.created_at,pd1_0.day,pd1_0.updated_at from publishing_day pd1_0 where pd1_0.day=?
Hibernate: select pd1_0.publishing_day_id,pd1_0.created_at,pd1_0.day,pd1_0.updated_at from publishing_day pd1_0 where pd1_0.day=?
PublishingDay{publishingDayId=5, createdAt=2024-03-29T19:55:41.069514, updatedAt=2024-03-29T19:55:41.069514, day='FRIDAY'}
2024-03-29T20:01:51.420+09:00 DEBUG 26924 --- [    Test worker] org.hibernate.SQL                        : insert into webtoon (created_at,description,no_youth,publication_status,thumbnail,title,updated_at) values (?,?,?,?,?,?,?)
Hibernate: insert into webtoon (created_at,description,no_youth,publication_status,thumbnail,title,updated_at) values (?,?,?,?,?,?,?)
2024-03-29T20:01:51.432+09:00 DEBUG 26924 --- [    Test worker] org.hibernate.SQL                        : insert into webtoon_publishing_day (created_at,publishing_day_id,updated_at,webtoon_id) values (?,?,?,?)
Hibernate: insert into webtoon_publishing_day (created_at,publishing_day_id,updated_at,webtoon_id) values (?,?,?,?)
FRIDAY
2024-03-29T20:01:51.443+09:00 DEBUG 26924 --- [    Test worker] org.hibernate.SQL                        : select pd1_0.publishing_day_id,pd1_0.created_at,pd1_0.day,pd1_0.updated_at from publishing_day pd1_0 where pd1_0.day=?
Hibernate: select pd1_0.publishing_day_id,pd1_0.created_at,pd1_0.day,pd1_0.updated_at from publishing_day pd1_0 where pd1_0.day=?
PublishingDay{publishingDayId=5, createdAt=2024-03-29T19:55:41.069514, updatedAt=2024-03-29T19:55:41.069514, day='FRIDAY'}
2024-03-29T20:01:51.450+09:00 DEBUG 26924 --- [    Test worker] org.hibernate.SQL                        : insert into webtoon (created_at,description,no_youth,publication_status,thumbnail,title,updated_at) values (?,?,?,?,?,?,?)
Hibernate: insert into webtoon (created_at,description,no_youth,publication_status,thumbnail,title,updated_at) values (?,?,?,?,?,?,?)
2024-03-29T20:01:51.459+09:00 DEBUG 26924 --- [    Test worker] org.hibernate.SQL                        : insert into webtoon_publishing_day (created_at,publishing_day_id,updated_at,webtoon_id) values (?,?,?,?)
Hibernate: insert into webtoon_publishing_day (created_at,publishing_day_id,updated_at,webtoon_id) values (?,?,?,?)
FRIDAY
2024-03-29T20:01:51.472+09:00 DEBUG 26924 --- [    Test worker] org.hibernate.SQL                        : select pd1_0.publishing_day_id,pd1_0.created_at,pd1_0.day,pd1_0.updated_at from publishing_day pd1_0 where pd1_0.day=?
Hibernate: select pd1_0.publishing_day_id,pd1_0.created_at,pd1_0.day,pd1_0.updated_at from publishing_day pd1_0 where pd1_0.day=?
PublishingDay{publishingDayId=5, createdAt=2024-03-29T19:55:41.069514, updatedAt=2024-03-29T19:55:41.069514, day='FRIDAY'}
2024-03-29T20:01:51.479+09:00 DEBUG 26924 --- [    Test worker] org.hibernate.SQL                        : insert into webtoon (created_at,description,no_youth,publication_status,thumbnail,title,updated_at) values (?,?,?,?,?,?,?)
Hibernate: insert into webtoon (created_at,description,no_youth,publication_status,thumbnail,title,updated_at) values (?,?,?,?,?,?,?)
2024-03-29T20:01:51.490+09:00 DEBUG 26924 --- [    Test worker] org.hibernate.SQL                        : insert into webtoon_publishing_day (created_at,publishing_day_id,updated_at,webtoon_id) values (?,?,?,?)
Hibernate: insert into webtoon_publishing_day (created_at,publishing_day_id,updated_at,webtoon_id) values (?,?,?,?)
FRIDAY
2024-03-29T20:01:51.499+09:00 DEBUG 26924 --- [    Test worker] org.hibernate.SQL                        : select pd1_0.publishing_day_id,pd1_0.created_at,pd1_0.day,pd1_0.updated_at from publishing_day pd1_0 where pd1_0.day=?
Hibernate: select pd1_0.publishing_day_id,pd1_0.created_at,pd1_0.day,pd1_0.updated_at from publishing_day pd1_0 where pd1_0.day=?
PublishingDay{publishingDayId=5, createdAt=2024-03-29T19:55:41.069514, updatedAt=2024-03-29T19:55:41.069514, day='FRIDAY'}
2024-03-29T20:01:51.505+09:00 DEBUG 26924 --- [    Test worker] org.hibernate.SQL                        : insert into webtoon (created_at,description,no_youth,publication_status,thumbnail,title,updated_at) values (?,?,?,?,?,?,?)
Hibernate: insert into webtoon (created_at,description,no_youth,publication_status,thumbnail,title,updated_at) values (?,?,?,?,?,?,?)
2024-03-29T20:01:51.516+09:00 DEBUG 26924 --- [    Test worker] org.hibernate.SQL                        : insert into webtoon_publishing_day (created_at,publishing_day_id,updated_at,webtoon_id) values (?,?,?,?)
Hibernate: insert into webtoon_publishing_day (created_at,publishing_day_id,updated_at,webtoon_id) values (?,?,?,?)
FRIDAY
2024-03-29T20:01:51.525+09:00 DEBUG 26924 --- [    Test worker] org.hibernate.SQL                        : select pd1_0.publishing_day_id,pd1_0.created_at,pd1_0.day,pd1_0.updated_at from publishing_day pd1_0 where pd1_0.day=?
Hibernate: select pd1_0.publishing_day_id,pd1_0.created_at,pd1_0.day,pd1_0.updated_at from publishing_day pd1_0 where pd1_0.day=?
PublishingDay{publishingDayId=5, createdAt=2024-03-29T19:55:41.069514, updatedAt=2024-03-29T19:55:41.069514, day='FRIDAY'}
2024-03-29T20:01:51.530+09:00 DEBUG 26924 --- [    Test worker] org.hibernate.SQL                        : insert into webtoon (created_at,description,no_youth,publication_status,thumbnail,title,updated_at) values (?,?,?,?,?,?,?)
Hibernate: insert into webtoon (created_at,description,no_youth,publication_status,thumbnail,title,updated_at) values (?,?,?,?,?,?,?)
2024-03-29T20:01:51.539+09:00 DEBUG 26924 --- [    Test worker] org.hibernate.SQL                        : insert into webtoon_publishing_day (created_at,publishing_day_id,updated_at,webtoon_id) values (?,?,?,?)
Hibernate: insert into webtoon_publishing_day (created_at,publishing_day_id,updated_at,webtoon_id) values (?,?,?,?)
FRIDAY
2024-03-29T20:01:51.547+09:00 DEBUG 26924 --- [    Test worker] org.hibernate.SQL                        : select pd1_0.publishing_day_id,pd1_0.created_at,pd1_0.day,pd1_0.updated_at from publishing_day pd1_0 where pd1_0.day=?
Hibernate: select pd1_0.publishing_day_id,pd1_0.created_at,pd1_0.day,pd1_0.updated_at from publishing_day pd1_0 where pd1_0.day=?
PublishingDay{publishingDayId=5, createdAt=2024-03-29T19:55:41.069514, updatedAt=2024-03-29T19:55:41.069514, day='FRIDAY'}
2024-03-29T20:01:51.551+09:00 DEBUG 26924 --- [    Test worker] org.hibernate.SQL                        : insert into webtoon (created_at,description,no_youth,publication_status,thumbnail,title,updated_at) values (?,?,?,?,?,?,?)
Hibernate: insert into webtoon (created_at,description,no_youth,publication_status,thumbnail,title,updated_at) values (?,?,?,?,?,?,?)
2024-03-29T20:01:51.559+09:00 DEBUG 26924 --- [    Test worker] org.hibernate.SQL                        : insert into webtoon_publishing_day (created_at,publishing_day_id,updated_at,webtoon_id) values (?,?,?,?)
Hibernate: insert into webtoon_publishing_day (created_at,publishing_day_id,updated_at,webtoon_id) values (?,?,?,?)
FRIDAY
2024-03-29T20:01:51.565+09:00 DEBUG 26924 --- [    Test worker] org.hibernate.SQL                        : select pd1_0.publishing_day_id,pd1_0.created_at,pd1_0.day,pd1_0.updated_at from publishing_day pd1_0 where pd1_0.day=?
Hibernate: select pd1_0.publishing_day_id,pd1_0.created_at,pd1_0.day,pd1_0.updated_at from publishing_day pd1_0 where pd1_0.day=?
PublishingDay{publishingDayId=5, createdAt=2024-03-29T19:55:41.069514, updatedAt=2024-03-29T19:55:41.069514, day='FRIDAY'}
2024-03-29T20:01:51.568+09:00 DEBUG 26924 --- [    Test worker] org.hibernate.SQL                        : insert into webtoon (created_at,description,no_youth,publication_status,thumbnail,title,updated_at) values (?,?,?,?,?,?,?)
Hibernate: insert into webtoon (created_at,description,no_youth,publication_status,thumbnail,title,updated_at) values (?,?,?,?,?,?,?)
2024-03-29T20:01:51.575+09:00 DEBUG 26924 --- [    Test worker] org.hibernate.SQL                        : insert into webtoon_publishing_day (created_at,publishing_day_id,updated_at,webtoon_id) values (?,?,?,?)
Hibernate: insert into webtoon_publishing_day (created_at,publishing_day_id,updated_at,webtoon_id) values (?,?,?,?)
FALSE
2024-03-29T20:01:51.581+09:00 DEBUG 26924 --- [    Test worker] org.hibernate.SQL                        : select pd1_0.publishing_day_id,pd1_0.created_at,pd1_0.day,pd1_0.updated_at from publishing_day pd1_0 where pd1_0.day=?
Hibernate: select pd1_0.publishing_day_id,pd1_0.created_at,pd1_0.day,pd1_0.updated_at from publishing_day pd1_0 where pd1_0.day=?
null
2024-03-29T20:01:51.585+09:00 DEBUG 26924 --- [    Test worker] org.hibernate.SQL                        : insert into webtoon (created_at,description,no_youth,publication_status,thumbnail,title,updated_at) values (?,?,?,?,?,?,?)
Hibernate: insert into webtoon (created_at,description,no_youth,publication_status,thumbnail,title,updated_at) values (?,?,?,?,?,?,?)
2024-03-29T20:01:51.591+09:00 DEBUG 26924 --- [    Test worker] org.hibernate.SQL                        : insert into webtoon_publishing_day (created_at,publishing_day_id,updated_at,webtoon_id) values (?,?,?,?)
Hibernate: insert into webtoon_publishing_day (created_at,publishing_day_id,updated_at,webtoon_id) values (?,?,?,?)
FRIDAY
2024-03-29T20:01:51.597+09:00 DEBUG 26924 --- [    Test worker] org.hibernate.SQL                        : select pd1_0.publishing_day_id,pd1_0.created_at,pd1_0.day,pd1_0.updated_at from publishing_day pd1_0 where pd1_0.day=?
Hibernate: select pd1_0.publishing_day_id,pd1_0.created_at,pd1_0.day,pd1_0.updated_at from publishing_day pd1_0 where pd1_0.day=?
PublishingDay{publishingDayId=5, createdAt=2024-03-29T19:55:41.069514, updatedAt=2024-03-29T19:55:41.069514, day='FRIDAY'}
2024-03-29T20:01:51.600+09:00 DEBUG 26924 --- [    Test worker] org.hibernate.SQL                        : insert into webtoon (created_at,description,no_youth,publication_status,thumbnail,title,updated_at) values (?,?,?,?,?,?,?)
Hibernate: insert into webtoon (created_at,description,no_youth,publication_status,thumbnail,title,updated_at) values (?,?,?,?,?,?,?)
2024-03-29T20:01:51.607+09:00 DEBUG 26924 --- [    Test worker] org.hibernate.SQL                        : insert into webtoon_publishing_day (created_at,publishing_day_id,updated_at,webtoon_id) values (?,?,?,?)
Hibernate: insert into webtoon_publishing_day (created_at,publishing_day_id,updated_at,webtoon_id) values (?,?,?,?)
FRIDAY
2024-03-29T20:01:51.613+09:00 DEBUG 26924 --- [    Test worker] org.hibernate.SQL                        : select pd1_0.publishing_day_id,pd1_0.created_at,pd1_0.day,pd1_0.updated_at from publishing_day pd1_0 where pd1_0.day=?
Hibernate: select pd1_0.publishing_day_id,pd1_0.created_at,pd1_0.day,pd1_0.updated_at from publishing_day pd1_0 where pd1_0.day=?
PublishingDay{publishingDayId=5, createdAt=2024-03-29T19:55:41.069514, updatedAt=2024-03-29T19:55:41.069514, day='FRIDAY'}
2024-03-29T20:01:51.617+09:00 DEBUG 26924 --- [    Test worker] org.hibernate.SQL                        : insert into webtoon (created_at,description,no_youth,publication_status,thumbnail,title,updated_at) values (?,?,?,?,?,?,?)
Hibernate: insert into webtoon (created_at,description,no_youth,publication_status,thumbnail,title,updated_at) values (?,?,?,?,?,?,?)
2024-03-29T20:01:51.624+09:00 DEBUG 26924 --- [    Test worker] org.hibernate.SQL                        : insert into webtoon_publishing_day (created_at,publishing_day_id,updated_at,webtoon_id) values (?,?,?,?)
Hibernate: insert into webtoon_publishing_day (created_at,publishing_day_id,updated_at,webtoon_id) values (?,?,?,?)
FRIDAY
2024-03-29T20:01:51.631+09:00 DEBUG 26924 --- [    Test worker] org.hibernate.SQL                        : select pd1_0.publishing_day_id,pd1_0.created_at,pd1_0.day,pd1_0.updated_at from publishing_day pd1_0 where pd1_0.day=?
Hibernate: select pd1_0.publishing_day_id,pd1_0.created_at,pd1_0.day,pd1_0.updated_at from publishing_day pd1_0 where pd1_0.day=?
PublishingDay{publishingDayId=5, createdAt=2024-03-29T19:55:41.069514, updatedAt=2024-03-29T19:55:41.069514, day='FRIDAY'}
2024-03-29T20:01:51.636+09:00 DEBUG 26924 --- [    Test worker] org.hibernate.SQL                        : insert into webtoon (created_at,description,no_youth,publication_status,thumbnail,title,updated_at) values (?,?,?,?,?,?,?)
Hibernate: insert into webtoon (created_at,description,no_youth,publication_status,thumbnail,title,updated_at) values (?,?,?,?,?,?,?)
2024-03-29T20:01:51.646+09:00 DEBUG 26924 --- [    Test worker] org.hibernate.SQL                        : insert into webtoon_publishing_day (created_at,publishing_day_id,updated_at,webtoon_id) values (?,?,?,?)
Hibernate: insert into webtoon_publishing_day (created_at,publishing_day_id,updated_at,webtoon_id) values (?,?,?,?)
FRIDAY
2024-03-29T20:01:51.654+09:00 DEBUG 26924 --- [    Test worker] org.hibernate.SQL                        : select pd1_0.publishing_day_id,pd1_0.created_at,pd1_0.day,pd1_0.updated_at from publishing_day pd1_0 where pd1_0.day=?
Hibernate: select pd1_0.publishing_day_id,pd1_0.created_at,pd1_0.day,pd1_0.updated_at from publishing_day pd1_0 where pd1_0.day=?
PublishingDay{publishingDayId=5, createdAt=2024-03-29T19:55:41.069514, updatedAt=2024-03-29T19:55:41.069514, day='FRIDAY'}
2024-03-29T20:01:51.658+09:00 DEBUG 26924 --- [    Test worker] org.hibernate.SQL                        : insert into webtoon (created_at,description,no_youth,publication_status,thumbnail,title,updated_at) values (?,?,?,?,?,?,?)
Hibernate: insert into webtoon (created_at,description,no_youth,publication_status,thumbnail,title,updated_at) values (?,?,?,?,?,?,?)
2024-03-29T20:01:51.669+09:00 DEBUG 26924 --- [    Test worker] org.hibernate.SQL                        : insert into webtoon_publishing_day (created_at,publishing_day_id,updated_at,webtoon_id) values (?,?,?,?)
Hibernate: insert into webtoon_publishing_day (created_at,publishing_day_id,updated_at,webtoon_id) values (?,?,?,?)
FRIDAY
2024-03-29T20:01:51.678+09:00 DEBUG 26924 --- [    Test worker] org.hibernate.SQL                        : select pd1_0.publishing_day_id,pd1_0.created_at,pd1_0.day,pd1_0.updated_at from publishing_day pd1_0 where pd1_0.day=?
Hibernate: select pd1_0.publishing_day_id,pd1_0.created_at,pd1_0.day,pd1_0.updated_at from publishing_day pd1_0 where pd1_0.day=?
PublishingDay{publishingDayId=5, createdAt=2024-03-29T19:55:41.069514, updatedAt=2024-03-29T19:55:41.069514, day='FRIDAY'}
2024-03-29T20:01:51.682+09:00 DEBUG 26924 --- [    Test worker] org.hibernate.SQL                        : insert into webtoon (created_at,description,no_youth,publication_status,thumbnail,title,updated_at) values (?,?,?,?,?,?,?)
Hibernate: insert into webtoon (created_at,description,no_youth,publication_status,thumbnail,title,updated_at) values (?,?,?,?,?,?,?)
2024-03-29T20:01:51.691+09:00 DEBUG 26924 --- [    Test worker] org.hibernate.SQL                        : insert into webtoon_publishing_day (created_at,publishing_day_id,updated_at,webtoon_id) values (?,?,?,?)
Hibernate: insert into webtoon_publishing_day (created_at,publishing_day_id,updated_at,webtoon_id) values (?,?,?,?)
FRIDAY
2024-03-29T20:01:51.700+09:00 DEBUG 26924 --- [    Test worker] org.hibernate.SQL                        : select pd1_0.publishing_day_id,pd1_0.created_at,pd1_0.day,pd1_0.updated_at from publishing_day pd1_0 where pd1_0.day=?
Hibernate: select pd1_0.publishing_day_id,pd1_0.created_at,pd1_0.day,pd1_0.updated_at from publishing_day pd1_0 where pd1_0.day=?
PublishingDay{publishingDayId=5, createdAt=2024-03-29T19:55:41.069514, updatedAt=2024-03-29T19:55:41.069514, day='FRIDAY'}
2024-03-29T20:01:51.704+09:00 DEBUG 26924 --- [    Test worker] org.hibernate.SQL                        : insert into webtoon (created_at,description,no_youth,publication_status,thumbnail,title,updated_at) values (?,?,?,?,?,?,?)
Hibernate: insert into webtoon (created_at,description,no_youth,publication_status,thumbnail,title,updated_at) values (?,?,?,?,?,?,?)
2024-03-29T20:01:51.715+09:00 DEBUG 26924 --- [    Test worker] org.hibernate.SQL                        : insert into webtoon_publishing_day (created_at,publishing_day_id,updated_at,webtoon_id) values (?,?,?,?)
Hibernate: insert into webtoon_publishing_day (created_at,publishing_day_id,updated_at,webtoon_id) values (?,?,?,?)
FRIDAY
2024-03-29T20:01:51.721+09:00 DEBUG 26924 --- [    Test worker] org.hibernate.SQL                        : select pd1_0.publishing_day_id,pd1_0.created_at,pd1_0.day,pd1_0.updated_at from publishing_day pd1_0 where pd1_0.day=?
Hibernate: select pd1_0.publishing_day_id,pd1_0.created_at,pd1_0.day,pd1_0.updated_at from publishing_day pd1_0 where pd1_0.day=?
PublishingDay{publishingDayId=5, createdAt=2024-03-29T19:55:41.069514, updatedAt=2024-03-29T19:55:41.069514, day='FRIDAY'}
2024-03-29T20:01:51.726+09:00 DEBUG 26924 --- [    Test worker] org.hibernate.SQL                        : insert into webtoon (created_at,description,no_youth,publication_status,thumbnail,title,updated_at) values (?,?,?,?,?,?,?)
Hibernate: insert into webtoon (created_at,description,no_youth,publication_status,thumbnail,title,updated_at) values (?,?,?,?,?,?,?)
2024-03-29T20:01:51.735+09:00 DEBUG 26924 --- [    Test worker] org.hibernate.SQL                        : insert into webtoon_publishing_day (created_at,publishing_day_id,updated_at,webtoon_id) values (?,?,?,?)
Hibernate: insert into webtoon_publishing_day (created_at,publishing_day_id,updated_at,webtoon_id) values (?,?,?,?)
FRIDAY
2024-03-29T20:01:51.742+09:00 DEBUG 26924 --- [    Test worker] org.hibernate.SQL                        : select pd1_0.publishing_day_id,pd1_0.created_at,pd1_0.day,pd1_0.updated_at from publishing_day pd1_0 where pd1_0.day=?
Hibernate: select pd1_0.publishing_day_id,pd1_0.created_at,pd1_0.day,pd1_0.updated_at from publishing_day pd1_0 where pd1_0.day=?
PublishingDay{publishingDayId=5, createdAt=2024-03-29T19:55:41.069514, updatedAt=2024-03-29T19:55:41.069514, day='FRIDAY'}
2024-03-29T20:01:51.748+09:00 DEBUG 26924 --- [    Test worker] org.hibernate.SQL                        : insert into webtoon (created_at,description,no_youth,publication_status,thumbnail,title,updated_at) values (?,?,?,?,?,?,?)
Hibernate: insert into webtoon (created_at,description,no_youth,publication_status,thumbnail,title,updated_at) values (?,?,?,?,?,?,?)
2024-03-29T20:01:51.755+09:00 DEBUG 26924 --- [    Test worker] org.hibernate.SQL                        : insert into webtoon_publishing_day (created_at,publishing_day_id,updated_at,webtoon_id) values (?,?,?,?)
Hibernate: insert into webtoon_publishing_day (created_at,publishing_day_id,updated_at,webtoon_id) values (?,?,?,?)
FRIDAY
2024-03-29T20:01:51.763+09:00 DEBUG 26924 --- [    Test worker] org.hibernate.SQL                        : select pd1_0.publishing_day_id,pd1_0.created_at,pd1_0.day,pd1_0.updated_at from publishing_day pd1_0 where pd1_0.day=?
Hibernate: select pd1_0.publishing_day_id,pd1_0.created_at,pd1_0.day,pd1_0.updated_at from publishing_day pd1_0 where pd1_0.day=?
PublishingDay{publishingDayId=5, createdAt=2024-03-29T19:55:41.069514, updatedAt=2024-03-29T19:55:41.069514, day='FRIDAY'}
2024-03-29T20:01:51.766+09:00 DEBUG 26924 --- [    Test worker] org.hibernate.SQL                        : insert into webtoon (created_at,description,no_youth,publication_status,thumbnail,title,updated_at) values (?,?,?,?,?,?,?)
Hibernate: insert into webtoon (created_at,description,no_youth,publication_status,thumbnail,title,updated_at) values (?,?,?,?,?,?,?)
2024-03-29T20:01:51.774+09:00 DEBUG 26924 --- [    Test worker] org.hibernate.SQL                        : insert into webtoon_publishing_day (created_at,publishing_day_id,updated_at,webtoon_id) values (?,?,?,?)
Hibernate: insert into webtoon_publishing_day (created_at,publishing_day_id,updated_at,webtoon_id) values (?,?,?,?)
FRIDAY
2024-03-29T20:01:51.781+09:00 DEBUG 26924 --- [    Test worker] org.hibernate.SQL                        : select pd1_0.publishing_day_id,pd1_0.created_at,pd1_0.day,pd1_0.updated_at from publishing_day pd1_0 where pd1_0.day=?
Hibernate: select pd1_0.publishing_day_id,pd1_0.created_at,pd1_0.day,pd1_0.updated_at from publishing_day pd1_0 where pd1_0.day=?
PublishingDay{publishingDayId=5, createdAt=2024-03-29T19:55:41.069514, updatedAt=2024-03-29T19:55:41.069514, day='FRIDAY'}
2024-03-29T20:01:51.785+09:00 DEBUG 26924 --- [    Test worker] org.hibernate.SQL                        : insert into webtoon (created_at,description,no_youth,publication_status,thumbnail,title,updated_at) values (?,?,?,?,?,?,?)
Hibernate: insert into webtoon (created_at,description,no_youth,publication_status,thumbnail,title,updated_at) values (?,?,?,?,?,?,?)
2024-03-29T20:01:51.794+09:00 DEBUG 26924 --- [    Test worker] org.hibernate.SQL                        : insert into webtoon_publishing_day (created_at,publishing_day_id,updated_at,webtoon_id) values (?,?,?,?)
Hibernate: insert into webtoon_publishing_day (created_at,publishing_day_id,updated_at,webtoon_id) values (?,?,?,?)
FRIDAY
2024-03-29T20:01:51.801+09:00 DEBUG 26924 --- [    Test worker] org.hibernate.SQL                        : select pd1_0.publishing_day_id,pd1_0.created_at,pd1_0.day,pd1_0.updated_at from publishing_day pd1_0 where pd1_0.day=?
Hibernate: select pd1_0.publishing_day_id,pd1_0.created_at,pd1_0.day,pd1_0.updated_at from publishing_day pd1_0 where pd1_0.day=?
PublishingDay{publishingDayId=5, createdAt=2024-03-29T19:55:41.069514, updatedAt=2024-03-29T19:55:41.069514, day='FRIDAY'}
2024-03-29T20:01:51.806+09:00 DEBUG 26924 --- [    Test worker] org.hibernate.SQL                        : insert into webtoon (created_at,description,no_youth,publication_status,thumbnail,title,updated_at) values (?,?,?,?,?,?,?)
Hibernate: insert into webtoon (created_at,description,no_youth,publication_status,thumbnail,title,updated_at) values (?,?,?,?,?,?,?)
2024-03-29T20:01:51.813+09:00 DEBUG 26924 --- [    Test worker] org.hibernate.SQL                        : insert into webtoon_publishing_day (created_at,publishing_day_id,updated_at,webtoon_id) values (?,?,?,?)
Hibernate: insert into webtoon_publishing_day (created_at,publishing_day_id,updated_at,webtoon_id) values (?,?,?,?)
FRIDAY
2024-03-29T20:01:51.820+09:00 DEBUG 26924 --- [    Test worker] org.hibernate.SQL                        : select pd1_0.publishing_day_id,pd1_0.created_at,pd1_0.day,pd1_0.updated_at from publishing_day pd1_0 where pd1_0.day=?
Hibernate: select pd1_0.publishing_day_id,pd1_0.created_at,pd1_0.day,pd1_0.updated_at from publishing_day pd1_0 where pd1_0.day=?
PublishingDay{publishingDayId=5, createdAt=2024-03-29T19:55:41.069514, updatedAt=2024-03-29T19:55:41.069514, day='FRIDAY'}
2024-03-29T20:01:51.823+09:00 DEBUG 26924 --- [    Test worker] org.hibernate.SQL                        : insert into webtoon (created_at,description,no_youth,publication_status,thumbnail,title,updated_at) values (?,?,?,?,?,?,?)
Hibernate: insert into webtoon (created_at,description,no_youth,publication_status,thumbnail,title,updated_at) values (?,?,?,?,?,?,?)
2024-03-29T20:01:51.830+09:00 DEBUG 26924 --- [    Test worker] org.hibernate.SQL                        : insert into webtoon_publishing_day (created_at,publishing_day_id,updated_at,webtoon_id) values (?,?,?,?)
Hibernate: insert into webtoon_publishing_day (created_at,publishing_day_id,updated_at,webtoon_id) values (?,?,?,?)
FRIDAY
2024-03-29T20:01:51.839+09:00 DEBUG 26924 --- [    Test worker] org.hibernate.SQL                        : select pd1_0.publishing_day_id,pd1_0.created_at,pd1_0.day,pd1_0.updated_at from publishing_day pd1_0 where pd1_0.day=?
Hibernate: select pd1_0.publishing_day_id,pd1_0.created_at,pd1_0.day,pd1_0.updated_at from publishing_day pd1_0 where pd1_0.day=?
PublishingDay{publishingDayId=5, createdAt=2024-03-29T19:55:41.069514, updatedAt=2024-03-29T19:55:41.069514, day='FRIDAY'}
2024-03-29T20:01:51.842+09:00 DEBUG 26924 --- [    Test worker] org.hibernate.SQL                        : insert into webtoon (created_at,description,no_youth,publication_status,thumbnail,title,updated_at) values (?,?,?,?,?,?,?)
Hibernate: insert into webtoon (created_at,description,no_youth,publication_status,thumbnail,title,updated_at) values (?,?,?,?,?,?,?)
2024-03-29T20:01:51.852+09:00 DEBUG 26924 --- [    Test worker] org.hibernate.SQL                        : insert into webtoon_publishing_day (created_at,publishing_day_id,updated_at,webtoon_id) values (?,?,?,?)
Hibernate: insert into webtoon_publishing_day (created_at,publishing_day_id,updated_at,webtoon_id) values (?,?,?,?)
FRIDAY
2024-03-29T20:01:51.859+09:00 DEBUG 26924 --- [    Test worker] org.hibernate.SQL                        : select pd1_0.publishing_day_id,pd1_0.created_at,pd1_0.day,pd1_0.updated_at from publishing_day pd1_0 where pd1_0.day=?
Hibernate: select pd1_0.publishing_day_id,pd1_0.created_at,pd1_0.day,pd1_0.updated_at from publishing_day pd1_0 where pd1_0.day=?
PublishingDay{publishingDayId=5, createdAt=2024-03-29T19:55:41.069514, updatedAt=2024-03-29T19:55:41.069514, day='FRIDAY'}
2024-03-29T20:01:51.865+09:00 DEBUG 26924 --- [    Test worker] org.hibernate.SQL                        : insert into webtoon (created_at,description,no_youth,publication_status,thumbnail,title,updated_at) values (?,?,?,?,?,?,?)
Hibernate: insert into webtoon (created_at,description,no_youth,publication_status,thumbnail,title,updated_at) values (?,?,?,?,?,?,?)
2024-03-29T20:01:51.873+09:00 DEBUG 26924 --- [    Test worker] org.hibernate.SQL                        : insert into webtoon_publishing_day (created_at,publishing_day_id,updated_at,webtoon_id) values (?,?,?,?)
Hibernate: insert into webtoon_publishing_day (created_at,publishing_day_id,updated_at,webtoon_id) values (?,?,?,?)
FRIDAY
2024-03-29T20:01:51.880+09:00 DEBUG 26924 --- [    Test worker] org.hibernate.SQL                        : select pd1_0.publishing_day_id,pd1_0.created_at,pd1_0.day,pd1_0.updated_at from publishing_day pd1_0 where pd1_0.day=?
Hibernate: select pd1_0.publishing_day_id,pd1_0.created_at,pd1_0.day,pd1_0.updated_at from publishing_day pd1_0 where pd1_0.day=?
PublishingDay{publishingDayId=5, createdAt=2024-03-29T19:55:41.069514, updatedAt=2024-03-29T19:55:41.069514, day='FRIDAY'}
2024-03-29T20:01:51.884+09:00 DEBUG 26924 --- [    Test worker] org.hibernate.SQL                        : insert into webtoon (created_at,description,no_youth,publication_status,thumbnail,title,updated_at) values (?,?,?,?,?,?,?)
Hibernate: insert into webtoon (created_at,description,no_youth,publication_status,thumbnail,title,updated_at) values (?,?,?,?,?,?,?)
2024-03-29T20:01:51.894+09:00 DEBUG 26924 --- [    Test worker] org.hibernate.SQL                        : insert into webtoon_publishing_day (created_at,publishing_day_id,updated_at,webtoon_id) values (?,?,?,?)
Hibernate: insert into webtoon_publishing_day (created_at,publishing_day_id,updated_at,webtoon_id) values (?,?,?,?)
FRIDAY
2024-03-29T20:01:51.903+09:00 DEBUG 26924 --- [    Test worker] org.hibernate.SQL                        : select pd1_0.publishing_day_id,pd1_0.created_at,pd1_0.day,pd1_0.updated_at from publishing_day pd1_0 where pd1_0.day=?
Hibernate: select pd1_0.publishing_day_id,pd1_0.created_at,pd1_0.day,pd1_0.updated_at from publishing_day pd1_0 where pd1_0.day=?
PublishingDay{publishingDayId=5, createdAt=2024-03-29T19:55:41.069514, updatedAt=2024-03-29T19:55:41.069514, day='FRIDAY'}
2024-03-29T20:01:51.907+09:00 DEBUG 26924 --- [    Test worker] org.hibernate.SQL                        : insert into webtoon (created_at,description,no_youth,publication_status,thumbnail,title,updated_at) values (?,?,?,?,?,?,?)
Hibernate: insert into webtoon (created_at,description,no_youth,publication_status,thumbnail,title,updated_at) values (?,?,?,?,?,?,?)
2024-03-29T20:01:51.915+09:00 DEBUG 26924 --- [    Test worker] org.hibernate.SQL                        : insert into webtoon_publishing_day (created_at,publishing_day_id,updated_at,webtoon_id) values (?,?,?,?)
Hibernate: insert into webtoon_publishing_day (created_at,publishing_day_id,updated_at,webtoon_id) values (?,?,?,?)
FRIDAY
2024-03-29T20:01:51.923+09:00 DEBUG 26924 --- [    Test worker] org.hibernate.SQL                        : select pd1_0.publishing_day_id,pd1_0.created_at,pd1_0.day,pd1_0.updated_at from publishing_day pd1_0 where pd1_0.day=?
Hibernate: select pd1_0.publishing_day_id,pd1_0.created_at,pd1_0.day,pd1_0.updated_at from publishing_day pd1_0 where pd1_0.day=?
PublishingDay{publishingDayId=5, createdAt=2024-03-29T19:55:41.069514, updatedAt=2024-03-29T19:55:41.069514, day='FRIDAY'}
2024-03-29T20:01:51.928+09:00 DEBUG 26924 --- [    Test worker] org.hibernate.SQL                        : insert into webtoon (created_at,description,no_youth,publication_status,thumbnail,title,updated_at) values (?,?,?,?,?,?,?)
Hibernate: insert into webtoon (created_at,description,no_youth,publication_status,thumbnail,title,updated_at) values (?,?,?,?,?,?,?)
2024-03-29T20:01:51.938+09:00 DEBUG 26924 --- [    Test worker] org.hibernate.SQL                        : insert into webtoon_publishing_day (created_at,publishing_day_id,updated_at,webtoon_id) values (?,?,?,?)
Hibernate: insert into webtoon_publishing_day (created_at,publishing_day_id,updated_at,webtoon_id) values (?,?,?,?)
FRIDAY
2024-03-29T20:01:51.946+09:00 DEBUG 26924 --- [    Test worker] org.hibernate.SQL                        : select pd1_0.publishing_day_id,pd1_0.created_at,pd1_0.day,pd1_0.updated_at from publishing_day pd1_0 where pd1_0.day=?
Hibernate: select pd1_0.publishing_day_id,pd1_0.created_at,pd1_0.day,pd1_0.updated_at from publishing_day pd1_0 where pd1_0.day=?
PublishingDay{publishingDayId=5, createdAt=2024-03-29T19:55:41.069514, updatedAt=2024-03-29T19:55:41.069514, day='FRIDAY'}
2024-03-29T20:01:51.950+09:00 DEBUG 26924 --- [    Test worker] org.hibernate.SQL                        : insert into webtoon (created_at,description,no_youth,publication_status,thumbnail,title,updated_at) values (?,?,?,?,?,?,?)
Hibernate: insert into webtoon (created_at,description,no_youth,publication_status,thumbnail,title,updated_at) values (?,?,?,?,?,?,?)
2024-03-29T20:01:51.957+09:00 DEBUG 26924 --- [    Test worker] org.hibernate.SQL                        : insert into webtoon_publishing_day (created_at,publishing_day_id,updated_at,webtoon_id) values (?,?,?,?)
Hibernate: insert into webtoon_publishing_day (created_at,publishing_day_id,updated_at,webtoon_id) values (?,?,?,?)
FRIDAY
2024-03-29T20:01:51.962+09:00 DEBUG 26924 --- [    Test worker] org.hibernate.SQL                        : select pd1_0.publishing_day_id,pd1_0.created_at,pd1_0.day,pd1_0.updated_at from publishing_day pd1_0 where pd1_0.day=?
Hibernate: select pd1_0.publishing_day_id,pd1_0.created_at,pd1_0.day,pd1_0.updated_at from publishing_day pd1_0 where pd1_0.day=?
PublishingDay{publishingDayId=5, createdAt=2024-03-29T19:55:41.069514, updatedAt=2024-03-29T19:55:41.069514, day='FRIDAY'}
2024-03-29T20:01:51.965+09:00 DEBUG 26924 --- [    Test worker] org.hibernate.SQL                        : insert into webtoon (created_at,description,no_youth,publication_status,thumbnail,title,updated_at) values (?,?,?,?,?,?,?)
Hibernate: insert into webtoon (created_at,description,no_youth,publication_status,thumbnail,title,updated_at) values (?,?,?,?,?,?,?)
2024-03-29T20:01:51.970+09:00 DEBUG 26924 --- [    Test worker] org.hibernate.SQL                        : insert into webtoon_publishing_day (created_at,publishing_day_id,updated_at,webtoon_id) values (?,?,?,?)
Hibernate: insert into webtoon_publishing_day (created_at,publishing_day_id,updated_at,webtoon_id) values (?,?,?,?)
FRIDAY
2024-03-29T20:01:51.976+09:00 DEBUG 26924 --- [    Test worker] org.hibernate.SQL                        : select pd1_0.publishing_day_id,pd1_0.created_at,pd1_0.day,pd1_0.updated_at from publishing_day pd1_0 where pd1_0.day=?
Hibernate: select pd1_0.publishing_day_id,pd1_0.created_at,pd1_0.day,pd1_0.updated_at from publishing_day pd1_0 where pd1_0.day=?
PublishingDay{publishingDayId=5, createdAt=2024-03-29T19:55:41.069514, updatedAt=2024-03-29T19:55:41.069514, day='FRIDAY'}
2024-03-29T20:01:51.978+09:00 DEBUG 26924 --- [    Test worker] org.hibernate.SQL                        : insert into webtoon (created_at,description,no_youth,publication_status,thumbnail,title,updated_at) values (?,?,?,?,?,?,?)
Hibernate: insert into webtoon (created_at,description,no_youth,publication_status,thumbnail,title,updated_at) values (?,?,?,?,?,?,?)
2024-03-29T20:01:51.984+09:00 DEBUG 26924 --- [    Test worker] org.hibernate.SQL                        : insert into webtoon_publishing_day (created_at,publishing_day_id,updated_at,webtoon_id) values (?,?,?,?)
Hibernate: insert into webtoon_publishing_day (created_at,publishing_day_id,updated_at,webtoon_id) values (?,?,?,?)
FRIDAY
2024-03-29T20:01:51.990+09:00 DEBUG 26924 --- [    Test worker] org.hibernate.SQL                        : select pd1_0.publishing_day_id,pd1_0.created_at,pd1_0.day,pd1_0.updated_at from publishing_day pd1_0 where pd1_0.day=?
Hibernate: select pd1_0.publishing_day_id,pd1_0.created_at,pd1_0.day,pd1_0.updated_at from publishing_day pd1_0 where pd1_0.day=?
PublishingDay{publishingDayId=5, createdAt=2024-03-29T19:55:41.069514, updatedAt=2024-03-29T19:55:41.069514, day='FRIDAY'}
2024-03-29T20:01:51.993+09:00 DEBUG 26924 --- [    Test worker] org.hibernate.SQL                        : insert into webtoon (created_at,description,no_youth,publication_status,thumbnail,title,updated_at) values (?,?,?,?,?,?,?)
Hibernate: insert into webtoon (created_at,description,no_youth,publication_status,thumbnail,title,updated_at) values (?,?,?,?,?,?,?)
2024-03-29T20:01:51.998+09:00 DEBUG 26924 --- [    Test worker] org.hibernate.SQL                        : insert into webtoon_publishing_day (created_at,publishing_day_id,updated_at,webtoon_id) values (?,?,?,?)
Hibernate: insert into webtoon_publishing_day (created_at,publishing_day_id,updated_at,webtoon_id) values (?,?,?,?)
FRIDAY
2024-03-29T20:01:52.004+09:00 DEBUG 26924 --- [    Test worker] org.hibernate.SQL                        : select pd1_0.publishing_day_id,pd1_0.created_at,pd1_0.day,pd1_0.updated_at from publishing_day pd1_0 where pd1_0.day=?
Hibernate: select pd1_0.publishing_day_id,pd1_0.created_at,pd1_0.day,pd1_0.updated_at from publishing_day pd1_0 where pd1_0.day=?
PublishingDay{publishingDayId=5, createdAt=2024-03-29T19:55:41.069514, updatedAt=2024-03-29T19:55:41.069514, day='FRIDAY'}
2024-03-29T20:01:52.007+09:00 DEBUG 26924 --- [    Test worker] org.hibernate.SQL                        : insert into webtoon (created_at,description,no_youth,publication_status,thumbnail,title,updated_at) values (?,?,?,?,?,?,?)
Hibernate: insert into webtoon (created_at,description,no_youth,publication_status,thumbnail,title,updated_at) values (?,?,?,?,?,?,?)
2024-03-29T20:01:52.014+09:00 DEBUG 26924 --- [    Test worker] org.hibernate.SQL                        : insert into webtoon_publishing_day (created_at,publishing_day_id,updated_at,webtoon_id) values (?,?,?,?)
Hibernate: insert into webtoon_publishing_day (created_at,publishing_day_id,updated_at,webtoon_id) values (?,?,?,?)
FRIDAY
2024-03-29T20:01:52.021+09:00 DEBUG 26924 --- [    Test worker] org.hibernate.SQL                        : select pd1_0.publishing_day_id,pd1_0.created_at,pd1_0.day,pd1_0.updated_at from publishing_day pd1_0 where pd1_0.day=?
Hibernate: select pd1_0.publishing_day_id,pd1_0.created_at,pd1_0.day,pd1_0.updated_at from publishing_day pd1_0 where pd1_0.day=?
PublishingDay{publishingDayId=5, createdAt=2024-03-29T19:55:41.069514, updatedAt=2024-03-29T19:55:41.069514, day='FRIDAY'}
2024-03-29T20:01:52.023+09:00 DEBUG 26924 --- [    Test worker] org.hibernate.SQL                        : insert into webtoon (created_at,description,no_youth,publication_status,thumbnail,title,updated_at) values (?,?,?,?,?,?,?)
Hibernate: insert into webtoon (created_at,description,no_youth,publication_status,thumbnail,title,updated_at) values (?,?,?,?,?,?,?)
2024-03-29T20:01:52.030+09:00 DEBUG 26924 --- [    Test worker] org.hibernate.SQL                        : insert into webtoon_publishing_day (created_at,publishing_day_id,updated_at,webtoon_id) values (?,?,?,?)
Hibernate: insert into webtoon_publishing_day (created_at,publishing_day_id,updated_at,webtoon_id) values (?,?,?,?)
FRIDAY
2024-03-29T20:01:52.037+09:00 DEBUG 26924 --- [    Test worker] org.hibernate.SQL                        : select pd1_0.publishing_day_id,pd1_0.created_at,pd1_0.day,pd1_0.updated_at from publishing_day pd1_0 where pd1_0.day=?
Hibernate: select pd1_0.publishing_day_id,pd1_0.created_at,pd1_0.day,pd1_0.updated_at from publishing_day pd1_0 where pd1_0.day=?
PublishingDay{publishingDayId=5, createdAt=2024-03-29T19:55:41.069514, updatedAt=2024-03-29T19:55:41.069514, day='FRIDAY'}
2024-03-29T20:01:52.041+09:00 DEBUG 26924 --- [    Test worker] org.hibernate.SQL                        : insert into webtoon (created_at,description,no_youth,publication_status,thumbnail,title,updated_at) values (?,?,?,?,?,?,?)
Hibernate: insert into webtoon (created_at,description,no_youth,publication_status,thumbnail,title,updated_at) values (?,?,?,?,?,?,?)
2024-03-29T20:01:52.049+09:00 DEBUG 26924 --- [    Test worker] org.hibernate.SQL                        : insert into webtoon_publishing_day (created_at,publishing_day_id,updated_at,webtoon_id) values (?,?,?,?)
Hibernate: insert into webtoon_publishing_day (created_at,publishing_day_id,updated_at,webtoon_id) values (?,?,?,?)
FRIDAY
2024-03-29T20:01:52.057+09:00 DEBUG 26924 --- [    Test worker] org.hibernate.SQL                        : select pd1_0.publishing_day_id,pd1_0.created_at,pd1_0.day,pd1_0.updated_at from publishing_day pd1_0 where pd1_0.day=?
Hibernate: select pd1_0.publishing_day_id,pd1_0.created_at,pd1_0.day,pd1_0.updated_at from publishing_day pd1_0 where pd1_0.day=?
PublishingDay{publishingDayId=5, createdAt=2024-03-29T19:55:41.069514, updatedAt=2024-03-29T19:55:41.069514, day='FRIDAY'}
2024-03-29T20:01:52.062+09:00 DEBUG 26924 --- [    Test worker] org.hibernate.SQL                        : insert into webtoon (created_at,description,no_youth,publication_status,thumbnail,title,updated_at) values (?,?,?,?,?,?,?)
Hibernate: insert into webtoon (created_at,description,no_youth,publication_status,thumbnail,title,updated_at) values (?,?,?,?,?,?,?)
2024-03-29T20:01:52.070+09:00 DEBUG 26924 --- [    Test worker] org.hibernate.SQL                        : insert into webtoon_publishing_day (created_at,publishing_day_id,updated_at,webtoon_id) values (?,?,?,?)
Hibernate: insert into webtoon_publishing_day (created_at,publishing_day_id,updated_at,webtoon_id) values (?,?,?,?)
FRIDAY
2024-03-29T20:01:52.079+09:00 DEBUG 26924 --- [    Test worker] org.hibernate.SQL                        : select pd1_0.publishing_day_id,pd1_0.created_at,pd1_0.day,pd1_0.updated_at from publishing_day pd1_0 where pd1_0.day=?
Hibernate: select pd1_0.publishing_day_id,pd1_0.created_at,pd1_0.day,pd1_0.updated_at from publishing_day pd1_0 where pd1_0.day=?
PublishingDay{publishingDayId=5, createdAt=2024-03-29T19:55:41.069514, updatedAt=2024-03-29T19:55:41.069514, day='FRIDAY'}
2024-03-29T20:01:52.083+09:00 DEBUG 26924 --- [    Test worker] org.hibernate.SQL                        : insert into webtoon (created_at,description,no_youth,publication_status,thumbnail,title,updated_at) values (?,?,?,?,?,?,?)
Hibernate: insert into webtoon (created_at,description,no_youth,publication_status,thumbnail,title,updated_at) values (?,?,?,?,?,?,?)
2024-03-29T20:01:52.090+09:00 DEBUG 26924 --- [    Test worker] org.hibernate.SQL                        : insert into webtoon_publishing_day (created_at,publishing_day_id,updated_at,webtoon_id) values (?,?,?,?)
Hibernate: insert into webtoon_publishing_day (created_at,publishing_day_id,updated_at,webtoon_id) values (?,?,?,?)
FRIDAY
2024-03-29T20:01:52.100+09:00 DEBUG 26924 --- [    Test worker] org.hibernate.SQL                        : select pd1_0.publishing_day_id,pd1_0.created_at,pd1_0.day,pd1_0.updated_at from publishing_day pd1_0 where pd1_0.day=?
Hibernate: select pd1_0.publishing_day_id,pd1_0.created_at,pd1_0.day,pd1_0.updated_at from publishing_day pd1_0 where pd1_0.day=?
PublishingDay{publishingDayId=5, createdAt=2024-03-29T19:55:41.069514, updatedAt=2024-03-29T19:55:41.069514, day='FRIDAY'}
2024-03-29T20:01:52.104+09:00 DEBUG 26924 --- [    Test worker] org.hibernate.SQL                        : insert into webtoon (created_at,description,no_youth,publication_status,thumbnail,title,updated_at) values (?,?,?,?,?,?,?)
Hibernate: insert into webtoon (created_at,description,no_youth,publication_status,thumbnail,title,updated_at) values (?,?,?,?,?,?,?)
2024-03-29T20:01:52.114+09:00 DEBUG 26924 --- [    Test worker] org.hibernate.SQL                        : insert into webtoon_publishing_day (created_at,publishing_day_id,updated_at,webtoon_id) values (?,?,?,?)
Hibernate: insert into webtoon_publishing_day (created_at,publishing_day_id,updated_at,webtoon_id) values (?,?,?,?)
FRIDAY
2024-03-29T20:01:52.123+09:00 DEBUG 26924 --- [    Test worker] org.hibernate.SQL                        : select pd1_0.publishing_day_id,pd1_0.created_at,pd1_0.day,pd1_0.updated_at from publishing_day pd1_0 where pd1_0.day=?
Hibernate: select pd1_0.publishing_day_id,pd1_0.created_at,pd1_0.day,pd1_0.updated_at from publishing_day pd1_0 where pd1_0.day=?
PublishingDay{publishingDayId=5, createdAt=2024-03-29T19:55:41.069514, updatedAt=2024-03-29T19:55:41.069514, day='FRIDAY'}
2024-03-29T20:01:52.127+09:00 DEBUG 26924 --- [    Test worker] org.hibernate.SQL                        : insert into webtoon (created_at,description,no_youth,publication_status,thumbnail,title,updated_at) values (?,?,?,?,?,?,?)
Hibernate: insert into webtoon (created_at,description,no_youth,publication_status,thumbnail,title,updated_at) values (?,?,?,?,?,?,?)
2024-03-29T20:01:52.136+09:00 DEBUG 26924 --- [    Test worker] org.hibernate.SQL                        : insert into webtoon_publishing_day (created_at,publishing_day_id,updated_at,webtoon_id) values (?,?,?,?)
Hibernate: insert into webtoon_publishing_day (created_at,publishing_day_id,updated_at,webtoon_id) values (?,?,?,?)
FRIDAY
2024-03-29T20:01:52.144+09:00 DEBUG 26924 --- [    Test worker] org.hibernate.SQL                        : select pd1_0.publishing_day_id,pd1_0.created_at,pd1_0.day,pd1_0.updated_at from publishing_day pd1_0 where pd1_0.day=?
Hibernate: select pd1_0.publishing_day_id,pd1_0.created_at,pd1_0.day,pd1_0.updated_at from publishing_day pd1_0 where pd1_0.day=?
PublishingDay{publishingDayId=5, createdAt=2024-03-29T19:55:41.069514, updatedAt=2024-03-29T19:55:41.069514, day='FRIDAY'}
2024-03-29T20:01:52.148+09:00 DEBUG 26924 --- [    Test worker] org.hibernate.SQL                        : insert into webtoon (created_at,description,no_youth,publication_status,thumbnail,title,updated_at) values (?,?,?,?,?,?,?)
Hibernate: insert into webtoon (created_at,description,no_youth,publication_status,thumbnail,title,updated_at) values (?,?,?,?,?,?,?)
2024-03-29T20:01:52.155+09:00 DEBUG 26924 --- [    Test worker] org.hibernate.SQL                        : insert into webtoon_publishing_day (created_at,publishing_day_id,updated_at,webtoon_id) values (?,?,?,?)
Hibernate: insert into webtoon_publishing_day (created_at,publishing_day_id,updated_at,webtoon_id) values (?,?,?,?)
FRIDAY
2024-03-29T20:01:52.162+09:00 DEBUG 26924 --- [    Test worker] org.hibernate.SQL                        : select pd1_0.publishing_day_id,pd1_0.created_at,pd1_0.day,pd1_0.updated_at from publishing_day pd1_0 where pd1_0.day=?
Hibernate: select pd1_0.publishing_day_id,pd1_0.created_at,pd1_0.day,pd1_0.updated_at from publishing_day pd1_0 where pd1_0.day=?
PublishingDay{publishingDayId=5, createdAt=2024-03-29T19:55:41.069514, updatedAt=2024-03-29T19:55:41.069514, day='FRIDAY'}
2024-03-29T20:01:52.165+09:00 DEBUG 26924 --- [    Test worker] org.hibernate.SQL                        : insert into webtoon (created_at,description,no_youth,publication_status,thumbnail,title,updated_at) values (?,?,?,?,?,?,?)
Hibernate: insert into webtoon (created_at,description,no_youth,publication_status,thumbnail,title,updated_at) values (?,?,?,?,?,?,?)
2024-03-29T20:01:52.171+09:00 DEBUG 26924 --- [    Test worker] org.hibernate.SQL                        : insert into webtoon_publishing_day (created_at,publishing_day_id,updated_at,webtoon_id) values (?,?,?,?)
Hibernate: insert into webtoon_publishing_day (created_at,publishing_day_id,updated_at,webtoon_id) values (?,?,?,?)
FRIDAY
2024-03-29T20:01:52.178+09:00 DEBUG 26924 --- [    Test worker] org.hibernate.SQL                        : select pd1_0.publishing_day_id,pd1_0.created_at,pd1_0.day,pd1_0.updated_at from publishing_day pd1_0 where pd1_0.day=?
Hibernate: select pd1_0.publishing_day_id,pd1_0.created_at,pd1_0.day,pd1_0.updated_at from publishing_day pd1_0 where pd1_0.day=?
PublishingDay{publishingDayId=5, createdAt=2024-03-29T19:55:41.069514, updatedAt=2024-03-29T19:55:41.069514, day='FRIDAY'}
2024-03-29T20:01:52.181+09:00 DEBUG 26924 --- [    Test worker] org.hibernate.SQL                        : insert into webtoon (created_at,description,no_youth,publication_status,thumbnail,title,updated_at) values (?,?,?,?,?,?,?)
Hibernate: insert into webtoon (created_at,description,no_youth,publication_status,thumbnail,title,updated_at) values (?,?,?,?,?,?,?)
2024-03-29T20:01:52.189+09:00 DEBUG 26924 --- [    Test worker] org.hibernate.SQL                        : insert into webtoon_publishing_day (created_at,publishing_day_id,updated_at,webtoon_id) values (?,?,?,?)
Hibernate: insert into webtoon_publishing_day (created_at,publishing_day_id,updated_at,webtoon_id) values (?,?,?,?)
FRIDAY
2024-03-29T20:01:52.195+09:00 DEBUG 26924 --- [    Test worker] org.hibernate.SQL                        : select pd1_0.publishing_day_id,pd1_0.created_at,pd1_0.day,pd1_0.updated_at from publishing_day pd1_0 where pd1_0.day=?
Hibernate: select pd1_0.publishing_day_id,pd1_0.created_at,pd1_0.day,pd1_0.updated_at from publishing_day pd1_0 where pd1_0.day=?
PublishingDay{publishingDayId=5, createdAt=2024-03-29T19:55:41.069514, updatedAt=2024-03-29T19:55:41.069514, day='FRIDAY'}
2024-03-29T20:01:52.198+09:00 DEBUG 26924 --- [    Test worker] org.hibernate.SQL                        : insert into webtoon (created_at,description,no_youth,publication_status,thumbnail,title,updated_at) values (?,?,?,?,?,?,?)
Hibernate: insert into webtoon (created_at,description,no_youth,publication_status,thumbnail,title,updated_at) values (?,?,?,?,?,?,?)
2024-03-29T20:01:52.205+09:00 DEBUG 26924 --- [    Test worker] org.hibernate.SQL                        : insert into webtoon_publishing_day (created_at,publishing_day_id,updated_at,webtoon_id) values (?,?,?,?)
Hibernate: insert into webtoon_publishing_day (created_at,publishing_day_id,updated_at,webtoon_id) values (?,?,?,?)
FRIDAY
2024-03-29T20:01:52.213+09:00 DEBUG 26924 --- [    Test worker] org.hibernate.SQL                        : select pd1_0.publishing_day_id,pd1_0.created_at,pd1_0.day,pd1_0.updated_at from publishing_day pd1_0 where pd1_0.day=?
Hibernate: select pd1_0.publishing_day_id,pd1_0.created_at,pd1_0.day,pd1_0.updated_at from publishing_day pd1_0 where pd1_0.day=?
PublishingDay{publishingDayId=5, createdAt=2024-03-29T19:55:41.069514, updatedAt=2024-03-29T19:55:41.069514, day='FRIDAY'}
2024-03-29T20:01:52.217+09:00 DEBUG 26924 --- [    Test worker] org.hibernate.SQL                        : insert into webtoon (created_at,description,no_youth,publication_status,thumbnail,title,updated_at) values (?,?,?,?,?,?,?)
Hibernate: insert into webtoon (created_at,description,no_youth,publication_status,thumbnail,title,updated_at) values (?,?,?,?,?,?,?)
2024-03-29T20:01:52.224+09:00 DEBUG 26924 --- [    Test worker] org.hibernate.SQL                        : insert into webtoon_publishing_day (created_at,publishing_day_id,updated_at,webtoon_id) values (?,?,?,?)
Hibernate: insert into webtoon_publishing_day (created_at,publishing_day_id,updated_at,webtoon_id) values (?,?,?,?)
FRIDAY
2024-03-29T20:01:52.231+09:00 DEBUG 26924 --- [    Test worker] org.hibernate.SQL                        : select pd1_0.publishing_day_id,pd1_0.created_at,pd1_0.day,pd1_0.updated_at from publishing_day pd1_0 where pd1_0.day=?
Hibernate: select pd1_0.publishing_day_id,pd1_0.created_at,pd1_0.day,pd1_0.updated_at from publishing_day pd1_0 where pd1_0.day=?
PublishingDay{publishingDayId=5, createdAt=2024-03-29T19:55:41.069514, updatedAt=2024-03-29T19:55:41.069514, day='FRIDAY'}
2024-03-29T20:01:52.234+09:00 DEBUG 26924 --- [    Test worker] org.hibernate.SQL                        : insert into webtoon (created_at,description,no_youth,publication_status,thumbnail,title,updated_at) values (?,?,?,?,?,?,?)
Hibernate: insert into webtoon (created_at,description,no_youth,publication_status,thumbnail,title,updated_at) values (?,?,?,?,?,?,?)
2024-03-29T20:01:52.241+09:00 DEBUG 26924 --- [    Test worker] org.hibernate.SQL                        : insert into webtoon_publishing_day (created_at,publishing_day_id,updated_at,webtoon_id) values (?,?,?,?)
Hibernate: insert into webtoon_publishing_day (created_at,publishing_day_id,updated_at,webtoon_id) values (?,?,?,?)
FRIDAY
2024-03-29T20:01:52.248+09:00 DEBUG 26924 --- [    Test worker] org.hibernate.SQL                        : select pd1_0.publishing_day_id,pd1_0.created_at,pd1_0.day,pd1_0.updated_at from publishing_day pd1_0 where pd1_0.day=?
Hibernate: select pd1_0.publishing_day_id,pd1_0.created_at,pd1_0.day,pd1_0.updated_at from publishing_day pd1_0 where pd1_0.day=?
PublishingDay{publishingDayId=5, createdAt=2024-03-29T19:55:41.069514, updatedAt=2024-03-29T19:55:41.069514, day='FRIDAY'}
2024-03-29T20:01:52.252+09:00 DEBUG 26924 --- [    Test worker] org.hibernate.SQL                        : insert into webtoon (created_at,description,no_youth,publication_status,thumbnail,title,updated_at) values (?,?,?,?,?,?,?)
Hibernate: insert into webtoon (created_at,description,no_youth,publication_status,thumbnail,title,updated_at) values (?,?,?,?,?,?,?)
2024-03-29T20:01:52.262+09:00 DEBUG 26924 --- [    Test worker] org.hibernate.SQL                        : insert into webtoon_publishing_day (created_at,publishing_day_id,updated_at,webtoon_id) values (?,?,?,?)
Hibernate: insert into webtoon_publishing_day (created_at,publishing_day_id,updated_at,webtoon_id) values (?,?,?,?)
FRIDAY
2024-03-29T20:01:52.272+09:00 DEBUG 26924 --- [    Test worker] org.hibernate.SQL                        : select pd1_0.publishing_day_id,pd1_0.created_at,pd1_0.day,pd1_0.updated_at from publishing_day pd1_0 where pd1_0.day=?
Hibernate: select pd1_0.publishing_day_id,pd1_0.created_at,pd1_0.day,pd1_0.updated_at from publishing_day pd1_0 where pd1_0.day=?
PublishingDay{publishingDayId=5, createdAt=2024-03-29T19:55:41.069514, updatedAt=2024-03-29T19:55:41.069514, day='FRIDAY'}
2024-03-29T20:01:52.275+09:00 DEBUG 26924 --- [    Test worker] org.hibernate.SQL                        : insert into webtoon (created_at,description,no_youth,publication_status,thumbnail,title,updated_at) values (?,?,?,?,?,?,?)
Hibernate: insert into webtoon (created_at,description,no_youth,publication_status,thumbnail,title,updated_at) values (?,?,?,?,?,?,?)
2024-03-29T20:01:52.285+09:00 DEBUG 26924 --- [    Test worker] org.hibernate.SQL                        : insert into webtoon_publishing_day (created_at,publishing_day_id,updated_at,webtoon_id) values (?,?,?,?)
Hibernate: insert into webtoon_publishing_day (created_at,publishing_day_id,updated_at,webtoon_id) values (?,?,?,?)
FRIDAY
2024-03-29T20:01:52.294+09:00 DEBUG 26924 --- [    Test worker] org.hibernate.SQL                        : select pd1_0.publishing_day_id,pd1_0.created_at,pd1_0.day,pd1_0.updated_at from publishing_day pd1_0 where pd1_0.day=?
Hibernate: select pd1_0.publishing_day_id,pd1_0.created_at,pd1_0.day,pd1_0.updated_at from publishing_day pd1_0 where pd1_0.day=?
PublishingDay{publishingDayId=5, createdAt=2024-03-29T19:55:41.069514, updatedAt=2024-03-29T19:55:41.069514, day='FRIDAY'}
2024-03-29T20:01:52.298+09:00 DEBUG 26924 --- [    Test worker] org.hibernate.SQL                        : insert into webtoon (created_at,description,no_youth,publication_status,thumbnail,title,updated_at) values (?,?,?,?,?,?,?)
Hibernate: insert into webtoon (created_at,description,no_youth,publication_status,thumbnail,title,updated_at) values (?,?,?,?,?,?,?)
2024-03-29T20:01:52.306+09:00 DEBUG 26924 --- [    Test worker] org.hibernate.SQL                        : insert into webtoon_publishing_day (created_at,publishing_day_id,updated_at,webtoon_id) values (?,?,?,?)
Hibernate: insert into webtoon_publishing_day (created_at,publishing_day_id,updated_at,webtoon_id) values (?,?,?,?)
FRIDAY
2024-03-29T20:01:52.315+09:00 DEBUG 26924 --- [    Test worker] org.hibernate.SQL                        : select pd1_0.publishing_day_id,pd1_0.created_at,pd1_0.day,pd1_0.updated_at from publishing_day pd1_0 where pd1_0.day=?
Hibernate: select pd1_0.publishing_day_id,pd1_0.created_at,pd1_0.day,pd1_0.updated_at from publishing_day pd1_0 where pd1_0.day=?
PublishingDay{publishingDayId=5, createdAt=2024-03-29T19:55:41.069514, updatedAt=2024-03-29T19:55:41.069514, day='FRIDAY'}
2024-03-29T20:01:52.319+09:00 DEBUG 26924 --- [    Test worker] org.hibernate.SQL                        : insert into webtoon (created_at,description,no_youth,publication_status,thumbnail,title,updated_at) values (?,?,?,?,?,?,?)
Hibernate: insert into webtoon (created_at,description,no_youth,publication_status,thumbnail,title,updated_at) values (?,?,?,?,?,?,?)
2024-03-29T20:01:52.327+09:00 DEBUG 26924 --- [    Test worker] org.hibernate.SQL                        : insert into webtoon_publishing_day (created_at,publishing_day_id,updated_at,webtoon_id) values (?,?,?,?)
Hibernate: insert into webtoon_publishing_day (created_at,publishing_day_id,updated_at,webtoon_id) values (?,?,?,?)
FRIDAY
2024-03-29T20:01:52.335+09:00 DEBUG 26924 --- [    Test worker] org.hibernate.SQL                        : select pd1_0.publishing_day_id,pd1_0.created_at,pd1_0.day,pd1_0.updated_at from publishing_day pd1_0 where pd1_0.day=?
Hibernate: select pd1_0.publishing_day_id,pd1_0.created_at,pd1_0.day,pd1_0.updated_at from publishing_day pd1_0 where pd1_0.day=?
PublishingDay{publishingDayId=5, createdAt=2024-03-29T19:55:41.069514, updatedAt=2024-03-29T19:55:41.069514, day='FRIDAY'}
2024-03-29T20:01:52.339+09:00 DEBUG 26924 --- [    Test worker] org.hibernate.SQL                        : insert into webtoon (created_at,description,no_youth,publication_status,thumbnail,title,updated_at) values (?,?,?,?,?,?,?)
Hibernate: insert into webtoon (created_at,description,no_youth,publication_status,thumbnail,title,updated_at) values (?,?,?,?,?,?,?)
2024-03-29T20:01:52.347+09:00 DEBUG 26924 --- [    Test worker] org.hibernate.SQL                        : insert into webtoon_publishing_day (created_at,publishing_day_id,updated_at,webtoon_id) values (?,?,?,?)
Hibernate: insert into webtoon_publishing_day (created_at,publishing_day_id,updated_at,webtoon_id) values (?,?,?,?)
FRIDAY
2024-03-29T20:01:52.354+09:00 DEBUG 26924 --- [    Test worker] org.hibernate.SQL                        : select pd1_0.publishing_day_id,pd1_0.created_at,pd1_0.day,pd1_0.updated_at from publishing_day pd1_0 where pd1_0.day=?
Hibernate: select pd1_0.publishing_day_id,pd1_0.created_at,pd1_0.day,pd1_0.updated_at from publishing_day pd1_0 where pd1_0.day=?
PublishingDay{publishingDayId=5, createdAt=2024-03-29T19:55:41.069514, updatedAt=2024-03-29T19:55:41.069514, day='FRIDAY'}
2024-03-29T20:01:52.356+09:00 DEBUG 26924 --- [    Test worker] org.hibernate.SQL                        : insert into webtoon (created_at,description,no_youth,publication_status,thumbnail,title,updated_at) values (?,?,?,?,?,?,?)
Hibernate: insert into webtoon (created_at,description,no_youth,publication_status,thumbnail,title,updated_at) values (?,?,?,?,?,?,?)
2024-03-29T20:01:52.363+09:00 DEBUG 26924 --- [    Test worker] org.hibernate.SQL                        : insert into webtoon_publishing_day (created_at,publishing_day_id,updated_at,webtoon_id) values (?,?,?,?)
Hibernate: insert into webtoon_publishing_day (created_at,publishing_day_id,updated_at,webtoon_id) values (?,?,?,?)
FRIDAY
2024-03-29T20:01:52.369+09:00 DEBUG 26924 --- [    Test worker] org.hibernate.SQL                        : select pd1_0.publishing_day_id,pd1_0.created_at,pd1_0.day,pd1_0.updated_at from publishing_day pd1_0 where pd1_0.day=?
Hibernate: select pd1_0.publishing_day_id,pd1_0.created_at,pd1_0.day,pd1_0.updated_at from publishing_day pd1_0 where pd1_0.day=?
PublishingDay{publishingDayId=5, createdAt=2024-03-29T19:55:41.069514, updatedAt=2024-03-29T19:55:41.069514, day='FRIDAY'}
2024-03-29T20:01:52.371+09:00 DEBUG 26924 --- [    Test worker] org.hibernate.SQL                        : insert into webtoon (created_at,description,no_youth,publication_status,thumbnail,title,updated_at) values (?,?,?,?,?,?,?)
Hibernate: insert into webtoon (created_at,description,no_youth,publication_status,thumbnail,title,updated_at) values (?,?,?,?,?,?,?)
2024-03-29T20:01:52.378+09:00 DEBUG 26924 --- [    Test worker] org.hibernate.SQL                        : insert into webtoon_publishing_day (created_at,publishing_day_id,updated_at,webtoon_id) values (?,?,?,?)
Hibernate: insert into webtoon_publishing_day (created_at,publishing_day_id,updated_at,webtoon_id) values (?,?,?,?)
FRIDAY
2024-03-29T20:01:52.384+09:00 DEBUG 26924 --- [    Test worker] org.hibernate.SQL                        : select pd1_0.publishing_day_id,pd1_0.created_at,pd1_0.day,pd1_0.updated_at from publishing_day pd1_0 where pd1_0.day=?
Hibernate: select pd1_0.publishing_day_id,pd1_0.created_at,pd1_0.day,pd1_0.updated_at from publishing_day pd1_0 where pd1_0.day=?
PublishingDay{publishingDayId=5, createdAt=2024-03-29T19:55:41.069514, updatedAt=2024-03-29T19:55:41.069514, day='FRIDAY'}
2024-03-29T20:01:52.387+09:00 DEBUG 26924 --- [    Test worker] org.hibernate.SQL                        : insert into webtoon (created_at,description,no_youth,publication_status,thumbnail,title,updated_at) values (?,?,?,?,?,?,?)
Hibernate: insert into webtoon (created_at,description,no_youth,publication_status,thumbnail,title,updated_at) values (?,?,?,?,?,?,?)
2024-03-29T20:01:52.393+09:00 DEBUG 26924 --- [    Test worker] org.hibernate.SQL                        : insert into webtoon_publishing_day (created_at,publishing_day_id,updated_at,webtoon_id) values (?,?,?,?)
Hibernate: insert into webtoon_publishing_day (created_at,publishing_day_id,updated_at,webtoon_id) values (?,?,?,?)
FRIDAY
2024-03-29T20:01:52.400+09:00 DEBUG 26924 --- [    Test worker] org.hibernate.SQL                        : select pd1_0.publishing_day_id,pd1_0.created_at,pd1_0.day,pd1_0.updated_at from publishing_day pd1_0 where pd1_0.day=?
Hibernate: select pd1_0.publishing_day_id,pd1_0.created_at,pd1_0.day,pd1_0.updated_at from publishing_day pd1_0 where pd1_0.day=?
PublishingDay{publishingDayId=5, createdAt=2024-03-29T19:55:41.069514, updatedAt=2024-03-29T19:55:41.069514, day='FRIDAY'}
2024-03-29T20:01:52.403+09:00 DEBUG 26924 --- [    Test worker] org.hibernate.SQL                        : insert into webtoon (created_at,description,no_youth,publication_status,thumbnail,title,updated_at) values (?,?,?,?,?,?,?)
Hibernate: insert into webtoon (created_at,description,no_youth,publication_status,thumbnail,title,updated_at) values (?,?,?,?,?,?,?)
2024-03-29T20:01:52.411+09:00 DEBUG 26924 --- [    Test worker] org.hibernate.SQL                        : insert into webtoon_publishing_day (created_at,publishing_day_id,updated_at,webtoon_id) values (?,?,?,?)
Hibernate: insert into webtoon_publishing_day (created_at,publishing_day_id,updated_at,webtoon_id) values (?,?,?,?)
FRIDAY
2024-03-29T20:01:52.418+09:00 DEBUG 26924 --- [    Test worker] org.hibernate.SQL                        : select pd1_0.publishing_day_id,pd1_0.created_at,pd1_0.day,pd1_0.updated_at from publishing_day pd1_0 where pd1_0.day=?
Hibernate: select pd1_0.publishing_day_id,pd1_0.created_at,pd1_0.day,pd1_0.updated_at from publishing_day pd1_0 where pd1_0.day=?
PublishingDay{publishingDayId=5, createdAt=2024-03-29T19:55:41.069514, updatedAt=2024-03-29T19:55:41.069514, day='FRIDAY'}
2024-03-29T20:01:52.421+09:00 DEBUG 26924 --- [    Test worker] org.hibernate.SQL                        : insert into webtoon (created_at,description,no_youth,publication_status,thumbnail,title,updated_at) values (?,?,?,?,?,?,?)
Hibernate: insert into webtoon (created_at,description,no_youth,publication_status,thumbnail,title,updated_at) values (?,?,?,?,?,?,?)
2024-03-29T20:01:52.429+09:00 DEBUG 26924 --- [    Test worker] org.hibernate.SQL                        : insert into webtoon_publishing_day (created_at,publishing_day_id,updated_at,webtoon_id) values (?,?,?,?)
Hibernate: insert into webtoon_publishing_day (created_at,publishing_day_id,updated_at,webtoon_id) values (?,?,?,?)
FRIDAY
2024-03-29T20:01:52.437+09:00 DEBUG 26924 --- [    Test worker] org.hibernate.SQL                        : select pd1_0.publishing_day_id,pd1_0.created_at,pd1_0.day,pd1_0.updated_at from publishing_day pd1_0 where pd1_0.day=?
Hibernate: select pd1_0.publishing_day_id,pd1_0.created_at,pd1_0.day,pd1_0.updated_at from publishing_day pd1_0 where pd1_0.day=?
PublishingDay{publishingDayId=5, createdAt=2024-03-29T19:55:41.069514, updatedAt=2024-03-29T19:55:41.069514, day='FRIDAY'}
2024-03-29T20:01:52.441+09:00 DEBUG 26924 --- [    Test worker] org.hibernate.SQL                        : insert into webtoon (created_at,description,no_youth,publication_status,thumbnail,title,updated_at) values (?,?,?,?,?,?,?)
Hibernate: insert into webtoon (created_at,description,no_youth,publication_status,thumbnail,title,updated_at) values (?,?,?,?,?,?,?)
2024-03-29T20:01:52.450+09:00 DEBUG 26924 --- [    Test worker] org.hibernate.SQL                        : insert into webtoon_publishing_day (created_at,publishing_day_id,updated_at,webtoon_id) values (?,?,?,?)
Hibernate: insert into webtoon_publishing_day (created_at,publishing_day_id,updated_at,webtoon_id) values (?,?,?,?)
FRIDAY
2024-03-29T20:01:52.459+09:00 DEBUG 26924 --- [    Test worker] org.hibernate.SQL                        : select pd1_0.publishing_day_id,pd1_0.created_at,pd1_0.day,pd1_0.updated_at from publishing_day pd1_0 where pd1_0.day=?
Hibernate: select pd1_0.publishing_day_id,pd1_0.created_at,pd1_0.day,pd1_0.updated_at from publishing_day pd1_0 where pd1_0.day=?
PublishingDay{publishingDayId=5, createdAt=2024-03-29T19:55:41.069514, updatedAt=2024-03-29T19:55:41.069514, day='FRIDAY'}
2024-03-29T20:01:52.464+09:00 DEBUG 26924 --- [    Test worker] org.hibernate.SQL                        : insert into webtoon (created_at,description,no_youth,publication_status,thumbnail,title,updated_at) values (?,?,?,?,?,?,?)
Hibernate: insert into webtoon (created_at,description,no_youth,publication_status,thumbnail,title,updated_at) values (?,?,?,?,?,?,?)
2024-03-29T20:01:52.473+09:00 DEBUG 26924 --- [    Test worker] org.hibernate.SQL                        : insert into webtoon_publishing_day (created_at,publishing_day_id,updated_at,webtoon_id) values (?,?,?,?)
Hibernate: insert into webtoon_publishing_day (created_at,publishing_day_id,updated_at,webtoon_id) values (?,?,?,?)
FRIDAY
2024-03-29T20:01:52.483+09:00 DEBUG 26924 --- [    Test worker] org.hibernate.SQL                        : select pd1_0.publishing_day_id,pd1_0.created_at,pd1_0.day,pd1_0.updated_at from publishing_day pd1_0 where pd1_0.day=?
Hibernate: select pd1_0.publishing_day_id,pd1_0.created_at,pd1_0.day,pd1_0.updated_at from publishing_day pd1_0 where pd1_0.day=?
PublishingDay{publishingDayId=5, createdAt=2024-03-29T19:55:41.069514, updatedAt=2024-03-29T19:55:41.069514, day='FRIDAY'}
2024-03-29T20:01:52.487+09:00 DEBUG 26924 --- [    Test worker] org.hibernate.SQL                        : insert into webtoon (created_at,description,no_youth,publication_status,thumbnail,title,updated_at) values (?,?,?,?,?,?,?)
Hibernate: insert into webtoon (created_at,description,no_youth,publication_status,thumbnail,title,updated_at) values (?,?,?,?,?,?,?)
2024-03-29T20:01:52.497+09:00 DEBUG 26924 --- [    Test worker] org.hibernate.SQL                        : insert into webtoon_publishing_day (created_at,publishing_day_id,updated_at,webtoon_id) values (?,?,?,?)
Hibernate: insert into webtoon_publishing_day (created_at,publishing_day_id,updated_at,webtoon_id) values (?,?,?,?)
FRIDAY
2024-03-29T20:01:52.507+09:00 DEBUG 26924 --- [    Test worker] org.hibernate.SQL                        : select pd1_0.publishing_day_id,pd1_0.created_at,pd1_0.day,pd1_0.updated_at from publishing_day pd1_0 where pd1_0.day=?
Hibernate: select pd1_0.publishing_day_id,pd1_0.created_at,pd1_0.day,pd1_0.updated_at from publishing_day pd1_0 where pd1_0.day=?
PublishingDay{publishingDayId=5, createdAt=2024-03-29T19:55:41.069514, updatedAt=2024-03-29T19:55:41.069514, day='FRIDAY'}
2024-03-29T20:01:52.512+09:00 DEBUG 26924 --- [    Test worker] org.hibernate.SQL                        : insert into webtoon (created_at,description,no_youth,publication_status,thumbnail,title,updated_at) values (?,?,?,?,?,?,?)
Hibernate: insert into webtoon (created_at,description,no_youth,publication_status,thumbnail,title,updated_at) values (?,?,?,?,?,?,?)
2024-03-29T20:01:52.520+09:00 DEBUG 26924 --- [    Test worker] org.hibernate.SQL                        : insert into webtoon_publishing_day (created_at,publishing_day_id,updated_at,webtoon_id) values (?,?,?,?)
Hibernate: insert into webtoon_publishing_day (created_at,publishing_day_id,updated_at,webtoon_id) values (?,?,?,?)
FRIDAY
2024-03-29T20:01:52.530+09:00 DEBUG 26924 --- [    Test worker] org.hibernate.SQL                        : select pd1_0.publishing_day_id,pd1_0.created_at,pd1_0.day,pd1_0.updated_at from publishing_day pd1_0 where pd1_0.day=?
Hibernate: select pd1_0.publishing_day_id,pd1_0.created_at,pd1_0.day,pd1_0.updated_at from publishing_day pd1_0 where pd1_0.day=?
PublishingDay{publishingDayId=5, createdAt=2024-03-29T19:55:41.069514, updatedAt=2024-03-29T19:55:41.069514, day='FRIDAY'}
2024-03-29T20:01:52.534+09:00 DEBUG 26924 --- [    Test worker] org.hibernate.SQL                        : insert into webtoon (created_at,description,no_youth,publication_status,thumbnail,title,updated_at) values (?,?,?,?,?,?,?)
Hibernate: insert into webtoon (created_at,description,no_youth,publication_status,thumbnail,title,updated_at) values (?,?,?,?,?,?,?)
2024-03-29T20:01:52.542+09:00 DEBUG 26924 --- [    Test worker] org.hibernate.SQL                        : insert into webtoon_publishing_day (created_at,publishing_day_id,updated_at,webtoon_id) values (?,?,?,?)
Hibernate: insert into webtoon_publishing_day (created_at,publishing_day_id,updated_at,webtoon_id) values (?,?,?,?)
FRIDAY
2024-03-29T20:01:52.552+09:00 DEBUG 26924 --- [    Test worker] org.hibernate.SQL                        : select pd1_0.publishing_day_id,pd1_0.created_at,pd1_0.day,pd1_0.updated_at from publishing_day pd1_0 where pd1_0.day=?
Hibernate: select pd1_0.publishing_day_id,pd1_0.created_at,pd1_0.day,pd1_0.updated_at from publishing_day pd1_0 where pd1_0.day=?
PublishingDay{publishingDayId=5, createdAt=2024-03-29T19:55:41.069514, updatedAt=2024-03-29T19:55:41.069514, day='FRIDAY'}
2024-03-29T20:01:52.556+09:00 DEBUG 26924 --- [    Test worker] org.hibernate.SQL                        : insert into webtoon (created_at,description,no_youth,publication_status,thumbnail,title,updated_at) values (?,?,?,?,?,?,?)
Hibernate: insert into webtoon (created_at,description,no_youth,publication_status,thumbnail,title,updated_at) values (?,?,?,?,?,?,?)
2024-03-29T20:01:52.563+09:00 DEBUG 26924 --- [    Test worker] org.hibernate.SQL                        : insert into webtoon_publishing_day (created_at,publishing_day_id,updated_at,webtoon_id) values (?,?,?,?)
Hibernate: insert into webtoon_publishing_day (created_at,publishing_day_id,updated_at,webtoon_id) values (?,?,?,?)
FRIDAY
2024-03-29T20:01:52.570+09:00 DEBUG 26924 --- [    Test worker] org.hibernate.SQL                        : select pd1_0.publishing_day_id,pd1_0.created_at,pd1_0.day,pd1_0.updated_at from publishing_day pd1_0 where pd1_0.day=?
Hibernate: select pd1_0.publishing_day_id,pd1_0.created_at,pd1_0.day,pd1_0.updated_at from publishing_day pd1_0 where pd1_0.day=?
PublishingDay{publishingDayId=5, createdAt=2024-03-29T19:55:41.069514, updatedAt=2024-03-29T19:55:41.069514, day='FRIDAY'}
2024-03-29T20:01:52.573+09:00 DEBUG 26924 --- [    Test worker] org.hibernate.SQL                        : insert into webtoon (created_at,description,no_youth,publication_status,thumbnail,title,updated_at) values (?,?,?,?,?,?,?)
Hibernate: insert into webtoon (created_at,description,no_youth,publication_status,thumbnail,title,updated_at) values (?,?,?,?,?,?,?)
2024-03-29T20:01:52.580+09:00 DEBUG 26924 --- [    Test worker] org.hibernate.SQL                        : insert into webtoon_publishing_day (created_at,publishing_day_id,updated_at,webtoon_id) values (?,?,?,?)
Hibernate: insert into webtoon_publishing_day (created_at,publishing_day_id,updated_at,webtoon_id) values (?,?,?,?)
FRIDAY
2024-03-29T20:01:52.587+09:00 DEBUG 26924 --- [    Test worker] org.hibernate.SQL                        : select pd1_0.publishing_day_id,pd1_0.created_at,pd1_0.day,pd1_0.updated_at from publishing_day pd1_0 where pd1_0.day=?
Hibernate: select pd1_0.publishing_day_id,pd1_0.created_at,pd1_0.day,pd1_0.updated_at from publishing_day pd1_0 where pd1_0.day=?
PublishingDay{publishingDayId=5, createdAt=2024-03-29T19:55:41.069514, updatedAt=2024-03-29T19:55:41.069514, day='FRIDAY'}
2024-03-29T20:01:52.590+09:00 DEBUG 26924 --- [    Test worker] org.hibernate.SQL                        : insert into webtoon (created_at,description,no_youth,publication_status,thumbnail,title,updated_at) values (?,?,?,?,?,?,?)
Hibernate: insert into webtoon (created_at,description,no_youth,publication_status,thumbnail,title,updated_at) values (?,?,?,?,?,?,?)
2024-03-29T20:01:52.596+09:00 DEBUG 26924 --- [    Test worker] org.hibernate.SQL                        : insert into webtoon_publishing_day (created_at,publishing_day_id,updated_at,webtoon_id) values (?,?,?,?)
Hibernate: insert into webtoon_publishing_day (created_at,publishing_day_id,updated_at,webtoon_id) values (?,?,?,?)
FRIDAY
2024-03-29T20:01:52.603+09:00 DEBUG 26924 --- [    Test worker] org.hibernate.SQL                        : select pd1_0.publishing_day_id,pd1_0.created_at,pd1_0.day,pd1_0.updated_at from publishing_day pd1_0 where pd1_0.day=?
Hibernate: select pd1_0.publishing_day_id,pd1_0.created_at,pd1_0.day,pd1_0.updated_at from publishing_day pd1_0 where pd1_0.day=?
PublishingDay{publishingDayId=5, createdAt=2024-03-29T19:55:41.069514, updatedAt=2024-03-29T19:55:41.069514, day='FRIDAY'}
2024-03-29T20:01:52.606+09:00 DEBUG 26924 --- [    Test worker] org.hibernate.SQL                        : insert into webtoon (created_at,description,no_youth,publication_status,thumbnail,title,updated_at) values (?,?,?,?,?,?,?)
Hibernate: insert into webtoon (created_at,description,no_youth,publication_status,thumbnail,title,updated_at) values (?,?,?,?,?,?,?)
2024-03-29T20:01:52.612+09:00 DEBUG 26924 --- [    Test worker] org.hibernate.SQL                        : insert into webtoon_publishing_day (created_at,publishing_day_id,updated_at,webtoon_id) values (?,?,?,?)
Hibernate: insert into webtoon_publishing_day (created_at,publishing_day_id,updated_at,webtoon_id) values (?,?,?,?)
FRIDAY
2024-03-29T20:01:52.619+09:00 DEBUG 26924 --- [    Test worker] org.hibernate.SQL                        : select pd1_0.publishing_day_id,pd1_0.created_at,pd1_0.day,pd1_0.updated_at from publishing_day pd1_0 where pd1_0.day=?
Hibernate: select pd1_0.publishing_day_id,pd1_0.created_at,pd1_0.day,pd1_0.updated_at from publishing_day pd1_0 where pd1_0.day=?
PublishingDay{publishingDayId=5, createdAt=2024-03-29T19:55:41.069514, updatedAt=2024-03-29T19:55:41.069514, day='FRIDAY'}
2024-03-29T20:01:52.622+09:00 DEBUG 26924 --- [    Test worker] org.hibernate.SQL                        : insert into webtoon (created_at,description,no_youth,publication_status,thumbnail,title,updated_at) values (?,?,?,?,?,?,?)
Hibernate: insert into webtoon (created_at,description,no_youth,publication_status,thumbnail,title,updated_at) values (?,?,?,?,?,?,?)
2024-03-29T20:01:52.630+09:00 DEBUG 26924 --- [    Test worker] org.hibernate.SQL                        : insert into webtoon_publishing_day (created_at,publishing_day_id,updated_at,webtoon_id) values (?,?,?,?)
Hibernate: insert into webtoon_publishing_day (created_at,publishing_day_id,updated_at,webtoon_id) values (?,?,?,?)
FRIDAY
2024-03-29T20:01:52.638+09:00 DEBUG 26924 --- [    Test worker] org.hibernate.SQL                        : select pd1_0.publishing_day_id,pd1_0.created_at,pd1_0.day,pd1_0.updated_at from publishing_day pd1_0 where pd1_0.day=?
Hibernate: select pd1_0.publishing_day_id,pd1_0.created_at,pd1_0.day,pd1_0.updated_at from publishing_day pd1_0 where pd1_0.day=?
PublishingDay{publishingDayId=5, createdAt=2024-03-29T19:55:41.069514, updatedAt=2024-03-29T19:55:41.069514, day='FRIDAY'}
2024-03-29T20:01:52.642+09:00 DEBUG 26924 --- [    Test worker] org.hibernate.SQL                        : insert into webtoon (created_at,description,no_youth,publication_status,thumbnail,title,updated_at) values (?,?,?,?,?,?,?)
Hibernate: insert into webtoon (created_at,description,no_youth,publication_status,thumbnail,title,updated_at) values (?,?,?,?,?,?,?)
2024-03-29T20:01:52.650+09:00 DEBUG 26924 --- [    Test worker] org.hibernate.SQL                        : insert into webtoon_publishing_day (created_at,publishing_day_id,updated_at,webtoon_id) values (?,?,?,?)
Hibernate: insert into webtoon_publishing_day (created_at,publishing_day_id,updated_at,webtoon_id) values (?,?,?,?)
FRIDAY
2024-03-29T20:01:52.659+09:00 DEBUG 26924 --- [    Test worker] org.hibernate.SQL                        : select pd1_0.publishing_day_id,pd1_0.created_at,pd1_0.day,pd1_0.updated_at from publishing_day pd1_0 where pd1_0.day=?
[...]
Hibernate: select pd1_0.publishing_day_id,pd1_0.created_at,pd1_0.day,pd1_0.updated_at from publishing_day pd1_0 where pd1_0.day=?
PublishingDay{publishingDayId=2, createdAt=2024-03-29T19:55:41.069514, updatedAt=2024-03-29T19:55:41.069514, day='TUESDAY'}
2024-03-29T20:02:00.946+09:00 DEBUG 26924 --- [    Test worker] org.hibernate.SQL                        : insert into webtoon (created_at,description,no_youth,publication_status,thumbnail,title,updated_at) values (?,?,?,?,?,?,?)
Hibernate: insert into webtoon (created_at,description,no_youth,publication_status,thumbnail,title,updated_at) values (?,?,?,?,?,?,?)
2024-03-29T20:02:00.950+09:00 DEBUG 26924 --- [    Test worker] org.hibernate.SQL                        : insert into webtoon_publishing_day (created_at,publishing_day_id,updated_at,webtoon_id) values (?,?,?,?)
Hibernate: insert into webtoon_publishing_day (created_at,publishing_day_id,updated_at,webtoon_id) values (?,?,?,?)
TUESDAY
2024-03-29T20:02:00.954+09:00 DEBUG 26924 --- [    Test worker] org.hibernate.SQL                        : select pd1_0.publishing_day_id,pd1_0.created_at,pd1_0.day,pd1_0.updated_at from publishing_day pd1_0 where pd1_0.day=?
Hibernate: select pd1_0.publishing_day_id,pd1_0.created_at,pd1_0.day,pd1_0.updated_at from publishing_day pd1_0 where pd1_0.day=?
PublishingDay{publishingDayId=2, createdAt=2024-03-29T19:55:41.069514, updatedAt=2024-03-29T19:55:41.069514, day='TUESDAY'}
2024-03-29T20:02:00.956+09:00 DEBUG 26924 --- [    Test worker] org.hibernate.SQL                        : insert into webtoon (created_at,description,no_youth,publication_status,thumbnail,title,updated_at) values (?,?,?,?,?,?,?)
Hibernate: insert into webtoon (created_at,description,no_youth,publication_status,thumbnail,title,updated_at) values (?,?,?,?,?,?,?)
2024-03-29T20:02:00.959+09:00 DEBUG 26924 --- [    Test worker] org.hibernate.SQL                        : insert into webtoon_publishing_day (created_at,publishing_day_id,updated_at,webtoon_id) values (?,?,?,?)
Hibernate: insert into webtoon_publishing_day (created_at,publishing_day_id,updated_at,webtoon_id) values (?,?,?,?)
TUESDAY
2024-03-29T20:02:00.963+09:00 DEBUG 26924 --- [    Test worker] org.hibernate.SQL                        : select pd1_0.publishing_day_id,pd1_0.created_at,pd1_0.day,pd1_0.updated_at from publishing_day pd1_0 where pd1_0.day=?
Hibernate: select pd1_0.publishing_day_id,pd1_0.created_at,pd1_0.day,pd1_0.updated_at from publishing_day pd1_0 where pd1_0.day=?
PublishingDay{publishingDayId=2, createdAt=2024-03-29T19:55:41.069514, updatedAt=2024-03-29T19:55:41.069514, day='TUESDAY'}
2024-03-29T20:02:00.966+09:00 DEBUG 26924 --- [    Test worker] org.hibernate.SQL                        : insert into webtoon (created_at,description,no_youth,publication_status,thumbnail,title,updated_at) values (?,?,?,?,?,?,?)
Hibernate: insert into webtoon (created_at,description,no_youth,publication_status,thumbnail,title,updated_at) values (?,?,?,?,?,?,?)
2024-03-29T20:02:00.970+09:00 DEBUG 26924 --- [    Test worker] org.hibernate.SQL                        : insert into webtoon_publishing_day (created_at,publishing_day_id,updated_at,webtoon_id) values (?,?,?,?)
Hibernate: insert into webtoon_publishing_day (created_at,publishing_day_id,updated_at,webtoon_id) values (?,?,?,?)
TUESDAY
2024-03-29T20:02:00.973+09:00 DEBUG 26924 --- [    Test worker] org.hibernate.SQL                        : select pd1_0.publishing_day_id,pd1_0.created_at,pd1_0.day,pd1_0.updated_at from publishing_day pd1_0 where pd1_0.day=?
Hibernate: select pd1_0.publishing_day_id,pd1_0.created_at,pd1_0.day,pd1_0.updated_at from publishing_day pd1_0 where pd1_0.day=?
PublishingDay{publishingDayId=2, createdAt=2024-03-29T19:55:41.069514, updatedAt=2024-03-29T19:55:41.069514, day='TUESDAY'}
2024-03-29T20:02:00.975+09:00 DEBUG 26924 --- [    Test worker] org.hibernate.SQL                        : insert into webtoon (created_at,description,no_youth,publication_status,thumbnail,title,updated_at) values (?,?,?,?,?,?,?)
Hibernate: insert into webtoon (created_at,description,no_youth,publication_status,thumbnail,title,updated_at) values (?,?,?,?,?,?,?)
2024-03-29T20:02:00.980+09:00 DEBUG 26924 --- [    Test worker] org.hibernate.SQL                        : insert into webtoon_publishing_day (created_at,publishing_day_id,updated_at,webtoon_id) values (?,?,?,?)
Hibernate: insert into webtoon_publishing_day (created_at,publishing_day_id,updated_at,webtoon_id) values (?,?,?,?)
TUESDAY
2024-03-29T20:02:00.984+09:00 DEBUG 26924 --- [    Test worker] org.hibernate.SQL                        : select pd1_0.publishing_day_id,pd1_0.created_at,pd1_0.day,pd1_0.updated_at from publishing_day pd1_0 where pd1_0.day=?
Hibernate: select pd1_0.publishing_day_id,pd1_0.created_at,pd1_0.day,pd1_0.updated_at from publishing_day pd1_0 where pd1_0.day=?
PublishingDay{publishingDayId=2, createdAt=2024-03-29T19:55:41.069514, updatedAt=2024-03-29T19:55:41.069514, day='TUESDAY'}
2024-03-29T20:02:00.986+09:00 DEBUG 26924 --- [    Test worker] org.hibernate.SQL                        : insert into webtoon (created_at,description,no_youth,publication_status,thumbnail,title,updated_at) values (?,?,?,?,?,?,?)
Hibernate: insert into webtoon (created_at,description,no_youth,publication_status,thumbnail,title,updated_at) values (?,?,?,?,?,?,?)
2024-03-29T20:02:00.993+09:00 DEBUG 26924 --- [    Test worker] org.hibernate.SQL                        : insert into webtoon_publishing_day (created_at,publishing_day_id,updated_at,webtoon_id) values (?,?,?,?)
Hibernate: insert into webtoon_publishing_day (created_at,publishing_day_id,updated_at,webtoon_id) values (?,?,?,?)
TUESDAY
2024-03-29T20:02:01.001+09:00 DEBUG 26924 --- [    Test worker] org.hibernate.SQL                        : select pd1_0.publishing_day_id,pd1_0.created_at,pd1_0.day,pd1_0.updated_at from publishing_day pd1_0 where pd1_0.day=?
Hibernate: select pd1_0.publishing_day_id,pd1_0.created_at,pd1_0.day,pd1_0.updated_at from publishing_day pd1_0 where pd1_0.day=?
PublishingDay{publishingDayId=2, createdAt=2024-03-29T19:55:41.069514, updatedAt=2024-03-29T19:55:41.069514, day='TUESDAY'}
2024-03-29T20:02:01.002+09:00 DEBUG 26924 --- [    Test worker] org.hibernate.SQL                        : insert into webtoon (created_at,description,no_youth,publication_status,thumbnail,title,updated_at) values (?,?,?,?,?,?,?)
Hibernate: insert into webtoon (created_at,description,no_youth,publication_status,thumbnail,title,updated_at) values (?,?,?,?,?,?,?)
2024-03-29T20:02:01.010+09:00 DEBUG 26924 --- [    Test worker] org.hibernate.SQL                        : insert into webtoon_publishing_day (created_at,publishing_day_id,updated_at,webtoon_id) values (?,?,?,?)
Hibernate: insert into webtoon_publishing_day (created_at,publishing_day_id,updated_at,webtoon_id) values (?,?,?,?)
TUESDAY
2024-03-29T20:02:01.016+09:00 DEBUG 26924 --- [    Test worker] org.hibernate.SQL                        : select pd1_0.publishing_day_id,pd1_0.created_at,pd1_0.day,pd1_0.updated_at from publishing_day pd1_0 where pd1_0.day=?
Hibernate: select pd1_0.publishing_day_id,pd1_0.created_at,pd1_0.day,pd1_0.updated_at from publishing_day pd1_0 where pd1_0.day=?
PublishingDay{publishingDayId=2, createdAt=2024-03-29T19:55:41.069514, updatedAt=2024-03-29T19:55:41.069514, day='TUESDAY'}
2024-03-29T20:02:01.020+09:00 DEBUG 26924 --- [    Test worker] org.hibernate.SQL                        : insert into webtoon (created_at,description,no_youth,publication_status,thumbnail,title,updated_at) values (?,?,?,?,?,?,?)
Hibernate: insert into webtoon (created_at,description,no_youth,publication_status,thumbnail,title,updated_at) values (?,?,?,?,?,?,?)
2024-03-29T20:02:01.027+09:00 DEBUG 26924 --- [    Test worker] org.hibernate.SQL                        : insert into webtoon_publishing_day (created_at,publishing_day_id,updated_at,webtoon_id) values (?,?,?,?)
Hibernate: insert into webtoon_publishing_day (created_at,publishing_day_id,updated_at,webtoon_id) values (?,?,?,?)
TUESDAY
2024-03-29T20:02:01.033+09:00 DEBUG 26924 --- [    Test worker] org.hibernate.SQL                        : select pd1_0.publishing_day_id,pd1_0.created_at,pd1_0.day,pd1_0.updated_at from publishing_day pd1_0 where pd1_0.day=?
Hibernate: select pd1_0.publishing_day_id,pd1_0.created_at,pd1_0.day,pd1_0.updated_at from publishing_day pd1_0 where pd1_0.day=?
PublishingDay{publishingDayId=2, createdAt=2024-03-29T19:55:41.069514, updatedAt=2024-03-29T19:55:41.069514, day='TUESDAY'}
2024-03-29T20:02:01.035+09:00 DEBUG 26924 --- [    Test worker] org.hibernate.SQL                        : insert into webtoon (created_at,description,no_youth,publication_status,thumbnail,title,updated_at) values (?,?,?,?,?,?,?)
Hibernate: insert into webtoon (created_at,description,no_youth,publication_status,thumbnail,title,updated_at) values (?,?,?,?,?,?,?)
2024-03-29T20:02:01.041+09:00 DEBUG 26924 --- [    Test worker] org.hibernate.SQL                        : insert into webtoon_publishing_day (created_at,publishing_day_id,updated_at,webtoon_id) values (?,?,?,?)
Hibernate: insert into webtoon_publishing_day (created_at,publishing_day_id,updated_at,webtoon_id) values (?,?,?,?)
TUESDAY
2024-03-29T20:02:01.047+09:00 DEBUG 26924 --- [    Test worker] org.hibernate.SQL                        : select pd1_0.publishing_day_id,pd1_0.created_at,pd1_0.day,pd1_0.updated_at from publishing_day pd1_0 where pd1_0.day=?
Hibernate: select pd1_0.publishing_day_id,pd1_0.created_at,pd1_0.day,pd1_0.updated_at from publishing_day pd1_0 where pd1_0.day=?
PublishingDay{publishingDayId=2, createdAt=2024-03-29T19:55:41.069514, updatedAt=2024-03-29T19:55:41.069514, day='TUESDAY'}
2024-03-29T20:02:01.050+09:00 DEBUG 26924 --- [    Test worker] org.hibernate.SQL                        : insert into webtoon (created_at,description,no_youth,publication_status,thumbnail,title,updated_at) values (?,?,?,?,?,?,?)
Hibernate: insert into webtoon (created_at,description,no_youth,publication_status,thumbnail,title,updated_at) values (?,?,?,?,?,?,?)
2024-03-29T20:02:01.059+09:00 DEBUG 26924 --- [    Test worker] org.hibernate.SQL                        : insert into webtoon_publishing_day (created_at,publishing_day_id,updated_at,webtoon_id) values (?,?,?,?)
Hibernate: insert into webtoon_publishing_day (created_at,publishing_day_id,updated_at,webtoon_id) values (?,?,?,?)
TUESDAY
2024-03-29T20:02:01.066+09:00 DEBUG 26924 --- [    Test worker] org.hibernate.SQL                        : select pd1_0.publishing_day_id,pd1_0.created_at,pd1_0.day,pd1_0.updated_at from publishing_day pd1_0 where pd1_0.day=?
Hibernate: select pd1_0.publishing_day_id,pd1_0.created_at,pd1_0.day,pd1_0.updated_at from publishing_day pd1_0 where pd1_0.day=?
PublishingDay{publishingDayId=2, createdAt=2024-03-29T19:55:41.069514, updatedAt=2024-03-29T19:55:41.069514, day='TUESDAY'}
2024-03-29T20:02:01.068+09:00 DEBUG 26924 --- [    Test worker] org.hibernate.SQL                        : insert into webtoon (created_at,description,no_youth,publication_status,thumbnail,title,updated_at) values (?,?,?,?,?,?,?)
Hibernate: insert into webtoon (created_at,description,no_youth,publication_status,thumbnail,title,updated_at) values (?,?,?,?,?,?,?)
2024-03-29T20:02:01.075+09:00 DEBUG 26924 --- [    Test worker] org.hibernate.SQL                        : insert into webtoon_publishing_day (created_at,publishing_day_id,updated_at,webtoon_id) values (?,?,?,?)
Hibernate: insert into webtoon_publishing_day (created_at,publishing_day_id,updated_at,webtoon_id) values (?,?,?,?)
TUESDAY
2024-03-29T20:02:01.082+09:00 DEBUG 26924 --- [    Test worker] org.hibernate.SQL                        : select pd1_0.publishing_day_id,pd1_0.created_at,pd1_0.day,pd1_0.updated_at from publishing_day pd1_0 where pd1_0.day=?
Hibernate: select pd1_0.publishing_day_id,pd1_0.created_at,pd1_0.day,pd1_0.updated_at from publishing_day pd1_0 where pd1_0.day=?
PublishingDay{publishingDayId=2, createdAt=2024-03-29T19:55:41.069514, updatedAt=2024-03-29T19:55:41.069514, day='TUESDAY'}
2024-03-29T20:02:01.084+09:00 DEBUG 26924 --- [    Test worker] org.hibernate.SQL                        : insert into webtoon (created_at,description,no_youth,publication_status,thumbnail,title,updated_at) values (?,?,?,?,?,?,?)
Hibernate: insert into webtoon (created_at,description,no_youth,publication_status,thumbnail,title,updated_at) values (?,?,?,?,?,?,?)
2024-03-29T20:02:01.090+09:00 DEBUG 26924 --- [    Test worker] org.hibernate.SQL                        : insert into webtoon_publishing_day (created_at,publishing_day_id,updated_at,webtoon_id) values (?,?,?,?)
Hibernate: insert into webtoon_publishing_day (created_at,publishing_day_id,updated_at,webtoon_id) values (?,?,?,?)
TUESDAY
2024-03-29T20:02:01.096+09:00 DEBUG 26924 --- [    Test worker] org.hibernate.SQL                        : select pd1_0.publishing_day_id,pd1_0.created_at,pd1_0.day,pd1_0.updated_at from publishing_day pd1_0 where pd1_0.day=?
Hibernate: select pd1_0.publishing_day_id,pd1_0.created_at,pd1_0.day,pd1_0.updated_at from publishing_day pd1_0 where pd1_0.day=?
PublishingDay{publishingDayId=2, createdAt=2024-03-29T19:55:41.069514, updatedAt=2024-03-29T19:55:41.069514, day='TUESDAY'}
2024-03-29T20:02:01.098+09:00 DEBUG 26924 --- [    Test worker] org.hibernate.SQL                        : insert into webtoon (created_at,description,no_youth,publication_status,thumbnail,title,updated_at) values (?,?,?,?,?,?,?)
Hibernate: insert into webtoon (created_at,description,no_youth,publication_status,thumbnail,title,updated_at) values (?,?,?,?,?,?,?)
2024-03-29T20:02:01.103+09:00 DEBUG 26924 --- [    Test worker] org.hibernate.SQL                        : insert into webtoon_publishing_day (created_at,publishing_day_id,updated_at,webtoon_id) values (?,?,?,?)
Hibernate: insert into webtoon_publishing_day (created_at,publishing_day_id,updated_at,webtoon_id) values (?,?,?,?)
TUESDAY
2024-03-29T20:02:01.106+09:00 DEBUG 26924 --- [    Test worker] org.hibernate.SQL                        : select pd1_0.publishing_day_id,pd1_0.created_at,pd1_0.day,pd1_0.updated_at from publishing_day pd1_0 where pd1_0.day=?
Hibernate: select pd1_0.publishing_day_id,pd1_0.created_at,pd1_0.day,pd1_0.updated_at from publishing_day pd1_0 where pd1_0.day=?
PublishingDay{publishingDayId=2, createdAt=2024-03-29T19:55:41.069514, updatedAt=2024-03-29T19:55:41.069514, day='TUESDAY'}
2024-03-29T20:02:01.109+09:00 DEBUG 26924 --- [    Test worker] org.hibernate.SQL                        : insert into webtoon (created_at,description,no_youth,publication_status,thumbnail,title,updated_at) values (?,?,?,?,?,?,?)
Hibernate: insert into webtoon (created_at,description,no_youth,publication_status,thumbnail,title,updated_at) values (?,?,?,?,?,?,?)
2024-03-29T20:02:01.112+09:00 DEBUG 26924 --- [    Test worker] org.hibernate.SQL                        : insert into webtoon_publishing_day (created_at,publishing_day_id,updated_at,webtoon_id) values (?,?,?,?)
Hibernate: insert into webtoon_publishing_day (created_at,publishing_day_id,updated_at,webtoon_id) values (?,?,?,?)
TUESDAY
2024-03-29T20:02:01.116+09:00 DEBUG 26924 --- [    Test worker] org.hibernate.SQL                        : select pd1_0.publishing_day_id,pd1_0.created_at,pd1_0.day,pd1_0.updated_at from publishing_day pd1_0 where pd1_0.day=?
Hibernate: select pd1_0.publishing_day_id,pd1_0.created_at,pd1_0.day,pd1_0.updated_at from publishing_day pd1_0 where pd1_0.day=?
PublishingDay{publishingDayId=2, createdAt=2024-03-29T19:55:41.069514, updatedAt=2024-03-29T19:55:41.069514, day='TUESDAY'}
2024-03-29T20:02:01.118+09:00 DEBUG 26924 --- [    Test worker] org.hibernate.SQL                        : insert into webtoon (created_at,description,no_youth,publication_status,thumbnail,title,updated_at) values (?,?,?,?,?,?,?)
Hibernate: insert into webtoon (created_at,description,no_youth,publication_status,thumbnail,title,updated_at) values (?,?,?,?,?,?,?)
2024-03-29T20:02:01.123+09:00 DEBUG 26924 --- [    Test worker] org.hibernate.SQL                        : insert into webtoon_publishing_day (created_at,publishing_day_id,updated_at,webtoon_id) values (?,?,?,?)
Hibernate: insert into webtoon_publishing_day (created_at,publishing_day_id,updated_at,webtoon_id) values (?,?,?,?)
TUESDAY
2024-03-29T20:02:01.128+09:00 DEBUG 26924 --- [    Test worker] org.hibernate.SQL                        : select pd1_0.publishing_day_id,pd1_0.created_at,pd1_0.day,pd1_0.updated_at from publishing_day pd1_0 where pd1_0.day=?
Hibernate: select pd1_0.publishing_day_id,pd1_0.created_at,pd1_0.day,pd1_0.updated_at from publishing_day pd1_0 where pd1_0.day=?
PublishingDay{publishingDayId=2, createdAt=2024-03-29T19:55:41.069514, updatedAt=2024-03-29T19:55:41.069514, day='TUESDAY'}
2024-03-29T20:02:01.130+09:00 DEBUG 26924 --- [    Test worker] org.hibernate.SQL                        : insert into webtoon (created_at,description,no_youth,publication_status,thumbnail,title,updated_at) values (?,?,?,?,?,?,?)
Hibernate: insert into webtoon (created_at,description,no_youth,publication_status,thumbnail,title,updated_at) values (?,?,?,?,?,?,?)
2024-03-29T20:02:01.135+09:00 DEBUG 26924 --- [    Test worker] org.hibernate.SQL                        : insert into webtoon_publishing_day (created_at,publishing_day_id,updated_at,webtoon_id) values (?,?,?,?)
Hibernate: insert into webtoon_publishing_day (created_at,publishing_day_id,updated_at,webtoon_id) values (?,?,?,?)
FALSE
2024-03-29T20:02:01.139+09:00 DEBUG 26924 --- [    Test worker] org.hibernate.SQL                        : select pd1_0.publishing_day_id,pd1_0.created_at,pd1_0.day,pd1_0.updated_at from publishing_day pd1_0 where pd1_0.day=?
Hibernate: select pd1_0.publishing_day_id,pd1_0.created_at,pd1_0.day,pd1_0.updated_at from publishing_day pd1_0 where pd1_0.day=?
null
2024-03-29T20:02:01.141+09:00 DEBUG 26924 --- [    Test worker] org.hibernate.SQL                        : insert into webtoon (created_at,description,no_youth,publication_status,thumbnail,title,updated_at) values (?,?,?,?,?,?,?)
Hibernate: insert into webtoon (created_at,description,no_youth,publication_status,thumbnail,title,updated_at) values (?,?,?,?,?,?,?)
2024-03-29T20:02:01.146+09:00 DEBUG 26924 --- [    Test worker] org.hibernate.SQL                        : insert into webtoon_publishing_day (created_at,publishing_day_id,updated_at,webtoon_id) values (?,?,?,?)
Hibernate: insert into webtoon_publishing_day (created_at,publishing_day_id,updated_at,webtoon_id) values (?,?,?,?)
TUESDAY
2024-03-29T20:02:01.151+09:00 DEBUG 26924 --- [    Test worker] org.hibernate.SQL                        : select pd1_0.publishing_day_id,pd1_0.created_at,pd1_0.day,pd1_0.updated_at from publishing_day pd1_0 where pd1_0.day=?
Hibernate: select pd1_0.publishing_day_id,pd1_0.created_at,pd1_0.day,pd1_0.updated_at from publishing_day pd1_0 where pd1_0.day=?
PublishingDay{publishingDayId=2, createdAt=2024-03-29T19:55:41.069514, updatedAt=2024-03-29T19:55:41.069514, day='TUESDAY'}
2024-03-29T20:02:01.153+09:00 DEBUG 26924 --- [    Test worker] org.hibernate.SQL                        : insert into webtoon (created_at,description,no_youth,publication_status,thumbnail,title,updated_at) values (?,?,?,?,?,?,?)
Hibernate: insert into webtoon (created_at,description,no_youth,publication_status,thumbnail,title,updated_at) values (?,?,?,?,?,?,?)
2024-03-29T20:02:01.157+09:00 DEBUG 26924 --- [    Test worker] org.hibernate.SQL                        : insert into webtoon_publishing_day (created_at,publishing_day_id,updated_at,webtoon_id) values (?,?,?,?)
Hibernate: insert into webtoon_publishing_day (created_at,publishing_day_id,updated_at,webtoon_id) values (?,?,?,?)
]]></system-out>
  <system-err><![CDATA[]]></system-err>
</testsuite>
