<?xml version="1.0" encoding="UTF-8"?>
<testsuite name="com.naver.service.FileServiceTest" tests="1" skipped="0" failures="0" errors="0" timestamp="2024-03-29T08:51:01" hostname="LAPTOP-6393BRM7" time="15.242">
  <properties/>
  <testcase name="readWebtoonCsv()" classname="com.naver.service.FileServiceTest" time="15.242"/>
  <system-out><![CDATA[17:50:53.268 [Test worker] INFO org.springframework.test.context.support.AnnotationConfigContextLoaderUtils -- Could not detect default configuration classes for test class [com.naver.service.FileServiceTest]: FileServiceTest does not declare any static, non-private, non-final, nested classes annotated with @Configuration.
17:50:53.443 [Test worker] INFO org.springframework.boot.test.context.SpringBootTestContextBootstrapper -- Found @SpringBootConfiguration com.naver.WebtoonApplication for test class com.naver.service.FileServiceTest

  .   ____          _            __ _ _
 /\\ / ___'_ __ _ _(_)_ __  __ _ \ \ \ \
( ( )\___ | '_ | '_| | '_ \/ _` | \ \ \ \
 \\/  ___)| |_)| | | | | || (_| |  ) ) ) )
  '  |____| .__|_| |_|_| |_\__, | / / / /
 =========|_|==============|___/=/_/_/_/
 :: Spring Boot ::                (v3.2.4)

2024-03-29T17:50:54.235+09:00  INFO 2896 --- [    Test worker] com.naver.service.FileServiceTest        : Starting FileServiceTest using Java 17.0.6 with PID 2896 (started by 김현재 in C:\ssafy_coding\webtoon)
2024-03-29T17:50:54.239+09:00  INFO 2896 --- [    Test worker] com.naver.service.FileServiceTest        : No active profile set, falling back to 1 default profile: "default"
2024-03-29T17:50:55.337+09:00  INFO 2896 --- [    Test worker] .s.d.r.c.RepositoryConfigurationDelegate : Bootstrapping Spring Data JPA repositories in DEFAULT mode.
2024-03-29T17:50:55.452+09:00  INFO 2896 --- [    Test worker] .s.d.r.c.RepositoryConfigurationDelegate : Finished Spring Data repository scanning in 99 ms. Found 3 JPA repository interfaces.
2024-03-29T17:50:56.153+09:00  INFO 2896 --- [    Test worker] o.hibernate.jpa.internal.util.LogHelper  : HHH000204: Processing PersistenceUnitInfo [name: default]
2024-03-29T17:50:56.239+09:00  INFO 2896 --- [    Test worker] org.hibernate.Version                    : HHH000412: Hibernate ORM core version 6.4.4.Final
2024-03-29T17:50:56.315+09:00  INFO 2896 --- [    Test worker] o.h.c.internal.RegionFactoryInitiator    : HHH000026: Second-level cache disabled
2024-03-29T17:50:56.716+09:00  INFO 2896 --- [    Test worker] o.s.o.j.p.SpringPersistenceUnitInfo      : No LoadTimeWeaver setup: ignoring JPA class transformer
2024-03-29T17:50:56.774+09:00  INFO 2896 --- [    Test worker] com.zaxxer.hikari.HikariDataSource       : HikariPool-1 - Starting...
2024-03-29T17:50:57.219+09:00  INFO 2896 --- [    Test worker] com.zaxxer.hikari.pool.HikariPool        : HikariPool-1 - Added connection com.mysql.cj.jdbc.ConnectionImpl@4468fda8
2024-03-29T17:50:57.224+09:00  INFO 2896 --- [    Test worker] com.zaxxer.hikari.HikariDataSource       : HikariPool-1 - Start completed.
2024-03-29T17:50:57.291+09:00  WARN 2896 --- [    Test worker] org.hibernate.orm.deprecation            : HHH90000025: MySQLDialect does not need to be specified explicitly using 'hibernate.dialect' (remove the property setting and it will be selected by default)
2024-03-29T17:50:58.760+09:00  INFO 2896 --- [    Test worker] o.h.e.t.j.p.i.JtaPlatformInitiator       : HHH000489: No JTA platform available (set 'hibernate.transaction.jta.platform' to enable JTA platform integration)
2024-03-29T17:50:59.020+09:00  INFO 2896 --- [    Test worker] j.LocalContainerEntityManagerFactoryBean : Initialized JPA EntityManagerFactory for persistence unit 'default'
2024-03-29T17:50:59.967+09:00  WARN 2896 --- [    Test worker] JpaBaseConfiguration$JpaWebConfiguration : spring.jpa.open-in-view is enabled by default. Therefore, database queries may be performed during view rendering. Explicitly configure spring.jpa.open-in-view to disable this warning
2024-03-29T17:51:01.063+09:00  INFO 2896 --- [    Test worker] com.naver.service.FileServiceTest        : Started FileServiceTest in 7.294 seconds (process running for 9.329)
titleName
2024-03-29T17:51:02.356+09:00 DEBUG 2896 --- [    Test worker] org.hibernate.SQL                        : insert into webtoon (created_at,description,no_youth,publication_status,thumbnail,title,updated_at) values (?,?,?,?,?,?,?)
Hibernate: insert into webtoon (created_at,description,no_youth,publication_status,thumbnail,title,updated_at) values (?,?,?,?,?,?,?)
2024-03-29T17:51:02.826+09:00 DEBUG 2896 --- [    Test worker] org.hibernate.SQL                        : select pd1_0.publishing_day_id,pd1_0.created_at,pd1_0.day,pd1_0.updated_at from publishing_day pd1_0 where pd1_0.day=?
Hibernate: select pd1_0.publishing_day_id,pd1_0.created_at,pd1_0.day,pd1_0.updated_at from publishing_day pd1_0 where pd1_0.day=?
2024-03-29T17:51:02.838+09:00 DEBUG 2896 --- [    Test worker] org.hibernate.SQL                        : insert into webtoon_publishing_day (created_at,publishing_day_id,updated_at,webtoon_id) values (?,?,?,?)
Hibernate: insert into webtoon_publishing_day (created_at,publishing_day_id,updated_at,webtoon_id) values (?,?,?,?)
좋아? 죽어!
2024-03-29T17:51:02.859+09:00 DEBUG 2896 --- [    Test worker] org.hibernate.SQL                        : insert into webtoon (created_at,description,no_youth,publication_status,thumbnail,title,updated_at) values (?,?,?,?,?,?,?)
Hibernate: insert into webtoon (created_at,description,no_youth,publication_status,thumbnail,title,updated_at) values (?,?,?,?,?,?,?)
2024-03-29T17:51:02.872+09:00 DEBUG 2896 --- [    Test worker] org.hibernate.SQL                        : select pd1_0.publishing_day_id,pd1_0.created_at,pd1_0.day,pd1_0.updated_at from publishing_day pd1_0 where pd1_0.day=?
Hibernate: select pd1_0.publishing_day_id,pd1_0.created_at,pd1_0.day,pd1_0.updated_at from publishing_day pd1_0 where pd1_0.day=?
2024-03-29T17:51:02.877+09:00 DEBUG 2896 --- [    Test worker] org.hibernate.SQL                        : insert into webtoon_publishing_day (created_at,publishing_day_id,updated_at,webtoon_id) values (?,?,?,?)
Hibernate: insert into webtoon_publishing_day (created_at,publishing_day_id,updated_at,webtoon_id) values (?,?,?,?)
외모지상주의
2024-03-29T17:51:02.891+09:00 DEBUG 2896 --- [    Test worker] org.hibernate.SQL                        : insert into webtoon (created_at,description,no_youth,publication_status,thumbnail,title,updated_at) values (?,?,?,?,?,?,?)
Hibernate: insert into webtoon (created_at,description,no_youth,publication_status,thumbnail,title,updated_at) values (?,?,?,?,?,?,?)
2024-03-29T17:51:02.903+09:00 DEBUG 2896 --- [    Test worker] org.hibernate.SQL                        : select pd1_0.publishing_day_id,pd1_0.created_at,pd1_0.day,pd1_0.updated_at from publishing_day pd1_0 where pd1_0.day=?
Hibernate: select pd1_0.publishing_day_id,pd1_0.created_at,pd1_0.day,pd1_0.updated_at from publishing_day pd1_0 where pd1_0.day=?
2024-03-29T17:51:02.909+09:00 DEBUG 2896 --- [    Test worker] org.hibernate.SQL                        : insert into webtoon_publishing_day (created_at,publishing_day_id,updated_at,webtoon_id) values (?,?,?,?)
Hibernate: insert into webtoon_publishing_day (created_at,publishing_day_id,updated_at,webtoon_id) values (?,?,?,?)
광마회귀
2024-03-29T17:51:02.922+09:00 DEBUG 2896 --- [    Test worker] org.hibernate.SQL                        : insert into webtoon (created_at,description,no_youth,publication_status,thumbnail,title,updated_at) values (?,?,?,?,?,?,?)
Hibernate: insert into webtoon (created_at,description,no_youth,publication_status,thumbnail,title,updated_at) values (?,?,?,?,?,?,?)
2024-03-29T17:51:02.937+09:00 DEBUG 2896 --- [    Test worker] org.hibernate.SQL                        : select pd1_0.publishing_day_id,pd1_0.created_at,pd1_0.day,pd1_0.updated_at from publishing_day pd1_0 where pd1_0.day=?
Hibernate: select pd1_0.publishing_day_id,pd1_0.created_at,pd1_0.day,pd1_0.updated_at from publishing_day pd1_0 where pd1_0.day=?
2024-03-29T17:51:02.943+09:00 DEBUG 2896 --- [    Test worker] org.hibernate.SQL                        : insert into webtoon_publishing_day (created_at,publishing_day_id,updated_at,webtoon_id) values (?,?,?,?)
Hibernate: insert into webtoon_publishing_day (created_at,publishing_day_id,updated_at,webtoon_id) values (?,?,?,?)
나 혼자 만렙 뉴비
2024-03-29T17:51:02.956+09:00 DEBUG 2896 --- [    Test worker] org.hibernate.SQL                        : insert into webtoon (created_at,description,no_youth,publication_status,thumbnail,title,updated_at) values (?,?,?,?,?,?,?)
Hibernate: insert into webtoon (created_at,description,no_youth,publication_status,thumbnail,title,updated_at) values (?,?,?,?,?,?,?)
2024-03-29T17:51:02.970+09:00 DEBUG 2896 --- [    Test worker] org.hibernate.SQL                        : select pd1_0.publishing_day_id,pd1_0.created_at,pd1_0.day,pd1_0.updated_at from publishing_day pd1_0 where pd1_0.day=?
Hibernate: select pd1_0.publishing_day_id,pd1_0.created_at,pd1_0.day,pd1_0.updated_at from publishing_day pd1_0 where pd1_0.day=?
2024-03-29T17:51:02.975+09:00 DEBUG 2896 --- [    Test worker] org.hibernate.SQL                        : insert into webtoon_publishing_day (created_at,publishing_day_id,updated_at,webtoon_id) values (?,?,?,?)
Hibernate: insert into webtoon_publishing_day (created_at,publishing_day_id,updated_at,webtoon_id) values (?,?,?,?)
역대급 영지 설계사
2024-03-29T17:51:02.988+09:00 DEBUG 2896 --- [    Test worker] org.hibernate.SQL                        : insert into webtoon (created_at,description,no_youth,publication_status,thumbnail,title,updated_at) values (?,?,?,?,?,?,?)
Hibernate: insert into webtoon (created_at,description,no_youth,publication_status,thumbnail,title,updated_at) values (?,?,?,?,?,?,?)
2024-03-29T17:51:03.002+09:00 DEBUG 2896 --- [    Test worker] org.hibernate.SQL                        : select pd1_0.publishing_day_id,pd1_0.created_at,pd1_0.day,pd1_0.updated_at from publishing_day pd1_0 where pd1_0.day=?
Hibernate: select pd1_0.publishing_day_id,pd1_0.created_at,pd1_0.day,pd1_0.updated_at from publishing_day pd1_0 where pd1_0.day=?
2024-03-29T17:51:03.007+09:00 DEBUG 2896 --- [    Test worker] org.hibernate.SQL                        : insert into webtoon_publishing_day (created_at,publishing_day_id,updated_at,webtoon_id) values (?,?,?,?)
Hibernate: insert into webtoon_publishing_day (created_at,publishing_day_id,updated_at,webtoon_id) values (?,?,?,?)
재혼 황후
2024-03-29T17:51:03.018+09:00 DEBUG 2896 --- [    Test worker] org.hibernate.SQL                        : insert into webtoon (created_at,description,no_youth,publication_status,thumbnail,title,updated_at) values (?,?,?,?,?,?,?)
Hibernate: insert into webtoon (created_at,description,no_youth,publication_status,thumbnail,title,updated_at) values (?,?,?,?,?,?,?)
2024-03-29T17:51:03.031+09:00 DEBUG 2896 --- [    Test worker] org.hibernate.SQL                        : select pd1_0.publishing_day_id,pd1_0.created_at,pd1_0.day,pd1_0.updated_at from publishing_day pd1_0 where pd1_0.day=?
Hibernate: select pd1_0.publishing_day_id,pd1_0.created_at,pd1_0.day,pd1_0.updated_at from publishing_day pd1_0 where pd1_0.day=?
2024-03-29T17:51:03.037+09:00 DEBUG 2896 --- [    Test worker] org.hibernate.SQL                        : insert into webtoon_publishing_day (created_at,publishing_day_id,updated_at,webtoon_id) values (?,?,?,?)
Hibernate: insert into webtoon_publishing_day (created_at,publishing_day_id,updated_at,webtoon_id) values (?,?,?,?)
상남자
2024-03-29T17:51:03.050+09:00 DEBUG 2896 --- [    Test worker] org.hibernate.SQL                        : insert into webtoon (created_at,description,no_youth,publication_status,thumbnail,title,updated_at) values (?,?,?,?,?,?,?)
Hibernate: insert into webtoon (created_at,description,no_youth,publication_status,thumbnail,title,updated_at) values (?,?,?,?,?,?,?)
2024-03-29T17:51:03.063+09:00 DEBUG 2896 --- [    Test worker] org.hibernate.SQL                        : select pd1_0.publishing_day_id,pd1_0.created_at,pd1_0.day,pd1_0.updated_at from publishing_day pd1_0 where pd1_0.day=?
Hibernate: select pd1_0.publishing_day_id,pd1_0.created_at,pd1_0.day,pd1_0.updated_at from publishing_day pd1_0 where pd1_0.day=?
2024-03-29T17:51:03.073+09:00 DEBUG 2896 --- [    Test worker] org.hibernate.SQL                        : insert into webtoon_publishing_day (created_at,publishing_day_id,updated_at,webtoon_id) values (?,?,?,?)
Hibernate: insert into webtoon_publishing_day (created_at,publishing_day_id,updated_at,webtoon_id) values (?,?,?,?)
"언니
2024-03-29T17:51:03.085+09:00 DEBUG 2896 --- [    Test worker] org.hibernate.SQL                        : insert into webtoon (created_at,description,no_youth,publication_status,thumbnail,title,updated_at) values (?,?,?,?,?,?,?)
Hibernate: insert into webtoon (created_at,description,no_youth,publication_status,thumbnail,title,updated_at) values (?,?,?,?,?,?,?)
2024-03-29T17:51:03.098+09:00 DEBUG 2896 --- [    Test worker] org.hibernate.SQL                        : select pd1_0.publishing_day_id,pd1_0.created_at,pd1_0.day,pd1_0.updated_at from publishing_day pd1_0 where pd1_0.day=?
Hibernate: select pd1_0.publishing_day_id,pd1_0.created_at,pd1_0.day,pd1_0.updated_at from publishing_day pd1_0 where pd1_0.day=?
2024-03-29T17:51:03.105+09:00 DEBUG 2896 --- [    Test worker] org.hibernate.SQL                        : insert into webtoon_publishing_day (created_at,publishing_day_id,updated_at,webtoon_id) values (?,?,?,?)
Hibernate: insert into webtoon_publishing_day (created_at,publishing_day_id,updated_at,webtoon_id) values (?,?,?,?)
개를 낳았다
2024-03-29T17:51:03.116+09:00 DEBUG 2896 --- [    Test worker] org.hibernate.SQL                        : insert into webtoon (created_at,description,no_youth,publication_status,thumbnail,title,updated_at) values (?,?,?,?,?,?,?)
Hibernate: insert into webtoon (created_at,description,no_youth,publication_status,thumbnail,title,updated_at) values (?,?,?,?,?,?,?)
2024-03-29T17:51:03.130+09:00 DEBUG 2896 --- [    Test worker] org.hibernate.SQL                        : select pd1_0.publishing_day_id,pd1_0.created_at,pd1_0.day,pd1_0.updated_at from publishing_day pd1_0 where pd1_0.day=?
Hibernate: select pd1_0.publishing_day_id,pd1_0.created_at,pd1_0.day,pd1_0.updated_at from publishing_day pd1_0 where pd1_0.day=?
2024-03-29T17:51:03.136+09:00 DEBUG 2896 --- [    Test worker] org.hibernate.SQL                        : insert into webtoon_publishing_day (created_at,publishing_day_id,updated_at,webtoon_id) values (?,?,?,?)
Hibernate: insert into webtoon_publishing_day (created_at,publishing_day_id,updated_at,webtoon_id) values (?,?,?,?)
유부 감자
2024-03-29T17:51:03.148+09:00 DEBUG 2896 --- [    Test worker] org.hibernate.SQL                        : insert into webtoon (created_at,description,no_youth,publication_status,thumbnail,title,updated_at) values (?,?,?,?,?,?,?)
Hibernate: insert into webtoon (created_at,description,no_youth,publication_status,thumbnail,title,updated_at) values (?,?,?,?,?,?,?)
2024-03-29T17:51:03.160+09:00 DEBUG 2896 --- [    Test worker] org.hibernate.SQL                        : select pd1_0.publishing_day_id,pd1_0.created_at,pd1_0.day,pd1_0.updated_at from publishing_day pd1_0 where pd1_0.day=?
Hibernate: select pd1_0.publishing_day_id,pd1_0.created_at,pd1_0.day,pd1_0.updated_at from publishing_day pd1_0 where pd1_0.day=?
2024-03-29T17:51:03.165+09:00 DEBUG 2896 --- [    Test worker] org.hibernate.SQL                        : insert into webtoon_publishing_day (created_at,publishing_day_id,updated_at,webtoon_id) values (?,?,?,?)
Hibernate: insert into webtoon_publishing_day (created_at,publishing_day_id,updated_at,webtoon_id) values (?,?,?,?)
열렙전사 3부
2024-03-29T17:51:03.177+09:00 DEBUG 2896 --- [    Test worker] org.hibernate.SQL                        : insert into webtoon (created_at,description,no_youth,publication_status,thumbnail,title,updated_at) values (?,?,?,?,?,?,?)
Hibernate: insert into webtoon (created_at,description,no_youth,publication_status,thumbnail,title,updated_at) values (?,?,?,?,?,?,?)
2024-03-29T17:51:03.189+09:00 DEBUG 2896 --- [    Test worker] org.hibernate.SQL                        : select pd1_0.publishing_day_id,pd1_0.created_at,pd1_0.day,pd1_0.updated_at from publishing_day pd1_0 where pd1_0.day=?
Hibernate: select pd1_0.publishing_day_id,pd1_0.created_at,pd1_0.day,pd1_0.updated_at from publishing_day pd1_0 where pd1_0.day=?
2024-03-29T17:51:03.194+09:00 DEBUG 2896 --- [    Test worker] org.hibernate.SQL                        : insert into webtoon_publishing_day (created_at,publishing_day_id,updated_at,webtoon_id) values (?,?,?,?)
Hibernate: insert into webtoon_publishing_day (created_at,publishing_day_id,updated_at,webtoon_id) values (?,?,?,?)
1초
2024-03-29T17:51:03.204+09:00 DEBUG 2896 --- [    Test worker] org.hibernate.SQL                        : insert into webtoon (created_at,description,no_youth,publication_status,thumbnail,title,updated_at) values (?,?,?,?,?,?,?)
Hibernate: insert into webtoon (created_at,description,no_youth,publication_status,thumbnail,title,updated_at) values (?,?,?,?,?,?,?)
2024-03-29T17:51:03.215+09:00 DEBUG 2896 --- [    Test worker] org.hibernate.SQL                        : select pd1_0.publishing_day_id,pd1_0.created_at,pd1_0.day,pd1_0.updated_at from publishing_day pd1_0 where pd1_0.day=?
Hibernate: select pd1_0.publishing_day_id,pd1_0.created_at,pd1_0.day,pd1_0.updated_at from publishing_day pd1_0 where pd1_0.day=?
2024-03-29T17:51:03.221+09:00 DEBUG 2896 --- [    Test worker] org.hibernate.SQL                        : insert into webtoon_publishing_day (created_at,publishing_day_id,updated_at,webtoon_id) values (?,?,?,?)
Hibernate: insert into webtoon_publishing_day (created_at,publishing_day_id,updated_at,webtoon_id) values (?,?,?,?)
낙향문사전
2024-03-29T17:51:03.231+09:00 DEBUG 2896 --- [    Test worker] org.hibernate.SQL                        : insert into webtoon (created_at,description,no_youth,publication_status,thumbnail,title,updated_at) values (?,?,?,?,?,?,?)
Hibernate: insert into webtoon (created_at,description,no_youth,publication_status,thumbnail,title,updated_at) values (?,?,?,?,?,?,?)
2024-03-29T17:51:03.244+09:00 DEBUG 2896 --- [    Test worker] org.hibernate.SQL                        : select pd1_0.publishing_day_id,pd1_0.created_at,pd1_0.day,pd1_0.updated_at from publishing_day pd1_0 where pd1_0.day=?
Hibernate: select pd1_0.publishing_day_id,pd1_0.created_at,pd1_0.day,pd1_0.updated_at from publishing_day pd1_0 where pd1_0.day=?
2024-03-29T17:51:03.250+09:00 DEBUG 2896 --- [    Test worker] org.hibernate.SQL                        : insert into webtoon_publishing_day (created_at,publishing_day_id,updated_at,webtoon_id) values (?,?,?,?)
Hibernate: insert into webtoon_publishing_day (created_at,publishing_day_id,updated_at,webtoon_id) values (?,?,?,?)
천하제일 대사형
2024-03-29T17:51:03.263+09:00 DEBUG 2896 --- [    Test worker] org.hibernate.SQL                        : insert into webtoon (created_at,description,no_youth,publication_status,thumbnail,title,updated_at) values (?,?,?,?,?,?,?)
Hibernate: insert into webtoon (created_at,description,no_youth,publication_status,thumbnail,title,updated_at) values (?,?,?,?,?,?,?)
2024-03-29T17:51:03.279+09:00 DEBUG 2896 --- [    Test worker] org.hibernate.SQL                        : select pd1_0.publishing_day_id,pd1_0.created_at,pd1_0.day,pd1_0.updated_at from publishing_day pd1_0 where pd1_0.day=?
Hibernate: select pd1_0.publishing_day_id,pd1_0.created_at,pd1_0.day,pd1_0.updated_at from publishing_day pd1_0 where pd1_0.day=?
2024-03-29T17:51:03.286+09:00 DEBUG 2896 --- [    Test worker] org.hibernate.SQL                        : insert into webtoon_publishing_day (created_at,publishing_day_id,updated_at,webtoon_id) values (?,?,?,?)
Hibernate: insert into webtoon_publishing_day (created_at,publishing_day_id,updated_at,webtoon_id) values (?,?,?,?)
나 혼자 탑에서 농사
2024-03-29T17:51:03.298+09:00 DEBUG 2896 --- [    Test worker] org.hibernate.SQL                        : insert into webtoon (created_at,description,no_youth,publication_status,thumbnail,title,updated_at) values (?,?,?,?,?,?,?)
Hibernate: insert into webtoon (created_at,description,no_youth,publication_status,thumbnail,title,updated_at) values (?,?,?,?,?,?,?)
2024-03-29T17:51:03.312+09:00 DEBUG 2896 --- [    Test worker] org.hibernate.SQL                        : select pd1_0.publishing_day_id,pd1_0.created_at,pd1_0.day,pd1_0.updated_at from publishing_day pd1_0 where pd1_0.day=?
Hibernate: select pd1_0.publishing_day_id,pd1_0.created_at,pd1_0.day,pd1_0.updated_at from publishing_day pd1_0 where pd1_0.day=?
2024-03-29T17:51:03.317+09:00 DEBUG 2896 --- [    Test worker] org.hibernate.SQL                        : insert into webtoon_publishing_day (created_at,publishing_day_id,updated_at,webtoon_id) values (?,?,?,?)
Hibernate: insert into webtoon_publishing_day (created_at,publishing_day_id,updated_at,webtoon_id) values (?,?,?,?)
A.I. 닥터
2024-03-29T17:51:03.330+09:00 DEBUG 2896 --- [    Test worker] org.hibernate.SQL                        : insert into webtoon (created_at,description,no_youth,publication_status,thumbnail,title,updated_at) values (?,?,?,?,?,?,?)
Hibernate: insert into webtoon (created_at,description,no_youth,publication_status,thumbnail,title,updated_at) values (?,?,?,?,?,?,?)
2024-03-29T17:51:03.342+09:00 DEBUG 2896 --- [    Test worker] org.hibernate.SQL                        : select pd1_0.publishing_day_id,pd1_0.created_at,pd1_0.day,pd1_0.updated_at from publishing_day pd1_0 where pd1_0.day=?
Hibernate: select pd1_0.publishing_day_id,pd1_0.created_at,pd1_0.day,pd1_0.updated_at from publishing_day pd1_0 where pd1_0.day=?
2024-03-29T17:51:03.348+09:00 DEBUG 2896 --- [    Test worker] org.hibernate.SQL                        : insert into webtoon_publishing_day (created_at,publishing_day_id,updated_at,webtoon_id) values (?,?,?,?)
Hibernate: insert into webtoon_publishing_day (created_at,publishing_day_id,updated_at,webtoon_id) values (?,?,?,?)
죽지 않으려면
2024-03-29T17:51:03.360+09:00 DEBUG 2896 --- [    Test worker] org.hibernate.SQL                        : insert into webtoon (created_at,description,no_youth,publication_status,thumbnail,title,updated_at) values (?,?,?,?,?,?,?)
Hibernate: insert into webtoon (created_at,description,no_youth,publication_status,thumbnail,title,updated_at) values (?,?,?,?,?,?,?)
2024-03-29T17:51:03.370+09:00 DEBUG 2896 --- [    Test worker] org.hibernate.SQL                        : select pd1_0.publishing_day_id,pd1_0.created_at,pd1_0.day,pd1_0.updated_at from publishing_day pd1_0 where pd1_0.day=?
Hibernate: select pd1_0.publishing_day_id,pd1_0.created_at,pd1_0.day,pd1_0.updated_at from publishing_day pd1_0 where pd1_0.day=?
2024-03-29T17:51:03.375+09:00 DEBUG 2896 --- [    Test worker] org.hibernate.SQL                        : insert into webtoon_publishing_day (created_at,publishing_day_id,updated_at,webtoon_id) values (?,?,?,?)
Hibernate: insert into webtoon_publishing_day (created_at,publishing_day_id,updated_at,webtoon_id) values (?,?,?,?)
전남편의 미친개를 길들였다
2024-03-29T17:51:03.386+09:00 DEBUG 2896 --- [    Test worker] org.hibernate.SQL                        : insert into webtoon (created_at,description,no_youth,publication_status,thumbnail,title,updated_at) values (?,?,?,?,?,?,?)
Hibernate: insert into webtoon (created_at,description,no_youth,publication_status,thumbnail,title,updated_at) values (?,?,?,?,?,?,?)
2024-03-29T17:51:03.397+09:00 DEBUG 2896 --- [    Test worker] org.hibernate.SQL                        : select pd1_0.publishing_day_id,pd1_0.created_at,pd1_0.day,pd1_0.updated_at from publishing_day pd1_0 where pd1_0.day=?
Hibernate: select pd1_0.publishing_day_id,pd1_0.created_at,pd1_0.day,pd1_0.updated_at from publishing_day pd1_0 where pd1_0.day=?
2024-03-29T17:51:03.402+09:00 DEBUG 2896 --- [    Test worker] org.hibernate.SQL                        : insert into webtoon_publishing_day (created_at,publishing_day_id,updated_at,webtoon_id) values (?,?,?,?)
Hibernate: insert into webtoon_publishing_day (created_at,publishing_day_id,updated_at,webtoon_id) values (?,?,?,?)
가장 썩은 것을 줄게
2024-03-29T17:51:03.412+09:00 DEBUG 2896 --- [    Test worker] org.hibernate.SQL                        : insert into webtoon (created_at,description,no_youth,publication_status,thumbnail,title,updated_at) values (?,?,?,?,?,?,?)
Hibernate: insert into webtoon (created_at,description,no_youth,publication_status,thumbnail,title,updated_at) values (?,?,?,?,?,?,?)
2024-03-29T17:51:03.423+09:00 DEBUG 2896 --- [    Test worker] org.hibernate.SQL                        : select pd1_0.publishing_day_id,pd1_0.created_at,pd1_0.day,pd1_0.updated_at from publishing_day pd1_0 where pd1_0.day=?
Hibernate: select pd1_0.publishing_day_id,pd1_0.created_at,pd1_0.day,pd1_0.updated_at from publishing_day pd1_0 where pd1_0.day=?
2024-03-29T17:51:03.428+09:00 DEBUG 2896 --- [    Test worker] org.hibernate.SQL                        : insert into webtoon_publishing_day (created_at,publishing_day_id,updated_at,webtoon_id) values (?,?,?,?)
Hibernate: insert into webtoon_publishing_day (created_at,publishing_day_id,updated_at,webtoon_id) values (?,?,?,?)
서울역 드루이드
2024-03-29T17:51:03.437+09:00 DEBUG 2896 --- [    Test worker] org.hibernate.SQL                        : insert into webtoon (created_at,description,no_youth,publication_status,thumbnail,title,updated_at) values (?,?,?,?,?,?,?)
Hibernate: insert into webtoon (created_at,description,no_youth,publication_status,thumbnail,title,updated_at) values (?,?,?,?,?,?,?)
2024-03-29T17:51:03.448+09:00 DEBUG 2896 --- [    Test worker] org.hibernate.SQL                        : select pd1_0.publishing_day_id,pd1_0.created_at,pd1_0.day,pd1_0.updated_at from publishing_day pd1_0 where pd1_0.day=?
Hibernate: select pd1_0.publishing_day_id,pd1_0.created_at,pd1_0.day,pd1_0.updated_at from publishing_day pd1_0 where pd1_0.day=?
2024-03-29T17:51:03.452+09:00 DEBUG 2896 --- [    Test worker] org.hibernate.SQL                        : insert into webtoon_publishing_day (created_at,publishing_day_id,updated_at,webtoon_id) values (?,?,?,?)
Hibernate: insert into webtoon_publishing_day (created_at,publishing_day_id,updated_at,webtoon_id) values (?,?,?,?)
문제적 왕자님
2024-03-29T17:51:03.464+09:00 DEBUG 2896 --- [    Test worker] org.hibernate.SQL                        : insert into webtoon (created_at,description,no_youth,publication_status,thumbnail,title,updated_at) values (?,?,?,?,?,?,?)
Hibernate: insert into webtoon (created_at,description,no_youth,publication_status,thumbnail,title,updated_at) values (?,?,?,?,?,?,?)
2024-03-29T17:51:03.474+09:00 DEBUG 2896 --- [    Test worker] org.hibernate.SQL                        : select pd1_0.publishing_day_id,pd1_0.created_at,pd1_0.day,pd1_0.updated_at from publishing_day pd1_0 where pd1_0.day=?
Hibernate: select pd1_0.publishing_day_id,pd1_0.created_at,pd1_0.day,pd1_0.updated_at from publishing_day pd1_0 where pd1_0.day=?
2024-03-29T17:51:03.479+09:00 DEBUG 2896 --- [    Test worker] org.hibernate.SQL                        : insert into webtoon_publishing_day (created_at,publishing_day_id,updated_at,webtoon_id) values (?,?,?,?)
Hibernate: insert into webtoon_publishing_day (created_at,publishing_day_id,updated_at,webtoon_id) values (?,?,?,?)
연애의 기록
2024-03-29T17:51:03.491+09:00 DEBUG 2896 --- [    Test worker] org.hibernate.SQL                        : insert into webtoon (created_at,description,no_youth,publication_status,thumbnail,title,updated_at) values (?,?,?,?,?,?,?)
Hibernate: insert into webtoon (created_at,description,no_youth,publication_status,thumbnail,title,updated_at) values (?,?,?,?,?,?,?)
2024-03-29T17:51:03.502+09:00 DEBUG 2896 --- [    Test worker] org.hibernate.SQL                        : select pd1_0.publishing_day_id,pd1_0.created_at,pd1_0.day,pd1_0.updated_at from publishing_day pd1_0 where pd1_0.day=?
Hibernate: select pd1_0.publishing_day_id,pd1_0.created_at,pd1_0.day,pd1_0.updated_at from publishing_day pd1_0 where pd1_0.day=?
2024-03-29T17:51:03.507+09:00 DEBUG 2896 --- [    Test worker] org.hibernate.SQL                        : insert into webtoon_publishing_day (created_at,publishing_day_id,updated_at,webtoon_id) values (?,?,?,?)
Hibernate: insert into webtoon_publishing_day (created_at,publishing_day_id,updated_at,webtoon_id) values (?,?,?,?)
삼국지톡
2024-03-29T17:51:03.518+09:00 DEBUG 2896 --- [    Test worker] org.hibernate.SQL                        : insert into webtoon (created_at,description,no_youth,publication_status,thumbnail,title,updated_at) values (?,?,?,?,?,?,?)
Hibernate: insert into webtoon (created_at,description,no_youth,publication_status,thumbnail,title,updated_at) values (?,?,?,?,?,?,?)
2024-03-29T17:51:03.529+09:00 DEBUG 2896 --- [    Test worker] org.hibernate.SQL                        : select pd1_0.publishing_day_id,pd1_0.created_at,pd1_0.day,pd1_0.updated_at from publishing_day pd1_0 where pd1_0.day=?
Hibernate: select pd1_0.publishing_day_id,pd1_0.created_at,pd1_0.day,pd1_0.updated_at from publishing_day pd1_0 where pd1_0.day=?
2024-03-29T17:51:03.534+09:00 DEBUG 2896 --- [    Test worker] org.hibernate.SQL                        : insert into webtoon_publishing_day (created_at,publishing_day_id,updated_at,webtoon_id) values (?,?,?,?)
Hibernate: insert into webtoon_publishing_day (created_at,publishing_day_id,updated_at,webtoon_id) values (?,?,?,?)
말년용사
2024-03-29T17:51:03.546+09:00 DEBUG 2896 --- [    Test worker] org.hibernate.SQL                        : insert into webtoon (created_at,description,no_youth,publication_status,thumbnail,title,updated_at) values (?,?,?,?,?,?,?)
Hibernate: insert into webtoon (created_at,description,no_youth,publication_status,thumbnail,title,updated_at) values (?,?,?,?,?,?,?)
2024-03-29T17:51:03.557+09:00 DEBUG 2896 --- [    Test worker] org.hibernate.SQL                        : select pd1_0.publishing_day_id,pd1_0.created_at,pd1_0.day,pd1_0.updated_at from publishing_day pd1_0 where pd1_0.day=?
Hibernate: select pd1_0.publishing_day_id,pd1_0.created_at,pd1_0.day,pd1_0.updated_at from publishing_day pd1_0 where pd1_0.day=?
2024-03-29T17:51:03.562+09:00 DEBUG 2896 --- [    Test worker] org.hibernate.SQL                        : insert into webtoon_publishing_day (created_at,publishing_day_id,updated_at,webtoon_id) values (?,?,?,?)
Hibernate: insert into webtoon_publishing_day (created_at,publishing_day_id,updated_at,webtoon_id) values (?,?,?,?)
브레이커 : 이터널 포스
2024-03-29T17:51:03.573+09:00 DEBUG 2896 --- [    Test worker] org.hibernate.SQL                        : insert into webtoon (created_at,description,no_youth,publication_status,thumbnail,title,updated_at) values (?,?,?,?,?,?,?)
Hibernate: insert into webtoon (created_at,description,no_youth,publication_status,thumbnail,title,updated_at) values (?,?,?,?,?,?,?)
2024-03-29T17:51:03.585+09:00 DEBUG 2896 --- [    Test worker] org.hibernate.SQL                        : select pd1_0.publishing_day_id,pd1_0.created_at,pd1_0.day,pd1_0.updated_at from publishing_day pd1_0 where pd1_0.day=?
Hibernate: select pd1_0.publishing_day_id,pd1_0.created_at,pd1_0.day,pd1_0.updated_at from publishing_day pd1_0 where pd1_0.day=?
2024-03-29T17:51:03.590+09:00 DEBUG 2896 --- [    Test worker] org.hibernate.SQL                        : insert into webtoon_publishing_day (created_at,publishing_day_id,updated_at,webtoon_id) values (?,?,?,?)
Hibernate: insert into webtoon_publishing_day (created_at,publishing_day_id,updated_at,webtoon_id) values (?,?,?,?)
약탈 신부
2024-03-29T17:51:03.600+09:00 DEBUG 2896 --- [    Test worker] org.hibernate.SQL                        : insert into webtoon (created_at,description,no_youth,publication_status,thumbnail,title,updated_at) values (?,?,?,?,?,?,?)
Hibernate: insert into webtoon (created_at,description,no_youth,publication_status,thumbnail,title,updated_at) values (?,?,?,?,?,?,?)
2024-03-29T17:51:03.611+09:00 DEBUG 2896 --- [    Test worker] org.hibernate.SQL                        : select pd1_0.publishing_day_id,pd1_0.created_at,pd1_0.day,pd1_0.updated_at from publishing_day pd1_0 where pd1_0.day=?
Hibernate: select pd1_0.publishing_day_id,pd1_0.created_at,pd1_0.day,pd1_0.updated_at from publishing_day pd1_0 where pd1_0.day=?
2024-03-29T17:51:03.614+09:00 DEBUG 2896 --- [    Test worker] org.hibernate.SQL                        : insert into webtoon_publishing_day (created_at,publishing_day_id,updated_at,webtoon_id) values (?,?,?,?)
Hibernate: insert into webtoon_publishing_day (created_at,publishing_day_id,updated_at,webtoon_id) values (?,?,?,?)
대신 살쪄주는 여자
2024-03-29T17:51:03.625+09:00 DEBUG 2896 --- [    Test worker] org.hibernate.SQL                        : insert into webtoon (created_at,description,no_youth,publication_status,thumbnail,title,updated_at) values (?,?,?,?,?,?,?)
Hibernate: insert into webtoon (created_at,description,no_youth,publication_status,thumbnail,title,updated_at) values (?,?,?,?,?,?,?)
2024-03-29T17:51:03.633+09:00 DEBUG 2896 --- [    Test worker] org.hibernate.SQL                        : select pd1_0.publishing_day_id,pd1_0.created_at,pd1_0.day,pd1_0.updated_at from publishing_day pd1_0 where pd1_0.day=?
Hibernate: select pd1_0.publishing_day_id,pd1_0.created_at,pd1_0.day,pd1_0.updated_at from publishing_day pd1_0 where pd1_0.day=?
2024-03-29T17:51:03.638+09:00 DEBUG 2896 --- [    Test worker] org.hibernate.SQL                        : insert into webtoon_publishing_day (created_at,publishing_day_id,updated_at,webtoon_id) values (?,?,?,?)
Hibernate: insert into webtoon_publishing_day (created_at,publishing_day_id,updated_at,webtoon_id) values (?,?,?,?)
펜홀더
2024-03-29T17:51:03.646+09:00 DEBUG 2896 --- [    Test worker] org.hibernate.SQL                        : insert into webtoon (created_at,description,no_youth,publication_status,thumbnail,title,updated_at) values (?,?,?,?,?,?,?)
Hibernate: insert into webtoon (created_at,description,no_youth,publication_status,thumbnail,title,updated_at) values (?,?,?,?,?,?,?)
2024-03-29T17:51:03.655+09:00 DEBUG 2896 --- [    Test worker] org.hibernate.SQL                        : select pd1_0.publishing_day_id,pd1_0.created_at,pd1_0.day,pd1_0.updated_at from publishing_day pd1_0 where pd1_0.day=?
Hibernate: select pd1_0.publishing_day_id,pd1_0.created_at,pd1_0.day,pd1_0.updated_at from publishing_day pd1_0 where pd1_0.day=?
2024-03-29T17:51:03.660+09:00 DEBUG 2896 --- [    Test worker] org.hibernate.SQL                        : insert into webtoon_publishing_day (created_at,publishing_day_id,updated_at,webtoon_id) values (?,?,?,?)
Hibernate: insert into webtoon_publishing_day (created_at,publishing_day_id,updated_at,webtoon_id) values (?,?,?,?)
여동생은 오늘 밤 나를 간택한다
2024-03-29T17:51:03.669+09:00 DEBUG 2896 --- [    Test worker] org.hibernate.SQL                        : insert into webtoon (created_at,description,no_youth,publication_status,thumbnail,title,updated_at) values (?,?,?,?,?,?,?)
Hibernate: insert into webtoon (created_at,description,no_youth,publication_status,thumbnail,title,updated_at) values (?,?,?,?,?,?,?)
2024-03-29T17:51:03.681+09:00 DEBUG 2896 --- [    Test worker] org.hibernate.SQL                        : select pd1_0.publishing_day_id,pd1_0.created_at,pd1_0.day,pd1_0.updated_at from publishing_day pd1_0 where pd1_0.day=?
Hibernate: select pd1_0.publishing_day_id,pd1_0.created_at,pd1_0.day,pd1_0.updated_at from publishing_day pd1_0 where pd1_0.day=?
2024-03-29T17:51:03.686+09:00 DEBUG 2896 --- [    Test worker] org.hibernate.SQL                        : insert into webtoon_publishing_day (created_at,publishing_day_id,updated_at,webtoon_id) values (?,?,?,?)
Hibernate: insert into webtoon_publishing_day (created_at,publishing_day_id,updated_at,webtoon_id) values (?,?,?,?)
더 게이머
2024-03-29T17:51:03.696+09:00 DEBUG 2896 --- [    Test worker] org.hibernate.SQL                        : insert into webtoon (created_at,description,no_youth,publication_status,thumbnail,title,updated_at) values (?,?,?,?,?,?,?)
Hibernate: insert into webtoon (created_at,description,no_youth,publication_status,thumbnail,title,updated_at) values (?,?,?,?,?,?,?)
2024-03-29T17:51:03.708+09:00 DEBUG 2896 --- [    Test worker] org.hibernate.SQL                        : select pd1_0.publishing_day_id,pd1_0.created_at,pd1_0.day,pd1_0.updated_at from publishing_day pd1_0 where pd1_0.day=?
Hibernate: select pd1_0.publishing_day_id,pd1_0.created_at,pd1_0.day,pd1_0.updated_at from publishing_day pd1_0 where pd1_0.day=?
2024-03-29T17:51:03.714+09:00 DEBUG 2896 --- [    Test worker] org.hibernate.SQL                        : insert into webtoon_publishing_day (created_at,publishing_day_id,updated_at,webtoon_id) values (?,?,?,?)
Hibernate: insert into webtoon_publishing_day (created_at,publishing_day_id,updated_at,webtoon_id) values (?,?,?,?)
히어로 킬러
2024-03-29T17:51:03.725+09:00 DEBUG 2896 --- [    Test worker] org.hibernate.SQL                        : insert into webtoon (created_at,description,no_youth,publication_status,thumbnail,title,updated_at) values (?,?,?,?,?,?,?)
Hibernate: insert into webtoon (created_at,description,no_youth,publication_status,thumbnail,title,updated_at) values (?,?,?,?,?,?,?)
2024-03-29T17:51:03.738+09:00 DEBUG 2896 --- [    Test worker] org.hibernate.SQL                        : select pd1_0.publishing_day_id,pd1_0.created_at,pd1_0.day,pd1_0.updated_at from publishing_day pd1_0 where pd1_0.day=?
Hibernate: select pd1_0.publishing_day_id,pd1_0.created_at,pd1_0.day,pd1_0.updated_at from publishing_day pd1_0 where pd1_0.day=?
2024-03-29T17:51:03.744+09:00 DEBUG 2896 --- [    Test worker] org.hibernate.SQL                        : insert into webtoon_publishing_day (created_at,publishing_day_id,updated_at,webtoon_id) values (?,?,?,?)
Hibernate: insert into webtoon_publishing_day (created_at,publishing_day_id,updated_at,webtoon_id) values (?,?,?,?)
새동네
2024-03-29T17:51:03.756+09:00 DEBUG 2896 --- [    Test worker] org.hibernate.SQL                        : insert into webtoon (created_at,description,no_youth,publication_status,thumbnail,title,updated_at) values (?,?,?,?,?,?,?)
Hibernate: insert into webtoon (created_at,description,no_youth,publication_status,thumbnail,title,updated_at) values (?,?,?,?,?,?,?)
2024-03-29T17:51:03.766+09:00 DEBUG 2896 --- [    Test worker] org.hibernate.SQL                        : select pd1_0.publishing_day_id,pd1_0.created_at,pd1_0.day,pd1_0.updated_at from publishing_day pd1_0 where pd1_0.day=?
Hibernate: select pd1_0.publishing_day_id,pd1_0.created_at,pd1_0.day,pd1_0.updated_at from publishing_day pd1_0 where pd1_0.day=?
2024-03-29T17:51:03.771+09:00 DEBUG 2896 --- [    Test worker] org.hibernate.SQL                        : insert into webtoon_publishing_day (created_at,publishing_day_id,updated_at,webtoon_id) values (?,?,?,?)
Hibernate: insert into webtoon_publishing_day (created_at,publishing_day_id,updated_at,webtoon_id) values (?,?,?,?)
그렇게 물거품이 되어도
2024-03-29T17:51:03.780+09:00 DEBUG 2896 --- [    Test worker] org.hibernate.SQL                        : insert into webtoon (created_at,description,no_youth,publication_status,thumbnail,title,updated_at) values (?,?,?,?,?,?,?)
Hibernate: insert into webtoon (created_at,description,no_youth,publication_status,thumbnail,title,updated_at) values (?,?,?,?,?,?,?)
2024-03-29T17:51:03.791+09:00 DEBUG 2896 --- [    Test worker] org.hibernate.SQL                        : select pd1_0.publishing_day_id,pd1_0.created_at,pd1_0.day,pd1_0.updated_at from publishing_day pd1_0 where pd1_0.day=?
Hibernate: select pd1_0.publishing_day_id,pd1_0.created_at,pd1_0.day,pd1_0.updated_at from publishing_day pd1_0 where pd1_0.day=?
2024-03-29T17:51:03.795+09:00 DEBUG 2896 --- [    Test worker] org.hibernate.SQL                        : insert into webtoon_publishing_day (created_at,publishing_day_id,updated_at,webtoon_id) values (?,?,?,?)
Hibernate: insert into webtoon_publishing_day (created_at,publishing_day_id,updated_at,webtoon_id) values (?,?,?,?)
뫼신 사냥꾼
2024-03-29T17:51:03.806+09:00 DEBUG 2896 --- [    Test worker] org.hibernate.SQL                        : insert into webtoon (created_at,description,no_youth,publication_status,thumbnail,title,updated_at) values (?,?,?,?,?,?,?)
Hibernate: insert into webtoon (created_at,description,no_youth,publication_status,thumbnail,title,updated_at) values (?,?,?,?,?,?,?)
2024-03-29T17:51:03.817+09:00 DEBUG 2896 --- [    Test worker] org.hibernate.SQL                        : select pd1_0.publishing_day_id,pd1_0.created_at,pd1_0.day,pd1_0.updated_at from publishing_day pd1_0 where pd1_0.day=?
Hibernate: select pd1_0.publishing_day_id,pd1_0.created_at,pd1_0.day,pd1_0.updated_at from publishing_day pd1_0 where pd1_0.day=?
2024-03-29T17:51:03.822+09:00 DEBUG 2896 --- [    Test worker] org.hibernate.SQL                        : insert into webtoon_publishing_day (created_at,publishing_day_id,updated_at,webtoon_id) values (?,?,?,?)
Hibernate: insert into webtoon_publishing_day (created_at,publishing_day_id,updated_at,webtoon_id) values (?,?,?,?)
그 기사가 레이디로 사는 법
2024-03-29T17:51:03.831+09:00 DEBUG 2896 --- [    Test worker] org.hibernate.SQL                        : insert into webtoon (created_at,description,no_youth,publication_status,thumbnail,title,updated_at) values (?,?,?,?,?,?,?)
Hibernate: insert into webtoon (created_at,description,no_youth,publication_status,thumbnail,title,updated_at) values (?,?,?,?,?,?,?)
2024-03-29T17:51:03.841+09:00 DEBUG 2896 --- [    Test worker] org.hibernate.SQL                        : select pd1_0.publishing_day_id,pd1_0.created_at,pd1_0.day,pd1_0.updated_at from publishing_day pd1_0 where pd1_0.day=?
Hibernate: select pd1_0.publishing_day_id,pd1_0.created_at,pd1_0.day,pd1_0.updated_at from publishing_day pd1_0 where pd1_0.day=?
2024-03-29T17:51:03.846+09:00 DEBUG 2896 --- [    Test worker] org.hibernate.SQL                        : insert into webtoon_publishing_day (created_at,publishing_day_id,updated_at,webtoon_id) values (?,?,?,?)
Hibernate: insert into webtoon_publishing_day (created_at,publishing_day_id,updated_at,webtoon_id) values (?,?,?,?)
미친 후작을 길들이고 말았다
2024-03-29T17:51:03.854+09:00 DEBUG 2896 --- [    Test worker] org.hibernate.SQL                        : insert into webtoon (created_at,description,no_youth,publication_status,thumbnail,title,updated_at) values (?,?,?,?,?,?,?)
Hibernate: insert into webtoon (created_at,description,no_youth,publication_status,thumbnail,title,updated_at) values (?,?,?,?,?,?,?)
2024-03-29T17:51:03.864+09:00 DEBUG 2896 --- [    Test worker] org.hibernate.SQL                        : select pd1_0.publishing_day_id,pd1_0.created_at,pd1_0.day,pd1_0.updated_at from publishing_day pd1_0 where pd1_0.day=?
Hibernate: select pd1_0.publishing_day_id,pd1_0.created_at,pd1_0.day,pd1_0.updated_at from publishing_day pd1_0 where pd1_0.day=?
2024-03-29T17:51:03.869+09:00 DEBUG 2896 --- [    Test worker] org.hibernate.SQL                        : insert into webtoon_publishing_day (created_at,publishing_day_id,updated_at,webtoon_id) values (?,?,?,?)
Hibernate: insert into webtoon_publishing_day (created_at,publishing_day_id,updated_at,webtoon_id) values (?,?,?,?)
플레이어
2024-03-29T17:51:03.880+09:00 DEBUG 2896 --- [    Test worker] org.hibernate.SQL                        : insert into webtoon (created_at,description,no_youth,publication_status,thumbnail,title,updated_at) values (?,?,?,?,?,?,?)
Hibernate: insert into webtoon (created_at,description,no_youth,publication_status,thumbnail,title,updated_at) values (?,?,?,?,?,?,?)
2024-03-29T17:51:03.892+09:00 DEBUG 2896 --- [    Test worker] org.hibernate.SQL                        : select pd1_0.publishing_day_id,pd1_0.created_at,pd1_0.day,pd1_0.updated_at from publishing_day pd1_0 where pd1_0.day=?
Hibernate: select pd1_0.publishing_day_id,pd1_0.created_at,pd1_0.day,pd1_0.updated_at from publishing_day pd1_0 where pd1_0.day=?
2024-03-29T17:51:03.896+09:00 DEBUG 2896 --- [    Test worker] org.hibernate.SQL                        : insert into webtoon_publishing_day (created_at,publishing_day_id,updated_at,webtoon_id) values (?,?,?,?)
Hibernate: insert into webtoon_publishing_day (created_at,publishing_day_id,updated_at,webtoon_id) values (?,?,?,?)
벌집
2024-03-29T17:51:03.908+09:00 DEBUG 2896 --- [    Test worker] org.hibernate.SQL                        : insert into webtoon (created_at,description,no_youth,publication_status,thumbnail,title,updated_at) values (?,?,?,?,?,?,?)
Hibernate: insert into webtoon (created_at,description,no_youth,publication_status,thumbnail,title,updated_at) values (?,?,?,?,?,?,?)
2024-03-29T17:51:03.923+09:00 DEBUG 2896 --- [    Test worker] org.hibernate.SQL                        : select pd1_0.publishing_day_id,pd1_0.created_at,pd1_0.day,pd1_0.updated_at from publishing_day pd1_0 where pd1_0.day=?
Hibernate: select pd1_0.publishing_day_id,pd1_0.created_at,pd1_0.day,pd1_0.updated_at from publishing_day pd1_0 where pd1_0.day=?
2024-03-29T17:51:03.928+09:00 DEBUG 2896 --- [    Test worker] org.hibernate.SQL                        : insert into webtoon_publishing_day (created_at,publishing_day_id,updated_at,webtoon_id) values (?,?,?,?)
Hibernate: insert into webtoon_publishing_day (created_at,publishing_day_id,updated_at,webtoon_id) values (?,?,?,?)
온리호프
2024-03-29T17:51:03.939+09:00 DEBUG 2896 --- [    Test worker] org.hibernate.SQL                        : insert into webtoon (created_at,description,no_youth,publication_status,thumbnail,title,updated_at) values (?,?,?,?,?,?,?)
Hibernate: insert into webtoon (created_at,description,no_youth,publication_status,thumbnail,title,updated_at) values (?,?,?,?,?,?,?)
2024-03-29T17:51:03.949+09:00 DEBUG 2896 --- [    Test worker] org.hibernate.SQL                        : select pd1_0.publishing_day_id,pd1_0.created_at,pd1_0.day,pd1_0.updated_at from publishing_day pd1_0 where pd1_0.day=?
Hibernate: select pd1_0.publishing_day_id,pd1_0.created_at,pd1_0.day,pd1_0.updated_at from publishing_day pd1_0 where pd1_0.day=?
2024-03-29T17:51:03.953+09:00 DEBUG 2896 --- [    Test worker] org.hibernate.SQL                        : insert into webtoon_publishing_day (created_at,publishing_day_id,updated_at,webtoon_id) values (?,?,?,?)
Hibernate: insert into webtoon_publishing_day (created_at,publishing_day_id,updated_at,webtoon_id) values (?,?,?,?)
도깨비의 밤
2024-03-29T17:51:03.963+09:00 DEBUG 2896 --- [    Test worker] org.hibernate.SQL                        : insert into webtoon (created_at,description,no_youth,publication_status,thumbnail,title,updated_at) values (?,?,?,?,?,?,?)
Hibernate: insert into webtoon (created_at,description,no_youth,publication_status,thumbnail,title,updated_at) values (?,?,?,?,?,?,?)
2024-03-29T17:51:03.973+09:00 DEBUG 2896 --- [    Test worker] org.hibernate.SQL                        : select pd1_0.publishing_day_id,pd1_0.created_at,pd1_0.day,pd1_0.updated_at from publishing_day pd1_0 where pd1_0.day=?
Hibernate: select pd1_0.publishing_day_id,pd1_0.created_at,pd1_0.day,pd1_0.updated_at from publishing_day pd1_0 where pd1_0.day=?
2024-03-29T17:51:03.992+09:00 DEBUG 2896 --- [    Test worker] org.hibernate.SQL                        : insert into webtoon_publishing_day (created_at,publishing_day_id,updated_at,webtoon_id) values (?,?,?,?)
Hibernate: insert into webtoon_publishing_day (created_at,publishing_day_id,updated_at,webtoon_id) values (?,?,?,?)
흑요석의 신부
2024-03-29T17:51:04.003+09:00 DEBUG 2896 --- [    Test worker] org.hibernate.SQL                        : insert into webtoon (created_at,description,no_youth,publication_status,thumbnail,title,updated_at) values (?,?,?,?,?,?,?)
Hibernate: insert into webtoon (created_at,description,no_youth,publication_status,thumbnail,title,updated_at) values (?,?,?,?,?,?,?)
2024-03-29T17:51:04.012+09:00 DEBUG 2896 --- [    Test worker] org.hibernate.SQL                        : select pd1_0.publishing_day_id,pd1_0.created_at,pd1_0.day,pd1_0.updated_at from publishing_day pd1_0 where pd1_0.day=?
Hibernate: select pd1_0.publishing_day_id,pd1_0.created_at,pd1_0.day,pd1_0.updated_at from publishing_day pd1_0 where pd1_0.day=?
2024-03-29T17:51:04.017+09:00 DEBUG 2896 --- [    Test worker] org.hibernate.SQL                        : insert into webtoon_publishing_day (created_at,publishing_day_id,updated_at,webtoon_id) values (?,?,?,?)
Hibernate: insert into webtoon_publishing_day (created_at,publishing_day_id,updated_at,webtoon_id) values (?,?,?,?)
도무지 그애는
2024-03-29T17:51:04.026+09:00 DEBUG 2896 --- [    Test worker] org.hibernate.SQL                        : insert into webtoon (created_at,description,no_youth,publication_status,thumbnail,title,updated_at) values (?,?,?,?,?,?,?)
Hibernate: insert into webtoon (created_at,description,no_youth,publication_status,thumbnail,title,updated_at) values (?,?,?,?,?,?,?)
2024-03-29T17:51:04.036+09:00 DEBUG 2896 --- [    Test worker] org.hibernate.SQL                        : select pd1_0.publishing_day_id,pd1_0.created_at,pd1_0.day,pd1_0.updated_at from publishing_day pd1_0 where pd1_0.day=?
Hibernate: select pd1_0.publishing_day_id,pd1_0.created_at,pd1_0.day,pd1_0.updated_at from publishing_day pd1_0 where pd1_0.day=?
2024-03-29T17:51:04.042+09:00 DEBUG 2896 --- [    Test worker] org.hibernate.SQL                        : insert into webtoon_publishing_day (created_at,publishing_day_id,updated_at,webtoon_id) values (?,?,?,?)
Hibernate: insert into webtoon_publishing_day (created_at,publishing_day_id,updated_at,webtoon_id) values (?,?,?,?)
아카데미에서 살아남기
2024-03-29T17:51:04.052+09:00 DEBUG 2896 --- [    Test worker] org.hibernate.SQL                        : insert into webtoon (created_at,description,no_youth,publication_status,thumbnail,title,updated_at) values (?,?,?,?,?,?,?)
Hibernate: insert into webtoon (created_at,description,no_youth,publication_status,thumbnail,title,updated_at) values (?,?,?,?,?,?,?)
2024-03-29T17:51:04.064+09:00 DEBUG 2896 --- [    Test worker] org.hibernate.SQL                        : select pd1_0.publishing_day_id,pd1_0.created_at,pd1_0.day,pd1_0.updated_at from publishing_day pd1_0 where pd1_0.day=?
Hibernate: select pd1_0.publishing_day_id,pd1_0.created_at,pd1_0.day,pd1_0.updated_at from publishing_day pd1_0 where pd1_0.day=?
2024-03-29T17:51:04.068+09:00 DEBUG 2896 --- [    Test worker] org.hibernate.SQL                        : insert into webtoon_publishing_day (created_at,publishing_day_id,updated_at,webtoon_id) values (?,?,?,?)
Hibernate: insert into webtoon_publishing_day (created_at,publishing_day_id,updated_at,webtoon_id) values (?,?,?,?)
대위님! 이번 전쟁터는 이곳인가요?
2024-03-29T17:51:04.078+09:00 DEBUG 2896 --- [    Test worker] org.hibernate.SQL                        : insert into webtoon (created_at,description,no_youth,publication_status,thumbnail,title,updated_at) values (?,?,?,?,?,?,?)
Hibernate: insert into webtoon (created_at,description,no_youth,publication_status,thumbnail,title,updated_at) values (?,?,?,?,?,?,?)
2024-03-29T17:51:04.090+09:00 DEBUG 2896 --- [    Test worker] org.hibernate.SQL                        : select pd1_0.publishing_day_id,pd1_0.created_at,pd1_0.day,pd1_0.updated_at from publishing_day pd1_0 where pd1_0.day=?
Hibernate: select pd1_0.publishing_day_id,pd1_0.created_at,pd1_0.day,pd1_0.updated_at from publishing_day pd1_0 where pd1_0.day=?
2024-03-29T17:51:04.096+09:00 DEBUG 2896 --- [    Test worker] org.hibernate.SQL                        : insert into webtoon_publishing_day (created_at,publishing_day_id,updated_at,webtoon_id) values (?,?,?,?)
Hibernate: insert into webtoon_publishing_day (created_at,publishing_day_id,updated_at,webtoon_id) values (?,?,?,?)
소름일기
2024-03-29T17:51:04.109+09:00 DEBUG 2896 --- [    Test worker] org.hibernate.SQL                        : insert into webtoon (created_at,description,no_youth,publication_status,thumbnail,title,updated_at) values (?,?,?,?,?,?,?)
Hibernate: insert into webtoon (created_at,description,no_youth,publication_status,thumbnail,title,updated_at) values (?,?,?,?,?,?,?)
2024-03-29T17:51:04.122+09:00 DEBUG 2896 --- [    Test worker] org.hibernate.SQL                        : select pd1_0.publishing_day_id,pd1_0.created_at,pd1_0.day,pd1_0.updated_at from publishing_day pd1_0 where pd1_0.day=?
Hibernate: select pd1_0.publishing_day_id,pd1_0.created_at,pd1_0.day,pd1_0.updated_at from publishing_day pd1_0 where pd1_0.day=?
2024-03-29T17:51:04.128+09:00 DEBUG 2896 --- [    Test worker] org.hibernate.SQL                        : insert into webtoon_publishing_day (created_at,publishing_day_id,updated_at,webtoon_id) values (?,?,?,?)
Hibernate: insert into webtoon_publishing_day (created_at,publishing_day_id,updated_at,webtoon_id) values (?,?,?,?)
뼈왕
2024-03-29T17:51:04.140+09:00 DEBUG 2896 --- [    Test worker] org.hibernate.SQL                        : insert into webtoon (created_at,description,no_youth,publication_status,thumbnail,title,updated_at) values (?,?,?,?,?,?,?)
Hibernate: insert into webtoon (created_at,description,no_youth,publication_status,thumbnail,title,updated_at) values (?,?,?,?,?,?,?)
2024-03-29T17:51:04.151+09:00 DEBUG 2896 --- [    Test worker] org.hibernate.SQL                        : select pd1_0.publishing_day_id,pd1_0.created_at,pd1_0.day,pd1_0.updated_at from publishing_day pd1_0 where pd1_0.day=?
Hibernate: select pd1_0.publishing_day_id,pd1_0.created_at,pd1_0.day,pd1_0.updated_at from publishing_day pd1_0 where pd1_0.day=?
2024-03-29T17:51:04.157+09:00 DEBUG 2896 --- [    Test worker] org.hibernate.SQL                        : insert into webtoon_publishing_day (created_at,publishing_day_id,updated_at,webtoon_id) values (?,?,?,?)
Hibernate: insert into webtoon_publishing_day (created_at,publishing_day_id,updated_at,webtoon_id) values (?,?,?,?)
공동급식구역
2024-03-29T17:51:04.168+09:00 DEBUG 2896 --- [    Test worker] org.hibernate.SQL                        : insert into webtoon (created_at,description,no_youth,publication_status,thumbnail,title,updated_at) values (?,?,?,?,?,?,?)
Hibernate: insert into webtoon (created_at,description,no_youth,publication_status,thumbnail,title,updated_at) values (?,?,?,?,?,?,?)
2024-03-29T17:51:04.179+09:00 DEBUG 2896 --- [    Test worker] org.hibernate.SQL                        : select pd1_0.publishing_day_id,pd1_0.created_at,pd1_0.day,pd1_0.updated_at from publishing_day pd1_0 where pd1_0.day=?
Hibernate: select pd1_0.publishing_day_id,pd1_0.created_at,pd1_0.day,pd1_0.updated_at from publishing_day pd1_0 where pd1_0.day=?
2024-03-29T17:51:04.184+09:00 DEBUG 2896 --- [    Test worker] org.hibernate.SQL                        : insert into webtoon_publishing_day (created_at,publishing_day_id,updated_at,webtoon_id) values (?,?,?,?)
Hibernate: insert into webtoon_publishing_day (created_at,publishing_day_id,updated_at,webtoon_id) values (?,?,?,?)
소곤소곤2
2024-03-29T17:51:04.195+09:00 DEBUG 2896 --- [    Test worker] org.hibernate.SQL                        : insert into webtoon (created_at,description,no_youth,publication_status,thumbnail,title,updated_at) values (?,?,?,?,?,?,?)
Hibernate: insert into webtoon (created_at,description,no_youth,publication_status,thumbnail,title,updated_at) values (?,?,?,?,?,?,?)
2024-03-29T17:51:04.206+09:00 DEBUG 2896 --- [    Test worker] org.hibernate.SQL                        : select pd1_0.publishing_day_id,pd1_0.created_at,pd1_0.day,pd1_0.updated_at from publishing_day pd1_0 where pd1_0.day=?
Hibernate: select pd1_0.publishing_day_id,pd1_0.created_at,pd1_0.day,pd1_0.updated_at from publishing_day pd1_0 where pd1_0.day=?
2024-03-29T17:51:04.211+09:00 DEBUG 2896 --- [    Test worker] org.hibernate.SQL                        : insert into webtoon_publishing_day (created_at,publishing_day_id,updated_at,webtoon_id) values (?,?,?,?)
Hibernate: insert into webtoon_publishing_day (created_at,publishing_day_id,updated_at,webtoon_id) values (?,?,?,?)
킬 더 드래곤
2024-03-29T17:51:04.221+09:00 DEBUG 2896 --- [    Test worker] org.hibernate.SQL                        : insert into webtoon (created_at,description,no_youth,publication_status,thumbnail,title,updated_at) values (?,?,?,?,?,?,?)
Hibernate: insert into webtoon (created_at,description,no_youth,publication_status,thumbnail,title,updated_at) values (?,?,?,?,?,?,?)
2024-03-29T17:51:04.231+09:00 DEBUG 2896 --- [    Test worker] org.hibernate.SQL                        : select pd1_0.publishing_day_id,pd1_0.created_at,pd1_0.day,pd1_0.updated_at from publishing_day pd1_0 where pd1_0.day=?
Hibernate: select pd1_0.publishing_day_id,pd1_0.created_at,pd1_0.day,pd1_0.updated_at from publishing_day pd1_0 where pd1_0.day=?
2024-03-29T17:51:04.235+09:00 DEBUG 2896 --- [    Test worker] org.hibernate.SQL                        : insert into webtoon_publishing_day (created_at,publishing_day_id,updated_at,webtoon_id) values (?,?,?,?)
Hibernate: insert into webtoon_publishing_day (created_at,publishing_day_id,updated_at,webtoon_id) values (?,?,?,?)
로또 황녀님
2024-03-29T17:51:04.245+09:00 DEBUG 2896 --- [    Test worker] org.hibernate.SQL                        : insert into webtoon (created_at,description,no_youth,publication_status,thumbnail,title,updated_at) values (?,?,?,?,?,?,?)
Hibernate: insert into webtoon (created_at,description,no_youth,publication_status,thumbnail,title,updated_at) values (?,?,?,?,?,?,?)
2024-03-29T17:51:04.256+09:00 DEBUG 2896 --- [    Test worker] org.hibernate.SQL                        : select pd1_0.publishing_day_id,pd1_0.created_at,pd1_0.day,pd1_0.updated_at from publishing_day pd1_0 where pd1_0.day=?
Hibernate: select pd1_0.publishing_day_id,pd1_0.created_at,pd1_0.day,pd1_0.updated_at from publishing_day pd1_0 where pd1_0.day=?
2024-03-29T17:51:04.260+09:00 DEBUG 2896 --- [    Test worker] org.hibernate.SQL                        : insert into webtoon_publishing_day (created_at,publishing_day_id,updated_at,webtoon_id) values (?,?,?,?)
Hibernate: insert into webtoon_publishing_day (created_at,publishing_day_id,updated_at,webtoon_id) values (?,?,?,?)
웅크
2024-03-29T17:51:04.269+09:00 DEBUG 2896 --- [    Test worker] org.hibernate.SQL                        : insert into webtoon (created_at,description,no_youth,publication_status,thumbnail,title,updated_at) values (?,?,?,?,?,?,?)
Hibernate: insert into webtoon (created_at,description,no_youth,publication_status,thumbnail,title,updated_at) values (?,?,?,?,?,?,?)
2024-03-29T17:51:04.282+09:00 DEBUG 2896 --- [    Test worker] org.hibernate.SQL                        : select pd1_0.publishing_day_id,pd1_0.created_at,pd1_0.day,pd1_0.updated_at from publishing_day pd1_0 where pd1_0.day=?
Hibernate: select pd1_0.publishing_day_id,pd1_0.created_at,pd1_0.day,pd1_0.updated_at from publishing_day pd1_0 where pd1_0.day=?
2024-03-29T17:51:04.286+09:00 DEBUG 2896 --- [    Test worker] org.hibernate.SQL                        : insert into webtoon_publishing_day (created_at,publishing_day_id,updated_at,webtoon_id) values (?,?,?,?)
Hibernate: insert into webtoon_publishing_day (created_at,publishing_day_id,updated_at,webtoon_id) values (?,?,?,?)
스윗 싱가포르
2024-03-29T17:51:04.296+09:00 DEBUG 2896 --- [    Test worker] org.hibernate.SQL                        : insert into webtoon (created_at,description,no_youth,publication_status,thumbnail,title,updated_at) values (?,?,?,?,?,?,?)
Hibernate: insert into webtoon (created_at,description,no_youth,publication_status,thumbnail,title,updated_at) values (?,?,?,?,?,?,?)
2024-03-29T17:51:04.308+09:00 DEBUG 2896 --- [    Test worker] org.hibernate.SQL                        : select pd1_0.publishing_day_id,pd1_0.created_at,pd1_0.day,pd1_0.updated_at from publishing_day pd1_0 where pd1_0.day=?
Hibernate: select pd1_0.publishing_day_id,pd1_0.created_at,pd1_0.day,pd1_0.updated_at from publishing_day pd1_0 where pd1_0.day=?
2024-03-29T17:51:04.312+09:00 DEBUG 2896 --- [    Test worker] org.hibernate.SQL                        : insert into webtoon_publishing_day (created_at,publishing_day_id,updated_at,webtoon_id) values (?,?,?,?)
Hibernate: insert into webtoon_publishing_day (created_at,publishing_day_id,updated_at,webtoon_id) values (?,?,?,?)
그 남자의 정원
2024-03-29T17:51:04.323+09:00 DEBUG 2896 --- [    Test worker] org.hibernate.SQL                        : insert into webtoon (created_at,description,no_youth,publication_status,thumbnail,title,updated_at) values (?,?,?,?,?,?,?)
Hibernate: insert into webtoon (created_at,description,no_youth,publication_status,thumbnail,title,updated_at) values (?,?,?,?,?,?,?)
2024-03-29T17:51:04.333+09:00 DEBUG 2896 --- [    Test worker] org.hibernate.SQL                        : select pd1_0.publishing_day_id,pd1_0.created_at,pd1_0.day,pd1_0.updated_at from publishing_day pd1_0 where pd1_0.day=?
Hibernate: select pd1_0.publishing_day_id,pd1_0.created_at,pd1_0.day,pd1_0.updated_at from publishing_day pd1_0 where pd1_0.day=?
2024-03-29T17:51:04.338+09:00 DEBUG 2896 --- [    Test worker] org.hibernate.SQL                        : insert into webtoon_publishing_day (created_at,publishing_day_id,updated_at,webtoon_id) values (?,?,?,?)
Hibernate: insert into webtoon_publishing_day (created_at,publishing_day_id,updated_at,webtoon_id) values (?,?,?,?)
세자와 세자빈의 계약혼인전
2024-03-29T17:51:04.347+09:00 DEBUG 2896 --- [    Test worker] org.hibernate.SQL                        : insert into webtoon (created_at,description,no_youth,publication_status,thumbnail,title,updated_at) values (?,?,?,?,?,?,?)
Hibernate: insert into webtoon (created_at,description,no_youth,publication_status,thumbnail,title,updated_at) values (?,?,?,?,?,?,?)
2024-03-29T17:51:04.358+09:00 DEBUG 2896 --- [    Test worker] org.hibernate.SQL                        : select pd1_0.publishing_day_id,pd1_0.created_at,pd1_0.day,pd1_0.updated_at from publishing_day pd1_0 where pd1_0.day=?
Hibernate: select pd1_0.publishing_day_id,pd1_0.created_at,pd1_0.day,pd1_0.updated_at from publishing_day pd1_0 where pd1_0.day=?
2024-03-29T17:51:04.363+09:00 DEBUG 2896 --- [    Test worker] org.hibernate.SQL                        : insert into webtoon_publishing_day (created_at,publishing_day_id,updated_at,webtoon_id) values (?,?,?,?)
Hibernate: insert into webtoon_publishing_day (created_at,publishing_day_id,updated_at,webtoon_id) values (?,?,?,?)
무제인간
2024-03-29T17:51:04.373+09:00 DEBUG 2896 --- [    Test worker] org.hibernate.SQL                        : insert into webtoon (created_at,description,no_youth,publication_status,thumbnail,title,updated_at) values (?,?,?,?,?,?,?)
Hibernate: insert into webtoon (created_at,description,no_youth,publication_status,thumbnail,title,updated_at) values (?,?,?,?,?,?,?)
2024-03-29T17:51:04.383+09:00 DEBUG 2896 --- [    Test worker] org.hibernate.SQL                        : select pd1_0.publishing_day_id,pd1_0.created_at,pd1_0.day,pd1_0.updated_at from publishing_day pd1_0 where pd1_0.day=?
Hibernate: select pd1_0.publishing_day_id,pd1_0.created_at,pd1_0.day,pd1_0.updated_at from publishing_day pd1_0 where pd1_0.day=?
2024-03-29T17:51:04.388+09:00 DEBUG 2896 --- [    Test worker] org.hibernate.SQL                        : insert into webtoon_publishing_day (created_at,publishing_day_id,updated_at,webtoon_id) values (?,?,?,?)
Hibernate: insert into webtoon_publishing_day (created_at,publishing_day_id,updated_at,webtoon_id) values (?,?,?,?)
그냥 선생님
2024-03-29T17:51:04.398+09:00 DEBUG 2896 --- [    Test worker] org.hibernate.SQL                        : insert into webtoon (created_at,description,no_youth,publication_status,thumbnail,title,updated_at) values (?,?,?,?,?,?,?)
Hibernate: insert into webtoon (created_at,description,no_youth,publication_status,thumbnail,title,updated_at) values (?,?,?,?,?,?,?)
2024-03-29T17:51:04.410+09:00 DEBUG 2896 --- [    Test worker] org.hibernate.SQL                        : select pd1_0.publishing_day_id,pd1_0.created_at,pd1_0.day,pd1_0.updated_at from publishing_day pd1_0 where pd1_0.day=?
Hibernate: select pd1_0.publishing_day_id,pd1_0.created_at,pd1_0.day,pd1_0.updated_at from publishing_day pd1_0 where pd1_0.day=?
2024-03-29T17:51:04.415+09:00 DEBUG 2896 --- [    Test worker] org.hibernate.SQL                        : insert into webtoon_publishing_day (created_at,publishing_day_id,updated_at,webtoon_id) values (?,?,?,?)
Hibernate: insert into webtoon_publishing_day (created_at,publishing_day_id,updated_at,webtoon_id) values (?,?,?,?)
야수라는 공작에게 시집왔는데
2024-03-29T17:51:04.427+09:00 DEBUG 2896 --- [    Test worker] org.hibernate.SQL                        : insert into webtoon (created_at,description,no_youth,publication_status,thumbnail,title,updated_at) values (?,?,?,?,?,?,?)
Hibernate: insert into webtoon (created_at,description,no_youth,publication_status,thumbnail,title,updated_at) values (?,?,?,?,?,?,?)
2024-03-29T17:51:04.437+09:00 DEBUG 2896 --- [    Test worker] org.hibernate.SQL                        : select pd1_0.publishing_day_id,pd1_0.created_at,pd1_0.day,pd1_0.updated_at from publishing_day pd1_0 where pd1_0.day=?
Hibernate: select pd1_0.publishing_day_id,pd1_0.created_at,pd1_0.day,pd1_0.updated_at from publishing_day pd1_0 where pd1_0.day=?
2024-03-29T17:51:04.441+09:00 DEBUG 2896 --- [    Test worker] org.hibernate.SQL                        : insert into webtoon_publishing_day (created_at,publishing_day_id,updated_at,webtoon_id) values (?,?,?,?)
Hibernate: insert into webtoon_publishing_day (created_at,publishing_day_id,updated_at,webtoon_id) values (?,?,?,?)
복수 법률사무소
2024-03-29T17:51:04.451+09:00 DEBUG 2896 --- [    Test worker] org.hibernate.SQL                        : insert into webtoon (created_at,description,no_youth,publication_status,thumbnail,title,updated_at) values (?,?,?,?,?,?,?)
Hibernate: insert into webtoon (created_at,description,no_youth,publication_status,thumbnail,title,updated_at) values (?,?,?,?,?,?,?)
2024-03-29T17:51:04.461+09:00 DEBUG 2896 --- [    Test worker] org.hibernate.SQL                        : select pd1_0.publishing_day_id,pd1_0.created_at,pd1_0.day,pd1_0.updated_at from publishing_day pd1_0 where pd1_0.day=?
Hibernate: select pd1_0.publishing_day_id,pd1_0.created_at,pd1_0.day,pd1_0.updated_at from publishing_day pd1_0 where pd1_0.day=?
2024-03-29T17:51:04.466+09:00 DEBUG 2896 --- [    Test worker] org.hibernate.SQL                        : insert into webtoon_publishing_day (created_at,publishing_day_id,updated_at,webtoon_id) values (?,?,?,?)
Hibernate: insert into webtoon_publishing_day (created_at,publishing_day_id,updated_at,webtoon_id) values (?,?,?,?)
걔의 질투
2024-03-29T17:51:04.476+09:00 DEBUG 2896 --- [    Test worker] org.hibernate.SQL                        : insert into webtoon (created_at,description,no_youth,publication_status,thumbnail,title,updated_at) values (?,?,?,?,?,?,?)
Hibernate: insert into webtoon (created_at,description,no_youth,publication_status,thumbnail,title,updated_at) values (?,?,?,?,?,?,?)
2024-03-29T17:51:04.485+09:00 DEBUG 2896 --- [    Test worker] org.hibernate.SQL                        : select pd1_0.publishing_day_id,pd1_0.created_at,pd1_0.day,pd1_0.updated_at from publishing_day pd1_0 where pd1_0.day=?
Hibernate: select pd1_0.publishing_day_id,pd1_0.created_at,pd1_0.day,pd1_0.updated_at from publishing_day pd1_0 where pd1_0.day=?
2024-03-29T17:51:04.489+09:00 DEBUG 2896 --- [    Test worker] org.hibernate.SQL                        : insert into webtoon_publishing_day (created_at,publishing_day_id,updated_at,webtoon_id) values (?,?,?,?)
Hibernate: insert into webtoon_publishing_day (created_at,publishing_day_id,updated_at,webtoon_id) values (?,?,?,?)
후덜덜덜 남극전자
2024-03-29T17:51:04.499+09:00 DEBUG 2896 --- [    Test worker] org.hibernate.SQL                        : insert into webtoon (created_at,description,no_youth,publication_status,thumbnail,title,updated_at) values (?,?,?,?,?,?,?)
Hibernate: insert into webtoon (created_at,description,no_youth,publication_status,thumbnail,title,updated_at) values (?,?,?,?,?,?,?)
2024-03-29T17:51:04.510+09:00 DEBUG 2896 --- [    Test worker] org.hibernate.SQL                        : select pd1_0.publishing_day_id,pd1_0.created_at,pd1_0.day,pd1_0.updated_at from publishing_day pd1_0 where pd1_0.day=?
Hibernate: select pd1_0.publishing_day_id,pd1_0.created_at,pd1_0.day,pd1_0.updated_at from publishing_day pd1_0 where pd1_0.day=?
2024-03-29T17:51:04.514+09:00 DEBUG 2896 --- [    Test worker] org.hibernate.SQL                        : insert into webtoon_publishing_day (created_at,publishing_day_id,updated_at,webtoon_id) values (?,?,?,?)
Hibernate: insert into webtoon_publishing_day (created_at,publishing_day_id,updated_at,webtoon_id) values (?,?,?,?)
센스제로
2024-03-29T17:51:04.525+09:00 DEBUG 2896 --- [    Test worker] org.hibernate.SQL                        : insert into webtoon (created_at,description,no_youth,publication_status,thumbnail,title,updated_at) values (?,?,?,?,?,?,?)
Hibernate: insert into webtoon (created_at,description,no_youth,publication_status,thumbnail,title,updated_at) values (?,?,?,?,?,?,?)
2024-03-29T17:51:04.538+09:00 DEBUG 2896 --- [    Test worker] org.hibernate.SQL                        : select pd1_0.publishing_day_id,pd1_0.created_at,pd1_0.day,pd1_0.updated_at from publishing_day pd1_0 where pd1_0.day=?
Hibernate: select pd1_0.publishing_day_id,pd1_0.created_at,pd1_0.day,pd1_0.updated_at from publishing_day pd1_0 where pd1_0.day=?
2024-03-29T17:51:04.543+09:00 DEBUG 2896 --- [    Test worker] org.hibernate.SQL                        : insert into webtoon_publishing_day (created_at,publishing_day_id,updated_at,webtoon_id) values (?,?,?,?)
Hibernate: insert into webtoon_publishing_day (created_at,publishing_day_id,updated_at,webtoon_id) values (?,?,?,?)
여름의 너에게
2024-03-29T17:51:04.553+09:00 DEBUG 2896 --- [    Test worker] org.hibernate.SQL                        : insert into webtoon (created_at,description,no_youth,publication_status,thumbnail,title,updated_at) values (?,?,?,?,?,?,?)
Hibernate: insert into webtoon (created_at,description,no_youth,publication_status,thumbnail,title,updated_at) values (?,?,?,?,?,?,?)
2024-03-29T17:51:04.565+09:00 DEBUG 2896 --- [    Test worker] org.hibernate.SQL                        : select pd1_0.publishing_day_id,pd1_0.created_at,pd1_0.day,pd1_0.updated_at from publishing_day pd1_0 where pd1_0.day=?
Hibernate: select pd1_0.publishing_day_id,pd1_0.created_at,pd1_0.day,pd1_0.updated_at from publishing_day pd1_0 where pd1_0.day=?
2024-03-29T17:51:04.569+09:00 DEBUG 2896 --- [    Test worker] org.hibernate.SQL                        : insert into webtoon_publishing_day (created_at,publishing_day_id,updated_at,webtoon_id) values (?,?,?,?)
Hibernate: insert into webtoon_publishing_day (created_at,publishing_day_id,updated_at,webtoon_id) values (?,?,?,?)
평화식당
2024-03-29T17:51:04.579+09:00 DEBUG 2896 --- [    Test worker] org.hibernate.SQL                        : insert into webtoon (created_at,description,no_youth,publication_status,thumbnail,title,updated_at) values (?,?,?,?,?,?,?)
Hibernate: insert into webtoon (created_at,description,no_youth,publication_status,thumbnail,title,updated_at) values (?,?,?,?,?,?,?)
2024-03-29T17:51:04.591+09:00 DEBUG 2896 --- [    Test worker] org.hibernate.SQL                        : select pd1_0.publishing_day_id,pd1_0.created_at,pd1_0.day,pd1_0.updated_at from publishing_day pd1_0 where pd1_0.day=?
Hibernate: select pd1_0.publishing_day_id,pd1_0.created_at,pd1_0.day,pd1_0.updated_at from publishing_day pd1_0 where pd1_0.day=?
2024-03-29T17:51:04.597+09:00 DEBUG 2896 --- [    Test worker] org.hibernate.SQL                        : insert into webtoon_publishing_day (created_at,publishing_day_id,updated_at,webtoon_id) values (?,?,?,?)
Hibernate: insert into webtoon_publishing_day (created_at,publishing_day_id,updated_at,webtoon_id) values (?,?,?,?)
사냥개의 회귀본능
2024-03-29T17:51:04.606+09:00 DEBUG 2896 --- [    Test worker] org.hibernate.SQL                        : insert into webtoon (created_at,description,no_youth,publication_status,thumbnail,title,updated_at) values (?,?,?,?,?,?,?)
Hibernate: insert into webtoon (created_at,description,no_youth,publication_status,thumbnail,title,updated_at) values (?,?,?,?,?,?,?)
2024-03-29T17:51:04.616+09:00 DEBUG 2896 --- [    Test worker] org.hibernate.SQL                        : select pd1_0.publishing_day_id,pd1_0.created_at,pd1_0.day,pd1_0.updated_at from publishing_day pd1_0 where pd1_0.day=?
Hibernate: select pd1_0.publishing_day_id,pd1_0.created_at,pd1_0.day,pd1_0.updated_at from publishing_day pd1_0 where pd1_0.day=?
2024-03-29T17:51:04.620+09:00 DEBUG 2896 --- [    Test worker] org.hibernate.SQL                        : insert into webtoon_publishing_day (created_at,publishing_day_id,updated_at,webtoon_id) values (?,?,?,?)
Hibernate: insert into webtoon_publishing_day (created_at,publishing_day_id,updated_at,webtoon_id) values (?,?,?,?)
몽홀
2024-03-29T17:51:04.629+09:00 DEBUG 2896 --- [    Test worker] org.hibernate.SQL                        : insert into webtoon (created_at,description,no_youth,publication_status,thumbnail,title,updated_at) values (?,?,?,?,?,?,?)
Hibernate: insert into webtoon (created_at,description,no_youth,publication_status,thumbnail,title,updated_at) values (?,?,?,?,?,?,?)
2024-03-29T17:51:04.637+09:00 DEBUG 2896 --- [    Test worker] org.hibernate.SQL                        : select pd1_0.publishing_day_id,pd1_0.created_at,pd1_0.day,pd1_0.updated_at from publishing_day pd1_0 where pd1_0.day=?
Hibernate: select pd1_0.publishing_day_id,pd1_0.created_at,pd1_0.day,pd1_0.updated_at from publishing_day pd1_0 where pd1_0.day=?
2024-03-29T17:51:04.641+09:00 DEBUG 2896 --- [    Test worker] org.hibernate.SQL                        : insert into webtoon_publishing_day (created_at,publishing_day_id,updated_at,webtoon_id) values (?,?,?,?)
Hibernate: insert into webtoon_publishing_day (created_at,publishing_day_id,updated_at,webtoon_id) values (?,?,?,?)
악마라고 불러다오
2024-03-29T17:51:04.649+09:00 DEBUG 2896 --- [    Test worker] org.hibernate.SQL                        : insert into webtoon (created_at,description,no_youth,publication_status,thumbnail,title,updated_at) values (?,?,?,?,?,?,?)
Hibernate: insert into webtoon (created_at,description,no_youth,publication_status,thumbnail,title,updated_at) values (?,?,?,?,?,?,?)
2024-03-29T17:51:04.658+09:00 DEBUG 2896 --- [    Test worker] org.hibernate.SQL                        : select pd1_0.publishing_day_id,pd1_0.created_at,pd1_0.day,pd1_0.updated_at from publishing_day pd1_0 where pd1_0.day=?
Hibernate: select pd1_0.publishing_day_id,pd1_0.created_at,pd1_0.day,pd1_0.updated_at from publishing_day pd1_0 where pd1_0.day=?
2024-03-29T17:51:04.663+09:00 DEBUG 2896 --- [    Test worker] org.hibernate.SQL                        : insert into webtoon_publishing_day (created_at,publishing_day_id,updated_at,webtoon_id) values (?,?,?,?)
Hibernate: insert into webtoon_publishing_day (created_at,publishing_day_id,updated_at,webtoon_id) values (?,?,?,?)
천재 배우의 아우라Aura
2024-03-29T17:51:04.672+09:00 DEBUG 2896 --- [    Test worker] org.hibernate.SQL                        : insert into webtoon (created_at,description,no_youth,publication_status,thumbnail,title,updated_at) values (?,?,?,?,?,?,?)
Hibernate: insert into webtoon (created_at,description,no_youth,publication_status,thumbnail,title,updated_at) values (?,?,?,?,?,?,?)
2024-03-29T17:51:04.681+09:00 DEBUG 2896 --- [    Test worker] org.hibernate.SQL                        : select pd1_0.publishing_day_id,pd1_0.created_at,pd1_0.day,pd1_0.updated_at from publishing_day pd1_0 where pd1_0.day=?
Hibernate: select pd1_0.publishing_day_id,pd1_0.created_at,pd1_0.day,pd1_0.updated_at from publishing_day pd1_0 where pd1_0.day=?
2024-03-29T17:51:04.685+09:00 DEBUG 2896 --- [    Test worker] org.hibernate.SQL                        : insert into webtoon_publishing_day (created_at,publishing_day_id,updated_at,webtoon_id) values (?,?,?,?)
Hibernate: insert into webtoon_publishing_day (created_at,publishing_day_id,updated_at,webtoon_id) values (?,?,?,?)
룸9
2024-03-29T17:51:04.693+09:00 DEBUG 2896 --- [    Test worker] org.hibernate.SQL                        : insert into webtoon (created_at,description,no_youth,publication_status,thumbnail,title,updated_at) values (?,?,?,?,?,?,?)
Hibernate: insert into webtoon (created_at,description,no_youth,publication_status,thumbnail,title,updated_at) values (?,?,?,?,?,?,?)
2024-03-29T17:51:04.703+09:00 DEBUG 2896 --- [    Test worker] org.hibernate.SQL                        : select pd1_0.publishing_day_id,pd1_0.created_at,pd1_0.day,pd1_0.updated_at from publishing_day pd1_0 where pd1_0.day=?
Hibernate: select pd1_0.publishing_day_id,pd1_0.created_at,pd1_0.day,pd1_0.updated_at from publishing_day pd1_0 where pd1_0.day=?
2024-03-29T17:51:04.707+09:00 DEBUG 2896 --- [    Test worker] org.hibernate.SQL                        : insert into webtoon_publishing_day (created_at,publishing_day_id,updated_at,webtoon_id) values (?,?,?,?)
Hibernate: insert into webtoon_publishing_day (created_at,publishing_day_id,updated_at,webtoon_id) values (?,?,?,?)
신컨의 원 코인 클리어
2024-03-29T17:51:04.717+09:00 DEBUG 2896 --- [    Test worker] org.hibernate.SQL                        : insert into webtoon (created_at,description,no_youth,publication_status,thumbnail,title,updated_at) values (?,?,?,?,?,?,?)
Hibernate: insert into webtoon (created_at,description,no_youth,publication_status,thumbnail,title,updated_at) values (?,?,?,?,?,?,?)
2024-03-29T17:51:04.728+09:00 DEBUG 2896 --- [    Test worker] org.hibernate.SQL                        : select pd1_0.publishing_day_id,pd1_0.created_at,pd1_0.day,pd1_0.updated_at from publishing_day pd1_0 where pd1_0.day=?
Hibernate: select pd1_0.publishing_day_id,pd1_0.created_at,pd1_0.day,pd1_0.updated_at from publishing_day pd1_0 where pd1_0.day=?
2024-03-29T17:51:04.733+09:00 DEBUG 2896 --- [    Test worker] org.hibernate.SQL                        : insert into webtoon_publishing_day (created_at,publishing_day_id,updated_at,webtoon_id) values (?,?,?,?)
Hibernate: insert into webtoon_publishing_day (created_at,publishing_day_id,updated_at,webtoon_id) values (?,?,?,?)
달이 없는 나라
2024-03-29T17:51:04.743+09:00 DEBUG 2896 --- [    Test worker] org.hibernate.SQL                        : insert into webtoon (created_at,description,no_youth,publication_status,thumbnail,title,updated_at) values (?,?,?,?,?,?,?)
Hibernate: insert into webtoon (created_at,description,no_youth,publication_status,thumbnail,title,updated_at) values (?,?,?,?,?,?,?)
2024-03-29T17:51:04.755+09:00 DEBUG 2896 --- [    Test worker] org.hibernate.SQL                        : select pd1_0.publishing_day_id,pd1_0.created_at,pd1_0.day,pd1_0.updated_at from publishing_day pd1_0 where pd1_0.day=?
Hibernate: select pd1_0.publishing_day_id,pd1_0.created_at,pd1_0.day,pd1_0.updated_at from publishing_day pd1_0 where pd1_0.day=?
2024-03-29T17:51:04.760+09:00 DEBUG 2896 --- [    Test worker] org.hibernate.SQL                        : insert into webtoon_publishing_day (created_at,publishing_day_id,updated_at,webtoon_id) values (?,?,?,?)
Hibernate: insert into webtoon_publishing_day (created_at,publishing_day_id,updated_at,webtoon_id) values (?,?,?,?)
3분의 1이 없어도
2024-03-29T17:51:04.770+09:00 DEBUG 2896 --- [    Test worker] org.hibernate.SQL                        : insert into webtoon (created_at,description,no_youth,publication_status,thumbnail,title,updated_at) values (?,?,?,?,?,?,?)
Hibernate: insert into webtoon (created_at,description,no_youth,publication_status,thumbnail,title,updated_at) values (?,?,?,?,?,?,?)
2024-03-29T17:51:04.781+09:00 DEBUG 2896 --- [    Test worker] org.hibernate.SQL                        : select pd1_0.publishing_day_id,pd1_0.created_at,pd1_0.day,pd1_0.updated_at from publishing_day pd1_0 where pd1_0.day=?
Hibernate: select pd1_0.publishing_day_id,pd1_0.created_at,pd1_0.day,pd1_0.updated_at from publishing_day pd1_0 where pd1_0.day=?
2024-03-29T17:51:04.787+09:00 DEBUG 2896 --- [    Test worker] org.hibernate.SQL                        : insert into webtoon_publishing_day (created_at,publishing_day_id,updated_at,webtoon_id) values (?,?,?,?)
Hibernate: insert into webtoon_publishing_day (created_at,publishing_day_id,updated_at,webtoon_id) values (?,?,?,?)
솔트앤페퍼
[...]
Hibernate: insert into webtoon (created_at,description,no_youth,publication_status,thumbnail,title,updated_at) values (?,?,?,?,?,?,?)
2024-03-29T17:51:16.048+09:00 DEBUG 2896 --- [    Test worker] org.hibernate.SQL                        : select pd1_0.publishing_day_id,pd1_0.created_at,pd1_0.day,pd1_0.updated_at from publishing_day pd1_0 where pd1_0.day=?
Hibernate: select pd1_0.publishing_day_id,pd1_0.created_at,pd1_0.day,pd1_0.updated_at from publishing_day pd1_0 where pd1_0.day=?
2024-03-29T17:51:16.051+09:00 DEBUG 2896 --- [    Test worker] org.hibernate.SQL                        : insert into webtoon_publishing_day (created_at,publishing_day_id,updated_at,webtoon_id) values (?,?,?,?)
Hibernate: insert into webtoon_publishing_day (created_at,publishing_day_id,updated_at,webtoon_id) values (?,?,?,?)
착한 여자 안선해
2024-03-29T17:51:16.057+09:00 DEBUG 2896 --- [    Test worker] org.hibernate.SQL                        : insert into webtoon (created_at,description,no_youth,publication_status,thumbnail,title,updated_at) values (?,?,?,?,?,?,?)
Hibernate: insert into webtoon (created_at,description,no_youth,publication_status,thumbnail,title,updated_at) values (?,?,?,?,?,?,?)
2024-03-29T17:51:16.064+09:00 DEBUG 2896 --- [    Test worker] org.hibernate.SQL                        : select pd1_0.publishing_day_id,pd1_0.created_at,pd1_0.day,pd1_0.updated_at from publishing_day pd1_0 where pd1_0.day=?
Hibernate: select pd1_0.publishing_day_id,pd1_0.created_at,pd1_0.day,pd1_0.updated_at from publishing_day pd1_0 where pd1_0.day=?
2024-03-29T17:51:16.066+09:00 DEBUG 2896 --- [    Test worker] org.hibernate.SQL                        : insert into webtoon_publishing_day (created_at,publishing_day_id,updated_at,webtoon_id) values (?,?,?,?)
Hibernate: insert into webtoon_publishing_day (created_at,publishing_day_id,updated_at,webtoon_id) values (?,?,?,?)
제로게임
2024-03-29T17:51:16.072+09:00 DEBUG 2896 --- [    Test worker] org.hibernate.SQL                        : insert into webtoon (created_at,description,no_youth,publication_status,thumbnail,title,updated_at) values (?,?,?,?,?,?,?)
Hibernate: insert into webtoon (created_at,description,no_youth,publication_status,thumbnail,title,updated_at) values (?,?,?,?,?,?,?)
2024-03-29T17:51:16.078+09:00 DEBUG 2896 --- [    Test worker] org.hibernate.SQL                        : select pd1_0.publishing_day_id,pd1_0.created_at,pd1_0.day,pd1_0.updated_at from publishing_day pd1_0 where pd1_0.day=?
Hibernate: select pd1_0.publishing_day_id,pd1_0.created_at,pd1_0.day,pd1_0.updated_at from publishing_day pd1_0 where pd1_0.day=?
2024-03-29T17:51:16.081+09:00 DEBUG 2896 --- [    Test worker] org.hibernate.SQL                        : insert into webtoon_publishing_day (created_at,publishing_day_id,updated_at,webtoon_id) values (?,?,?,?)
Hibernate: insert into webtoon_publishing_day (created_at,publishing_day_id,updated_at,webtoon_id) values (?,?,?,?)
주인님을 잡아먹는 방법
2024-03-29T17:51:16.088+09:00 DEBUG 2896 --- [    Test worker] org.hibernate.SQL                        : insert into webtoon (created_at,description,no_youth,publication_status,thumbnail,title,updated_at) values (?,?,?,?,?,?,?)
Hibernate: insert into webtoon (created_at,description,no_youth,publication_status,thumbnail,title,updated_at) values (?,?,?,?,?,?,?)
2024-03-29T17:51:16.093+09:00 DEBUG 2896 --- [    Test worker] org.hibernate.SQL                        : select pd1_0.publishing_day_id,pd1_0.created_at,pd1_0.day,pd1_0.updated_at from publishing_day pd1_0 where pd1_0.day=?
Hibernate: select pd1_0.publishing_day_id,pd1_0.created_at,pd1_0.day,pd1_0.updated_at from publishing_day pd1_0 where pd1_0.day=?
2024-03-29T17:51:16.095+09:00 DEBUG 2896 --- [    Test worker] org.hibernate.SQL                        : insert into webtoon_publishing_day (created_at,publishing_day_id,updated_at,webtoon_id) values (?,?,?,?)
Hibernate: insert into webtoon_publishing_day (created_at,publishing_day_id,updated_at,webtoon_id) values (?,?,?,?)
붉은 이정표
2024-03-29T17:51:16.102+09:00 DEBUG 2896 --- [    Test worker] org.hibernate.SQL                        : insert into webtoon (created_at,description,no_youth,publication_status,thumbnail,title,updated_at) values (?,?,?,?,?,?,?)
Hibernate: insert into webtoon (created_at,description,no_youth,publication_status,thumbnail,title,updated_at) values (?,?,?,?,?,?,?)
2024-03-29T17:51:16.109+09:00 DEBUG 2896 --- [    Test worker] org.hibernate.SQL                        : select pd1_0.publishing_day_id,pd1_0.created_at,pd1_0.day,pd1_0.updated_at from publishing_day pd1_0 where pd1_0.day=?
Hibernate: select pd1_0.publishing_day_id,pd1_0.created_at,pd1_0.day,pd1_0.updated_at from publishing_day pd1_0 where pd1_0.day=?
2024-03-29T17:51:16.112+09:00 DEBUG 2896 --- [    Test worker] org.hibernate.SQL                        : insert into webtoon_publishing_day (created_at,publishing_day_id,updated_at,webtoon_id) values (?,?,?,?)
Hibernate: insert into webtoon_publishing_day (created_at,publishing_day_id,updated_at,webtoon_id) values (?,?,?,?)
우투리: THE LEGACY
2024-03-29T17:51:16.119+09:00 DEBUG 2896 --- [    Test worker] org.hibernate.SQL                        : insert into webtoon (created_at,description,no_youth,publication_status,thumbnail,title,updated_at) values (?,?,?,?,?,?,?)
Hibernate: insert into webtoon (created_at,description,no_youth,publication_status,thumbnail,title,updated_at) values (?,?,?,?,?,?,?)
2024-03-29T17:51:16.126+09:00 DEBUG 2896 --- [    Test worker] org.hibernate.SQL                        : select pd1_0.publishing_day_id,pd1_0.created_at,pd1_0.day,pd1_0.updated_at from publishing_day pd1_0 where pd1_0.day=?
Hibernate: select pd1_0.publishing_day_id,pd1_0.created_at,pd1_0.day,pd1_0.updated_at from publishing_day pd1_0 where pd1_0.day=?
2024-03-29T17:51:16.129+09:00 DEBUG 2896 --- [    Test worker] org.hibernate.SQL                        : insert into webtoon_publishing_day (created_at,publishing_day_id,updated_at,webtoon_id) values (?,?,?,?)
Hibernate: insert into webtoon_publishing_day (created_at,publishing_day_id,updated_at,webtoon_id) values (?,?,?,?)
렌탈히어로
2024-03-29T17:51:16.136+09:00 DEBUG 2896 --- [    Test worker] org.hibernate.SQL                        : insert into webtoon (created_at,description,no_youth,publication_status,thumbnail,title,updated_at) values (?,?,?,?,?,?,?)
Hibernate: insert into webtoon (created_at,description,no_youth,publication_status,thumbnail,title,updated_at) values (?,?,?,?,?,?,?)
2024-03-29T17:51:16.144+09:00 DEBUG 2896 --- [    Test worker] org.hibernate.SQL                        : select pd1_0.publishing_day_id,pd1_0.created_at,pd1_0.day,pd1_0.updated_at from publishing_day pd1_0 where pd1_0.day=?
Hibernate: select pd1_0.publishing_day_id,pd1_0.created_at,pd1_0.day,pd1_0.updated_at from publishing_day pd1_0 where pd1_0.day=?
2024-03-29T17:51:16.147+09:00 DEBUG 2896 --- [    Test worker] org.hibernate.SQL                        : insert into webtoon_publishing_day (created_at,publishing_day_id,updated_at,webtoon_id) values (?,?,?,?)
Hibernate: insert into webtoon_publishing_day (created_at,publishing_day_id,updated_at,webtoon_id) values (?,?,?,?)
필리아로제 - 가시왕관의 예언
2024-03-29T17:51:16.153+09:00 DEBUG 2896 --- [    Test worker] org.hibernate.SQL                        : insert into webtoon (created_at,description,no_youth,publication_status,thumbnail,title,updated_at) values (?,?,?,?,?,?,?)
Hibernate: insert into webtoon (created_at,description,no_youth,publication_status,thumbnail,title,updated_at) values (?,?,?,?,?,?,?)
2024-03-29T17:51:16.161+09:00 DEBUG 2896 --- [    Test worker] org.hibernate.SQL                        : select pd1_0.publishing_day_id,pd1_0.created_at,pd1_0.day,pd1_0.updated_at from publishing_day pd1_0 where pd1_0.day=?
Hibernate: select pd1_0.publishing_day_id,pd1_0.created_at,pd1_0.day,pd1_0.updated_at from publishing_day pd1_0 where pd1_0.day=?
2024-03-29T17:51:16.163+09:00 DEBUG 2896 --- [    Test worker] org.hibernate.SQL                        : insert into webtoon_publishing_day (created_at,publishing_day_id,updated_at,webtoon_id) values (?,?,?,?)
Hibernate: insert into webtoon_publishing_day (created_at,publishing_day_id,updated_at,webtoon_id) values (?,?,?,?)
윗집 그 남자
2024-03-29T17:51:16.170+09:00 DEBUG 2896 --- [    Test worker] org.hibernate.SQL                        : insert into webtoon (created_at,description,no_youth,publication_status,thumbnail,title,updated_at) values (?,?,?,?,?,?,?)
Hibernate: insert into webtoon (created_at,description,no_youth,publication_status,thumbnail,title,updated_at) values (?,?,?,?,?,?,?)
2024-03-29T17:51:16.178+09:00 DEBUG 2896 --- [    Test worker] org.hibernate.SQL                        : select pd1_0.publishing_day_id,pd1_0.created_at,pd1_0.day,pd1_0.updated_at from publishing_day pd1_0 where pd1_0.day=?
Hibernate: select pd1_0.publishing_day_id,pd1_0.created_at,pd1_0.day,pd1_0.updated_at from publishing_day pd1_0 where pd1_0.day=?
2024-03-29T17:51:16.181+09:00 DEBUG 2896 --- [    Test worker] org.hibernate.SQL                        : insert into webtoon_publishing_day (created_at,publishing_day_id,updated_at,webtoon_id) values (?,?,?,?)
Hibernate: insert into webtoon_publishing_day (created_at,publishing_day_id,updated_at,webtoon_id) values (?,?,?,?)
원포인트
2024-03-29T17:51:16.187+09:00 DEBUG 2896 --- [    Test worker] org.hibernate.SQL                        : insert into webtoon (created_at,description,no_youth,publication_status,thumbnail,title,updated_at) values (?,?,?,?,?,?,?)
Hibernate: insert into webtoon (created_at,description,no_youth,publication_status,thumbnail,title,updated_at) values (?,?,?,?,?,?,?)
2024-03-29T17:51:16.194+09:00 DEBUG 2896 --- [    Test worker] org.hibernate.SQL                        : select pd1_0.publishing_day_id,pd1_0.created_at,pd1_0.day,pd1_0.updated_at from publishing_day pd1_0 where pd1_0.day=?
Hibernate: select pd1_0.publishing_day_id,pd1_0.created_at,pd1_0.day,pd1_0.updated_at from publishing_day pd1_0 where pd1_0.day=?
2024-03-29T17:51:16.197+09:00 DEBUG 2896 --- [    Test worker] org.hibernate.SQL                        : insert into webtoon_publishing_day (created_at,publishing_day_id,updated_at,webtoon_id) values (?,?,?,?)
Hibernate: insert into webtoon_publishing_day (created_at,publishing_day_id,updated_at,webtoon_id) values (?,?,?,?)
시한부 황후의 나쁜 짓
2024-03-29T17:51:16.205+09:00 DEBUG 2896 --- [    Test worker] org.hibernate.SQL                        : insert into webtoon (created_at,description,no_youth,publication_status,thumbnail,title,updated_at) values (?,?,?,?,?,?,?)
Hibernate: insert into webtoon (created_at,description,no_youth,publication_status,thumbnail,title,updated_at) values (?,?,?,?,?,?,?)
2024-03-29T17:51:16.214+09:00 DEBUG 2896 --- [    Test worker] org.hibernate.SQL                        : select pd1_0.publishing_day_id,pd1_0.created_at,pd1_0.day,pd1_0.updated_at from publishing_day pd1_0 where pd1_0.day=?
Hibernate: select pd1_0.publishing_day_id,pd1_0.created_at,pd1_0.day,pd1_0.updated_at from publishing_day pd1_0 where pd1_0.day=?
2024-03-29T17:51:16.218+09:00 DEBUG 2896 --- [    Test worker] org.hibernate.SQL                        : insert into webtoon_publishing_day (created_at,publishing_day_id,updated_at,webtoon_id) values (?,?,?,?)
Hibernate: insert into webtoon_publishing_day (created_at,publishing_day_id,updated_at,webtoon_id) values (?,?,?,?)
동경과 거짓말
2024-03-29T17:51:16.227+09:00 DEBUG 2896 --- [    Test worker] org.hibernate.SQL                        : insert into webtoon (created_at,description,no_youth,publication_status,thumbnail,title,updated_at) values (?,?,?,?,?,?,?)
Hibernate: insert into webtoon (created_at,description,no_youth,publication_status,thumbnail,title,updated_at) values (?,?,?,?,?,?,?)
2024-03-29T17:51:16.235+09:00 DEBUG 2896 --- [    Test worker] org.hibernate.SQL                        : select pd1_0.publishing_day_id,pd1_0.created_at,pd1_0.day,pd1_0.updated_at from publishing_day pd1_0 where pd1_0.day=?
Hibernate: select pd1_0.publishing_day_id,pd1_0.created_at,pd1_0.day,pd1_0.updated_at from publishing_day pd1_0 where pd1_0.day=?
2024-03-29T17:51:16.239+09:00 DEBUG 2896 --- [    Test worker] org.hibernate.SQL                        : insert into webtoon_publishing_day (created_at,publishing_day_id,updated_at,webtoon_id) values (?,?,?,?)
Hibernate: insert into webtoon_publishing_day (created_at,publishing_day_id,updated_at,webtoon_id) values (?,?,?,?)
자매의 사생활
2024-03-29T17:51:16.246+09:00 DEBUG 2896 --- [    Test worker] org.hibernate.SQL                        : insert into webtoon (created_at,description,no_youth,publication_status,thumbnail,title,updated_at) values (?,?,?,?,?,?,?)
Hibernate: insert into webtoon (created_at,description,no_youth,publication_status,thumbnail,title,updated_at) values (?,?,?,?,?,?,?)
2024-03-29T17:51:16.253+09:00 DEBUG 2896 --- [    Test worker] org.hibernate.SQL                        : select pd1_0.publishing_day_id,pd1_0.created_at,pd1_0.day,pd1_0.updated_at from publishing_day pd1_0 where pd1_0.day=?
Hibernate: select pd1_0.publishing_day_id,pd1_0.created_at,pd1_0.day,pd1_0.updated_at from publishing_day pd1_0 where pd1_0.day=?
2024-03-29T17:51:16.255+09:00 DEBUG 2896 --- [    Test worker] org.hibernate.SQL                        : insert into webtoon_publishing_day (created_at,publishing_day_id,updated_at,webtoon_id) values (?,?,?,?)
Hibernate: insert into webtoon_publishing_day (created_at,publishing_day_id,updated_at,webtoon_id) values (?,?,?,?)
돌격! 용마치킨
2024-03-29T17:51:16.261+09:00 DEBUG 2896 --- [    Test worker] org.hibernate.SQL                        : insert into webtoon (created_at,description,no_youth,publication_status,thumbnail,title,updated_at) values (?,?,?,?,?,?,?)
Hibernate: insert into webtoon (created_at,description,no_youth,publication_status,thumbnail,title,updated_at) values (?,?,?,?,?,?,?)
2024-03-29T17:51:16.267+09:00 DEBUG 2896 --- [    Test worker] org.hibernate.SQL                        : select pd1_0.publishing_day_id,pd1_0.created_at,pd1_0.day,pd1_0.updated_at from publishing_day pd1_0 where pd1_0.day=?
Hibernate: select pd1_0.publishing_day_id,pd1_0.created_at,pd1_0.day,pd1_0.updated_at from publishing_day pd1_0 where pd1_0.day=?
2024-03-29T17:51:16.271+09:00 DEBUG 2896 --- [    Test worker] org.hibernate.SQL                        : insert into webtoon_publishing_day (created_at,publishing_day_id,updated_at,webtoon_id) values (?,?,?,?)
Hibernate: insert into webtoon_publishing_day (created_at,publishing_day_id,updated_at,webtoon_id) values (?,?,?,?)
죽었던 너와 다시 시작하기
2024-03-29T17:51:16.277+09:00 DEBUG 2896 --- [    Test worker] org.hibernate.SQL                        : insert into webtoon (created_at,description,no_youth,publication_status,thumbnail,title,updated_at) values (?,?,?,?,?,?,?)
Hibernate: insert into webtoon (created_at,description,no_youth,publication_status,thumbnail,title,updated_at) values (?,?,?,?,?,?,?)
2024-03-29T17:51:16.284+09:00 DEBUG 2896 --- [    Test worker] org.hibernate.SQL                        : select pd1_0.publishing_day_id,pd1_0.created_at,pd1_0.day,pd1_0.updated_at from publishing_day pd1_0 where pd1_0.day=?
Hibernate: select pd1_0.publishing_day_id,pd1_0.created_at,pd1_0.day,pd1_0.updated_at from publishing_day pd1_0 where pd1_0.day=?
2024-03-29T17:51:16.286+09:00 DEBUG 2896 --- [    Test worker] org.hibernate.SQL                        : insert into webtoon_publishing_day (created_at,publishing_day_id,updated_at,webtoon_id) values (?,?,?,?)
Hibernate: insert into webtoon_publishing_day (created_at,publishing_day_id,updated_at,webtoon_id) values (?,?,?,?)
그 남학생에게 고백하지 마십시오
2024-03-29T17:51:16.291+09:00 DEBUG 2896 --- [    Test worker] org.hibernate.SQL                        : insert into webtoon (created_at,description,no_youth,publication_status,thumbnail,title,updated_at) values (?,?,?,?,?,?,?)
Hibernate: insert into webtoon (created_at,description,no_youth,publication_status,thumbnail,title,updated_at) values (?,?,?,?,?,?,?)
2024-03-29T17:51:16.298+09:00 DEBUG 2896 --- [    Test worker] org.hibernate.SQL                        : select pd1_0.publishing_day_id,pd1_0.created_at,pd1_0.day,pd1_0.updated_at from publishing_day pd1_0 where pd1_0.day=?
Hibernate: select pd1_0.publishing_day_id,pd1_0.created_at,pd1_0.day,pd1_0.updated_at from publishing_day pd1_0 where pd1_0.day=?
2024-03-29T17:51:16.300+09:00 DEBUG 2896 --- [    Test worker] org.hibernate.SQL                        : insert into webtoon_publishing_day (created_at,publishing_day_id,updated_at,webtoon_id) values (?,?,?,?)
Hibernate: insert into webtoon_publishing_day (created_at,publishing_day_id,updated_at,webtoon_id) values (?,?,?,?)
왕자님 짠내밥상
2024-03-29T17:51:16.307+09:00 DEBUG 2896 --- [    Test worker] org.hibernate.SQL                        : insert into webtoon (created_at,description,no_youth,publication_status,thumbnail,title,updated_at) values (?,?,?,?,?,?,?)
Hibernate: insert into webtoon (created_at,description,no_youth,publication_status,thumbnail,title,updated_at) values (?,?,?,?,?,?,?)
2024-03-29T17:51:16.312+09:00 DEBUG 2896 --- [    Test worker] org.hibernate.SQL                        : select pd1_0.publishing_day_id,pd1_0.created_at,pd1_0.day,pd1_0.updated_at from publishing_day pd1_0 where pd1_0.day=?
Hibernate: select pd1_0.publishing_day_id,pd1_0.created_at,pd1_0.day,pd1_0.updated_at from publishing_day pd1_0 where pd1_0.day=?
2024-03-29T17:51:16.314+09:00 DEBUG 2896 --- [    Test worker] org.hibernate.SQL                        : insert into webtoon_publishing_day (created_at,publishing_day_id,updated_at,webtoon_id) values (?,?,?,?)
Hibernate: insert into webtoon_publishing_day (created_at,publishing_day_id,updated_at,webtoon_id) values (?,?,?,?)
"아
2024-03-29T17:51:16.321+09:00 DEBUG 2896 --- [    Test worker] org.hibernate.SQL                        : insert into webtoon (created_at,description,no_youth,publication_status,thumbnail,title,updated_at) values (?,?,?,?,?,?,?)
Hibernate: insert into webtoon (created_at,description,no_youth,publication_status,thumbnail,title,updated_at) values (?,?,?,?,?,?,?)
2024-03-29T17:51:16.328+09:00 DEBUG 2896 --- [    Test worker] org.hibernate.SQL                        : select pd1_0.publishing_day_id,pd1_0.created_at,pd1_0.day,pd1_0.updated_at from publishing_day pd1_0 where pd1_0.day=?
Hibernate: select pd1_0.publishing_day_id,pd1_0.created_at,pd1_0.day,pd1_0.updated_at from publishing_day pd1_0 where pd1_0.day=?
2024-03-29T17:51:16.330+09:00 DEBUG 2896 --- [    Test worker] org.hibernate.SQL                        : insert into webtoon_publishing_day (created_at,publishing_day_id,updated_at,webtoon_id) values (?,?,?,?)
Hibernate: insert into webtoon_publishing_day (created_at,publishing_day_id,updated_at,webtoon_id) values (?,?,?,?)
대리게임
2024-03-29T17:51:16.337+09:00 DEBUG 2896 --- [    Test worker] org.hibernate.SQL                        : insert into webtoon (created_at,description,no_youth,publication_status,thumbnail,title,updated_at) values (?,?,?,?,?,?,?)
Hibernate: insert into webtoon (created_at,description,no_youth,publication_status,thumbnail,title,updated_at) values (?,?,?,?,?,?,?)
2024-03-29T17:51:16.344+09:00 DEBUG 2896 --- [    Test worker] org.hibernate.SQL                        : select pd1_0.publishing_day_id,pd1_0.created_at,pd1_0.day,pd1_0.updated_at from publishing_day pd1_0 where pd1_0.day=?
Hibernate: select pd1_0.publishing_day_id,pd1_0.created_at,pd1_0.day,pd1_0.updated_at from publishing_day pd1_0 where pd1_0.day=?
2024-03-29T17:51:16.348+09:00 DEBUG 2896 --- [    Test worker] org.hibernate.SQL                        : insert into webtoon_publishing_day (created_at,publishing_day_id,updated_at,webtoon_id) values (?,?,?,?)
Hibernate: insert into webtoon_publishing_day (created_at,publishing_day_id,updated_at,webtoon_id) values (?,?,?,?)
]]></system-out>
  <system-err><![CDATA[]]></system-err>
</testsuite>
