<?xml version="1.0" encoding="UTF-8"?>
<testsuite name="com.naver.generator.CommentGeneratorTest" tests="1" skipped="0" failures="0" errors="0" timestamp="2024-03-28T23:45:46" hostname="7층PC167" time="0.516">
  <properties/>
  <testcase name="saveRecommentEmotion()" classname="com.naver.generator.CommentGeneratorTest" time="0.516"/>
  <system-out><![CDATA[08:45:42.739 [Test worker] INFO org.springframework.test.context.support.AnnotationConfigContextLoaderUtils -- Could not detect default configuration classes for test class [com.naver.generator.CommentGeneratorTest]: CommentGeneratorTest does not declare any static, non-private, non-final, nested classes annotated with @Configuration.
08:45:42.831 [Test worker] INFO org.springframework.boot.test.context.SpringBootTestContextBootstrapper -- Found @SpringBootConfiguration com.naver.WebtoonApplication for test class com.naver.generator.CommentGeneratorTest

  .   ____          _            __ _ _
 /\\ / ___'_ __ _ _(_)_ __  __ _ \ \ \ \
( ( )\___ | '_ | '_| | '_ \/ _` | \ \ \ \
 \\/  ___)| |_)| | | | | || (_| |  ) ) ) )
  '  |____| .__|_| |_|_| |_\__, | / / / /
 =========|_|==============|___/=/_/_/_/
 :: Spring Boot ::                (v3.2.4)

2024-03-29T08:45:43.179+09:00  INFO 16920 --- [    Test worker] c.naver.generator.CommentGeneratorTest   : Starting CommentGeneratorTest using Java 17.0.10 with PID 16920 (started by SSAFY in C:\bjm\query-tuning)
2024-03-29T08:45:43.180+09:00  INFO 16920 --- [    Test worker] c.naver.generator.CommentGeneratorTest   : No active profile set, falling back to 1 default profile: "default"
2024-03-29T08:45:43.695+09:00  INFO 16920 --- [    Test worker] .s.d.r.c.RepositoryConfigurationDelegate : Bootstrapping Spring Data JPA repositories in DEFAULT mode.
2024-03-29T08:45:43.749+09:00  INFO 16920 --- [    Test worker] .s.d.r.c.RepositoryConfigurationDelegate : Finished Spring Data repository scanning in 44 ms. Found 5 JPA repository interfaces.
2024-03-29T08:45:44.087+09:00  INFO 16920 --- [    Test worker] o.hibernate.jpa.internal.util.LogHelper  : HHH000204: Processing PersistenceUnitInfo [name: default]
2024-03-29T08:45:44.134+09:00  INFO 16920 --- [    Test worker] org.hibernate.Version                    : HHH000412: Hibernate ORM core version 6.4.4.Final
2024-03-29T08:45:44.163+09:00  INFO 16920 --- [    Test worker] o.h.c.internal.RegionFactoryInitiator    : HHH000026: Second-level cache disabled
2024-03-29T08:45:44.359+09:00  INFO 16920 --- [    Test worker] o.s.o.j.p.SpringPersistenceUnitInfo      : No LoadTimeWeaver setup: ignoring JPA class transformer
2024-03-29T08:45:44.388+09:00  INFO 16920 --- [    Test worker] com.zaxxer.hikari.HikariDataSource       : HikariPool-1 - Starting...
2024-03-29T08:45:44.606+09:00  INFO 16920 --- [    Test worker] com.zaxxer.hikari.pool.HikariPool        : HikariPool-1 - Added connection com.mysql.cj.jdbc.ConnectionImpl@2df71be0
2024-03-29T08:45:44.608+09:00  INFO 16920 --- [    Test worker] com.zaxxer.hikari.HikariDataSource       : HikariPool-1 - Start completed.
2024-03-29T08:45:44.649+09:00  WARN 16920 --- [    Test worker] org.hibernate.orm.deprecation            : HHH90000025: MySQLDialect does not need to be specified explicitly using 'hibernate.dialect' (remove the property setting and it will be selected by default)
2024-03-29T08:45:45.290+09:00  INFO 16920 --- [    Test worker] o.h.m.i.EntityInstantiatorPojoStandard   : HHH000182: No default (no-argument) constructor for class: com.naver.entity.CommentEmotion (class must be instantiated by Interceptor)
2024-03-29T08:45:45.308+09:00  INFO 16920 --- [    Test worker] o.h.m.i.EntityInstantiatorPojoStandard   : HHH000182: No default (no-argument) constructor for class: com.naver.entity.RecommentEmotion (class must be instantiated by Interceptor)
2024-03-29T08:45:45.445+09:00  INFO 16920 --- [    Test worker] o.h.e.t.j.p.i.JtaPlatformInitiator       : HHH000489: No JTA platform available (set 'hibernate.transaction.jta.platform' to enable JTA platform integration)
2024-03-29T08:45:45.577+09:00  INFO 16920 --- [    Test worker] j.LocalContainerEntityManagerFactoryBean : Initialized JPA EntityManagerFactory for persistence unit 'default'
2024-03-29T08:45:45.796+09:00  INFO 16920 --- [    Test worker] o.s.d.j.r.query.QueryEnhancerFactory     : Hibernate is in classpath; If applicable, HQL parser will be used.
2024-03-29T08:45:46.256+09:00  WARN 16920 --- [    Test worker] JpaBaseConfiguration$JpaWebConfiguration : spring.jpa.open-in-view is enabled by default. Therefore, database queries may be performed during view rendering. Explicitly configure spring.jpa.open-in-view to disable this warning
2024-03-29T08:45:46.527+09:00  INFO 16920 --- [    Test worker] c.naver.generator.CommentGeneratorTest   : Started CommentGeneratorTest in 3.554 seconds (process running for 4.472)
2024-03-29T08:45:46.933+09:00 DEBUG 16920 --- [    Test worker] org.hibernate.SQL                        : select r1_0.recomment_id,r1_0.comment_id,r1_0.content,r1_0.created_at,r1_0.member_id,r1_0.updated_at from recomment r1_0 where r1_0.recomment_id=?
Hibernate: select r1_0.recomment_id,r1_0.comment_id,r1_0.content,r1_0.created_at,r1_0.member_id,r1_0.updated_at from recomment r1_0 where r1_0.recomment_id=?
2024-03-29T08:45:46.999+09:00 DEBUG 16920 --- [    Test worker] org.hibernate.SQL                        : select count(ce1_0.comment_emotion_id) from comment_emotion ce1_0 where ce1_0.comment_id=?
Hibernate: select count(ce1_0.comment_emotion_id) from comment_emotion ce1_0 where ce1_0.comment_id=?
2024-03-29T08:45:47.010+09:00 DEBUG 16920 --- [    Test worker] org.hibernate.SQL                        : select m1_0.member_id,m1_0.age,m1_0.created_at,m1_0.login_id,m1_0.nickname,m1_0.password,m1_0.updated_at from member m1_0
Hibernate: select m1_0.member_id,m1_0.age,m1_0.created_at,m1_0.login_id,m1_0.nickname,m1_0.password,m1_0.updated_at from member m1_0
2024-03-29T08:45:47.028+09:00 DEBUG 16920 --- [    Test worker] org.hibernate.SQL                        : insert into recomment_emotion (created_at,emotion_status,member_id,recomment_id,updated_at) values (?,?,?,?,?)
Hibernate: insert into recomment_emotion (created_at,emotion_status,member_id,recomment_id,updated_at) values (?,?,?,?,?)
2024-03-29T08:45:47.047+09:00 DEBUG 16920 --- [    Test worker] org.hibernate.SQL                        : insert into recomment_emotion (created_at,emotion_status,member_id,recomment_id,updated_at) values (?,?,?,?,?)
Hibernate: insert into recomment_emotion (created_at,emotion_status,member_id,recomment_id,updated_at) values (?,?,?,?,?)
]]></system-out>
  <system-err><![CDATA[]]></system-err>
</testsuite>
